[
  {
    "type": "type_checking",
    "tool": "typescript",
    "exitCode": 0,
    "errorCount": 0,
    "warningCount": 0,
    "errors": [],
    "warnings": [],
    "stdout": "",
    "stderr": ""
  },
  {
    "type": "linting",
    "tool": "eslint",
    "exitCode": 0,
    "errorCount": 0,
    "warningCount": 312,
    "errors": [],
    "warnings": [
      "/Users/michaelkelly/Projects/hodge/src/commands/ship.ts: line 241, col 10, Warning - Complete the task associated to this \"TODO\" comment. (sonarjs/todo-tag)",
      "/Users/michaelkelly/Projects/hodge/src/lib/context-manager.smoke.test.ts: line 18, col 3, Warning - Unsafe call of an `any` typed value. (@typescript-eslint/no-unsafe-call)",
      "/Users/michaelkelly/Projects/hodge/src/lib/context-manager.smoke.test.ts: line 18, col 3, Warning - Unsafe call of an `any` typed value. (@typescript-eslint/no-unsafe-call)",
      "/Users/michaelkelly/Projects/hodge/src/lib/context-manager.smoke.test.ts: line 18, col 26, Warning - Unsafe member access .toBeDefined on an `any` value. (@typescript-eslint/no-unsafe-member-access)",
      "/Users/michaelkelly/Projects/hodge/src/lib/context-manager.smoke.test.ts: line 28, col 3, Warning - Unsafe call of an `any` typed value. (@typescript-eslint/no-unsafe-call)",
      "/Users/michaelkelly/Projects/hodge/src/lib/context-manager.smoke.test.ts: line 28, col 3, Warning - Unsafe call of an `any` typed value. (@typescript-eslint/no-unsafe-call)",
      "/Users/michaelkelly/Projects/hodge/src/lib/context-manager.smoke.test.ts: line 28, col 24, Warning - Unsafe member access .toBeDefined on an `any` value. (@typescript-eslint/no-unsafe-member-access)",
      "/Users/michaelkelly/Projects/hodge/src/lib/context-manager.smoke.test.ts: line 29, col 3, Warning - Unsafe call of an `any` typed value. (@typescript-eslint/no-unsafe-call)",
      "/Users/michaelkelly/Projects/hodge/src/lib/context-manager.smoke.test.ts: line 29, col 3, Warning - Unsafe call of an `any` typed value. (@typescript-eslint/no-unsafe-call)",
      "/Users/michaelkelly/Projects/hodge/src/lib/context-manager.smoke.test.ts: line 29, col 39, Warning - Unsafe member access .toBe on an `any` value. (@typescript-eslint/no-unsafe-member-access)",
      "/Users/michaelkelly/Projects/hodge/src/lib/context-manager.smoke.test.ts: line 39, col 3, Warning - Unsafe call of an `any` typed value. (@typescript-eslint/no-unsafe-call)",
      "/Users/michaelkelly/Projects/hodge/src/lib/context-manager.smoke.test.ts: line 39, col 3, Warning - Unsafe call of an `any` typed value. (@typescript-eslint/no-unsafe-call)",
      "/Users/michaelkelly/Projects/hodge/src/lib/context-manager.smoke.test.ts: line 39, col 25, Warning - Unsafe member access .toBeDefined on an `any` value. (@typescript-eslint/no-unsafe-member-access)",
      "/Users/michaelkelly/Projects/hodge/src/lib/context-manager.smoke.test.ts: line 40, col 3, Warning - Unsafe call of an `any` typed value. (@typescript-eslint/no-unsafe-call)",
      "/Users/michaelkelly/Projects/hodge/src/lib/context-manager.smoke.test.ts: line 40, col 3, Warning - Unsafe call of an `any` typed value. (@typescript-eslint/no-unsafe-call)",
      "/Users/michaelkelly/Projects/hodge/src/lib/context-manager.smoke.test.ts: line 40, col 40, Warning - Unsafe member access .toBe on an `any` value. (@typescript-eslint/no-unsafe-member-access)",
      "/Users/michaelkelly/Projects/hodge/src/lib/context-manager.smoke.test.ts: line 50, col 3, Warning - Unsafe call of an `any` typed value. (@typescript-eslint/no-unsafe-call)",
      "/Users/michaelkelly/Projects/hodge/src/lib/context-manager.smoke.test.ts: line 50, col 3, Warning - Unsafe call of an `any` typed value. (@typescript-eslint/no-unsafe-call)",
      "/Users/michaelkelly/Projects/hodge/src/lib/context-manager.smoke.test.ts: line 50, col 23, Warning - Unsafe member access .toBeDefined on an `any` value. (@typescript-eslint/no-unsafe-member-access)",
      "/Users/michaelkelly/Projects/hodge/src/lib/context-manager.smoke.test.ts: line 51, col 3, Warning - Unsafe call of an `any` typed value. (@typescript-eslint/no-unsafe-call)",
      "/Users/michaelkelly/Projects/hodge/src/lib/context-manager.smoke.test.ts: line 51, col 3, Warning - Unsafe call of an `any` typed value. (@typescript-eslint/no-unsafe-call)",
      "/Users/michaelkelly/Projects/hodge/src/lib/context-manager.smoke.test.ts: line 51, col 38, Warning - Unsafe member access .toBe on an `any` value. (@typescript-eslint/no-unsafe-member-access)",
      "/Users/michaelkelly/Projects/hodge/src/lib/context-manager.smoke.test.ts: line 67, col 3, Warning - Unsafe call of an `any` typed value. (@typescript-eslint/no-unsafe-call)",
      "/Users/michaelkelly/Projects/hodge/src/lib/context-manager.smoke.test.ts: line 67, col 3, Warning - Unsafe call of an `any` typed value. (@typescript-eslint/no-unsafe-call)",
      "/Users/michaelkelly/Projects/hodge/src/lib/context-manager.smoke.test.ts: line 67, col 23, Warning - Unsafe member access .toBeDefined on an `any` value. (@typescript-eslint/no-unsafe-member-access)",
      "/Users/michaelkelly/Projects/hodge/src/lib/context-manager.smoke.test.ts: line 68, col 3, Warning - Unsafe call of an `any` typed value. (@typescript-eslint/no-unsafe-call)",
      "/Users/michaelkelly/Projects/hodge/src/lib/context-manager.smoke.test.ts: line 68, col 3, Warning - Unsafe call of an `any` typed value. (@typescript-eslint/no-unsafe-call)",
      "/Users/michaelkelly/Projects/hodge/src/lib/context-manager.smoke.test.ts: line 68, col 23, Warning - Unsafe member access .toContain on an `any` value. (@typescript-eslint/no-unsafe-member-access)",
      "/Users/michaelkelly/Projects/hodge/src/lib/context-manager.smoke.test.ts: line 90, col 3, Warning - Unsafe call of an `any` typed value. (@typescript-eslint/no-unsafe-call)",
      "/Users/michaelkelly/Projects/hodge/src/lib/context-manager.smoke.test.ts: line 90, col 3, Warning - Unsafe call of an `any` typed value. (@typescript-eslint/no-unsafe-call)",
      "/Users/michaelkelly/Projects/hodge/src/lib/context-manager.smoke.test.ts: line 90, col 28, Warning - Unsafe member access .toBe on an `any` value. (@typescript-eslint/no-unsafe-member-access)",
      "/Users/michaelkelly/Projects/hodge/src/lib/context-manager.smoke.test.ts: line 91, col 3, Warning - Unsafe call of an `any` typed value. (@typescript-eslint/no-unsafe-call)",
      "/Users/michaelkelly/Projects/hodge/src/lib/context-manager.smoke.test.ts: line 91, col 3, Warning - Unsafe call of an `any` typed value. (@typescript-eslint/no-unsafe-call)",
      "/Users/michaelkelly/Projects/hodge/src/lib/context-manager.smoke.test.ts: line 91, col 28, Warning - Unsafe member access .toBe on an `any` value. (@typescript-eslint/no-unsafe-member-access)",
      "/Users/michaelkelly/Projects/hodge/test/pm-integration.smoke.test.ts: line 19, col 1, Warning - Unsafe call of an `any` typed value. (@typescript-eslint/no-unsafe-call)",
      "/Users/michaelkelly/Projects/hodge/test/pm-integration.smoke.test.ts: line 20, col 9, Warning - Unsafe assignment of an `any` value. (@typescript-eslint/no-unsafe-assignment)",
      "/Users/michaelkelly/Projects/hodge/test/pm-integration.smoke.test.ts: line 20, col 19, Warning - Unsafe construction of an any type value. (@typescript-eslint/no-unsafe-call)",
      "/Users/michaelkelly/Projects/hodge/test/pm-integration.smoke.test.ts: line 21, col 9, Warning - Unsafe assignment of an `any` value. (@typescript-eslint/no-unsafe-assignment)",
      "/Users/michaelkelly/Projects/hodge/test/pm-integration.smoke.test.ts: line 21, col 25, Warning - Unsafe call of an `any` typed value. (@typescript-eslint/no-unsafe-call)",
      "/Users/michaelkelly/Projects/hodge/test/pm-integration.smoke.test.ts: line 21, col 33, Warning - Unsafe member access .setup on an `any` value. (@typescript-eslint/no-unsafe-member-access)",
      "/Users/michaelkelly/Projects/hodge/test/pm-integration.smoke.test.ts: line 23, col 9, Warning - Unsafe assignment of an `any` value. (@typescript-eslint/no-unsafe-assignment)",
      "/Users/michaelkelly/Projects/hodge/test/pm-integration.smoke.test.ts: line 23, col 19, Warning - Unsafe construction of an any type value. (@typescript-eslint/no-unsafe-call)",
      "/Users/michaelkelly/Projects/hodge/test/pm-integration.smoke.test.ts: line 24, col 3, Warning - Unsafe call of an `any` typed value. (@typescript-eslint/no-unsafe-call)",
      "/Users/michaelkelly/Projects/hodge/test/pm-integration.smoke.test.ts: line 24, col 3, Warning - Unsafe call of an `any` typed value. (@typescript-eslint/no-unsafe-call)",
      "/Users/michaelkelly/Projects/hodge/test/pm-integration.smoke.test.ts: line 24, col 18, Warning - Unsafe member access .createPMIssue on an `any` value. (@typescript-eslint/no-unsafe-member-access)",
      "/Users/michaelkelly/Projects/hodge/test/pm-integration.smoke.test.ts: line 24, col 33, Warning - Unsafe member access .toBeDefined on an `any` value. (@typescript-eslint/no-unsafe-member-access)",
      "/Users/michaelkelly/Projects/hodge/test/pm-integration.smoke.test.ts: line 25, col 3, Warning - Unsafe call of an `any` typed value. (@typescript-eslint/no-unsafe-call)",
      "/Users/michaelkelly/Projects/hodge/test/pm-integration.smoke.test.ts: line 25, col 3, Warning - Unsafe call of an `any` typed value. (@typescript-eslint/no-unsafe-call)",
      "/Users/michaelkelly/Projects/hodge/test/pm-integration.smoke.test.ts: line 25, col 25, Warning - Unsafe member access .createPMIssue on an `any` value. (@typescript-eslint/no-unsafe-member-access)",
      "/Users/michaelkelly/Projects/hodge/test/pm-integration.smoke.test.ts: line 25, col 40, Warning - Unsafe member access .toBe on an `any` value. (@typescript-eslint/no-unsafe-member-access)",
      "/Users/michaelkelly/Projects/hodge/test/pm-integration.smoke.test.ts: line 27, col 9, Warning - Unsafe call of an `any` typed value. (@typescript-eslint/no-unsafe-call)",
      "/Users/michaelkelly/Projects/hodge/test/pm-integration.smoke.test.ts: line 27, col 17, Warning - Unsafe member access .cleanup on an `any` value. (@typescript-eslint/no-unsafe-member-access)",
      "/Users/michaelkelly/Projects/hodge/test/pm-integration.smoke.test.ts: line 30, col 1, Warning - Unsafe call of an `any` typed value. (@typescript-eslint/no-unsafe-call)",
      "/Users/michaelkelly/Projects/hodge/test/pm-integration.smoke.test.ts: line 31, col 9, Warning - Unsafe assignment of an `any` value. (@typescript-eslint/no-unsafe-assignment)",
      "/Users/michaelkelly/Projects/hodge/test/pm-integration.smoke.test.ts: line 31, col 19, Warning - Unsafe construction of an any type value. (@typescript-eslint/no-unsafe-call)",
      "/Users/michaelkelly/Projects/hodge/test/pm-integration.smoke.test.ts: line 32, col 9, Warning - Unsafe assignment of an `any` value. (@typescript-eslint/no-unsafe-assignment)",
      "/Users/michaelkelly/Projects/hodge/test/pm-integration.smoke.test.ts: line 32, col 25, Warning - Unsafe call of an `any` typed value. (@typescript-eslint/no-unsafe-call)",
      "/Users/michaelkelly/Projects/hodge/test/pm-integration.smoke.test.ts: line 32, col 33, Warning - Unsafe member access .setup on an `any` value. (@typescript-eslint/no-unsafe-member-access)",
      "/Users/michaelkelly/Projects/hodge/test/pm-integration.smoke.test.ts: line 34, col 9, Warning - Unsafe assignment of an `any` value. (@typescript-eslint/no-unsafe-assignment)",
      "/Users/michaelkelly/Projects/hodge/test/pm-integration.smoke.test.ts: line 34, col 19, Warning - Unsafe construction of an any type value. (@typescript-eslint/no-unsafe-call)",
      "/Users/michaelkelly/Projects/hodge/test/pm-integration.smoke.test.ts: line 35, col 3, Warning - Unsafe call of an `any` typed value. (@typescript-eslint/no-unsafe-call)",
      "/Users/michaelkelly/Projects/hodge/test/pm-integration.smoke.test.ts: line 35, col 3, Warning - Unsafe call of an `any` typed value. (@typescript-eslint/no-unsafe-call)",
      "/Users/michaelkelly/Projects/hodge/test/pm-integration.smoke.test.ts: line 35, col 18, Warning - Unsafe member access .processQueue on an `any` value. (@typescript-eslint/no-unsafe-member-access)",
      "/Users/michaelkelly/Projects/hodge/test/pm-integration.smoke.test.ts: line 35, col 32, Warning - Unsafe member access .toBeDefined on an `any` value. (@typescript-eslint/no-unsafe-member-access)",
      "/Users/michaelkelly/Projects/hodge/test/pm-integration.smoke.test.ts: line 36, col 3, Warning - Unsafe call of an `any` typed value. (@typescript-eslint/no-unsafe-call)",
      "/Users/michaelkelly/Projects/hodge/test/pm-integration.smoke.test.ts: line 36, col 3, Warning - Unsafe call of an `any` typed value. (@typescript-eslint/no-unsafe-call)",
      "/Users/michaelkelly/Projects/hodge/test/pm-integration.smoke.test.ts: line 36, col 25, Warning - Unsafe member access .processQueue on an `any` value. (@typescript-eslint/no-unsafe-member-access)",
      "/Users/michaelkelly/Projects/hodge/test/pm-integration.smoke.test.ts: line 36, col 39, Warning - Unsafe member access .toBe on an `any` value. (@typescript-eslint/no-unsafe-member-access)",
      "/Users/michaelkelly/Projects/hodge/test/pm-integration.smoke.test.ts: line 38, col 9, Warning - Unsafe call of an `any` typed value. (@typescript-eslint/no-unsafe-call)",
      "/Users/michaelkelly/Projects/hodge/test/pm-integration.smoke.test.ts: line 38, col 17, Warning - Unsafe member access .cleanup on an `any` value. (@typescript-eslint/no-unsafe-member-access)",
      "/Users/michaelkelly/Projects/hodge/test/pm-integration.smoke.test.ts: line 41, col 1, Warning - Unsafe call of an `any` typed value. (@typescript-eslint/no-unsafe-call)",
      "/Users/michaelkelly/Projects/hodge/test/pm-integration.smoke.test.ts: line 42, col 9, Warning - Unsafe assignment of an `any` value. (@typescript-eslint/no-unsafe-assignment)",
      "/Users/michaelkelly/Projects/hodge/test/pm-integration.smoke.test.ts: line 42, col 19, Warning - Unsafe construction of an any type value. (@typescript-eslint/no-unsafe-call)",
      "/Users/michaelkelly/Projects/hodge/test/pm-integration.smoke.test.ts: line 43, col 9, Warning - Unsafe assignment of an `any` value. (@typescript-eslint/no-unsafe-assignment)",
      "/Users/michaelkelly/Projects/hodge/test/pm-integration.smoke.test.ts: line 43, col 25, Warning - Unsafe call of an `any` typed value. (@typescript-eslint/no-unsafe-call)",
      "/Users/michaelkelly/Projects/hodge/test/pm-integration.smoke.test.ts: line 43, col 33, Warning - Unsafe member access .setup on an `any` value. (@typescript-eslint/no-unsafe-member-access)",
      "/Users/michaelkelly/Projects/hodge/test/pm-integration.smoke.test.ts: line 45, col 9, Warning - Unsafe assignment of an `any` value. (@typescript-eslint/no-unsafe-assignment)",
      "/Users/michaelkelly/Projects/hodge/test/pm-integration.smoke.test.ts: line 45, col 25, Warning - Unsafe construction of an any type value. (@typescript-eslint/no-unsafe-call)",
      "/Users/michaelkelly/Projects/hodge/test/pm-integration.smoke.test.ts: line 46, col 3, Warning - Unsafe call of an `any` typed value. (@typescript-eslint/no-unsafe-call)",
      "/Users/michaelkelly/Projects/hodge/test/pm-integration.smoke.test.ts: line 46, col 3, Warning - Unsafe call of an `any` typed value. (@typescript-eslint/no-unsafe-call)",
      "/Users/michaelkelly/Projects/hodge/test/pm-integration.smoke.test.ts: line 46, col 25, Warning - Unsafe member access .toBeDefined on an `any` value. (@typescript-eslint/no-unsafe-member-access)",
      "/Users/michaelkelly/Projects/hodge/test/pm-integration.smoke.test.ts: line 47, col 3, Warning - Unsafe call of an `any` typed value. (@typescript-eslint/no-unsafe-call)",
      "/Users/michaelkelly/Projects/hodge/test/pm-integration.smoke.test.ts: line 47, col 3, Warning - Unsafe call of an `any` typed value. (@typescript-eslint/no-unsafe-call)",
      "/Users/michaelkelly/Projects/hodge/test/pm-integration.smoke.test.ts: line 47, col 31, Warning - Unsafe member access .execute on an `any` value. (@typescript-eslint/no-unsafe-member-access)",
      "/Users/michaelkelly/Projects/hodge/test/pm-integration.smoke.test.ts: line 47, col 40, Warning - Unsafe member access .toBe on an `any` value. (@typescript-eslint/no-unsafe-member-access)",
      "/Users/michaelkelly/Projects/hodge/test/pm-integration.smoke.test.ts: line 49, col 9, Warning - Unsafe call of an `any` typed value. (@typescript-eslint/no-unsafe-call)",
      "/Users/michaelkelly/Projects/hodge/test/pm-integration.smoke.test.ts: line 49, col 17, Warning - Unsafe member access .cleanup on an `any` value. (@typescript-eslint/no-unsafe-member-access)",
      "/Users/michaelkelly/Projects/hodge/test/pm-integration.smoke.test.ts: line 52, col 1, Warning - Unsafe call of an `any` typed value. (@typescript-eslint/no-unsafe-call)",
      "/Users/michaelkelly/Projects/hodge/test/pm-integration.smoke.test.ts: line 53, col 9, Warning - Unsafe assignment of an `any` value. (@typescript-eslint/no-unsafe-assignment)",
      "/Users/michaelkelly/Projects/hodge/test/pm-integration.smoke.test.ts: line 54, col 9, Warning - Unsafe assignment of an `any` value. (@typescript-eslint/no-unsafe-assignment)",
      "/Users/michaelkelly/Projects/hodge/test/pm-integration.smoke.test.ts: line 54, col 19, Warning - Unsafe construction of an any type value. (@typescript-eslint/no-unsafe-call)",
      "/Users/michaelkelly/Projects/hodge/test/pm-integration.smoke.test.ts: line 55, col 9, Warning - Unsafe assignment of an `any` value. (@typescript-eslint/no-unsafe-assignment)",
      "/Users/michaelkelly/Projects/hodge/test/pm-integration.smoke.test.ts: line 55, col 25, Warning - Unsafe call of an `any` typed value. (@typescript-eslint/no-unsafe-call)",
      "/Users/michaelkelly/Projects/hodge/test/pm-integration.smoke.test.ts: line 55, col 33, Warning - Unsafe member access .setup on an `any` value. (@typescript-eslint/no-unsafe-member-access)",
      "/Users/michaelkelly/Projects/hodge/test/pm-integration.smoke.test.ts: line 57, col 9, Warning - Unsafe assignment of an `any` value. (@typescript-eslint/no-unsafe-assignment)",
      "/Users/michaelkelly/Projects/hodge/test/pm-integration.smoke.test.ts: line 57, col 23, Warning - Unsafe construction of an any type value. (@typescript-eslint/no-unsafe-call)",
      "/Users/michaelkelly/Projects/hodge/test/pm-integration.smoke.test.ts: line 58, col 3, Warning - Unsafe call of an `any` typed value. (@typescript-eslint/no-unsafe-call)",
      "/Users/michaelkelly/Projects/hodge/test/pm-integration.smoke.test.ts: line 58, col 3, Warning - Unsafe call of an `any` typed value. (@typescript-eslint/no-unsafe-call)",
      "/Users/michaelkelly/Projects/hodge/test/pm-integration.smoke.test.ts: line 58, col 23, Warning - Unsafe member access .toBeDefined on an `any` value. (@typescript-eslint/no-unsafe-member-access)",
      "/Users/michaelkelly/Projects/hodge/test/pm-integration.smoke.test.ts: line 59, col 3, Warning - Unsafe call of an `any` typed value. (@typescript-eslint/no-unsafe-call)",
      "/Users/michaelkelly/Projects/hodge/test/pm-integration.smoke.test.ts: line 59, col 3, Warning - Unsafe call of an `any` typed value. (@typescript-eslint/no-unsafe-call)",
      "/Users/michaelkelly/Projects/hodge/test/pm-integration.smoke.test.ts: line 59, col 29, Warning - Unsafe member access .execute on an `any` value. (@typescript-eslint/no-unsafe-member-access)",
      "/Users/michaelkelly/Projects/hodge/test/pm-integration.smoke.test.ts: line 59, col 38, Warning - Unsafe member access .toBe on an `any` value. (@typescript-eslint/no-unsafe-member-access)",
      "/Users/michaelkelly/Projects/hodge/test/pm-integration.smoke.test.ts: line 61, col 9, Warning - Unsafe call of an `any` typed value. (@typescript-eslint/no-unsafe-call)",
      "/Users/michaelkelly/Projects/hodge/test/pm-integration.smoke.test.ts: line 61, col 17, Warning - Unsafe member access .cleanup on an `any` value. (@typescript-eslint/no-unsafe-member-access)",
      "/Users/michaelkelly/Projects/hodge/test/pm-integration.smoke.test.ts: line 64, col 1, Warning - Unsafe call of an `any` typed value. (@typescript-eslint/no-unsafe-call)",
      "/Users/michaelkelly/Projects/hodge/test/pm-integration.smoke.test.ts: line 65, col 9, Warning - Unsafe assignment of an `any` value. (@typescript-eslint/no-unsafe-assignment)",
      "/Users/michaelkelly/Projects/hodge/test/pm-integration.smoke.test.ts: line 65, col 19, Warning - Unsafe construction of an any type value. (@typescript-eslint/no-unsafe-call)",
      "/Users/michaelkelly/Projects/hodge/test/pm-integration.smoke.test.ts: line 66, col 9, Warning - Unsafe assignment of an `any` value. (@typescript-eslint/no-unsafe-assignment)",
      "/Users/michaelkelly/Projects/hodge/test/pm-integration.smoke.test.ts: line 66, col 25, Warning - Unsafe call of an `any` typed value. (@typescript-eslint/no-unsafe-call)",
      "/Users/michaelkelly/Projects/hodge/test/pm-integration.smoke.test.ts: line 66, col 33, Warning - Unsafe member access .setup on an `any` value. (@typescript-eslint/no-unsafe-member-access)",
      "/Users/michaelkelly/Projects/hodge/test/pm-integration.smoke.test.ts: line 68, col 9, Warning - Unsafe assignment of an `any` value. (@typescript-eslint/no-unsafe-assignment)",
      "/Users/michaelkelly/Projects/hodge/test/pm-integration.smoke.test.ts: line 68, col 21, Warning - Unsafe construction of an any type value. (@typescript-eslint/no-unsafe-call)",
      "/Users/michaelkelly/Projects/hodge/test/pm-integration.smoke.test.ts: line 71, col 3, Warning - Unsafe call of an `any` typed value. (@typescript-eslint/no-unsafe-call)",
      "/Users/michaelkelly/Projects/hodge/test/pm-integration.smoke.test.ts: line 71, col 3, Warning - Unsafe call of an `any` typed value. (@typescript-eslint/no-unsafe-call)",
      "/Users/michaelkelly/Projects/hodge/test/pm-integration.smoke.test.ts: line 71, col 20, Warning - Unsafe member access .createSubIssueID on an `any` value. (@typescript-eslint/no-unsafe-member-access)",
      "/Users/michaelkelly/Projects/hodge/test/pm-integration.smoke.test.ts: line 71, col 38, Warning - Unsafe member access .toBeDefined on an `any` value. (@typescript-eslint/no-unsafe-member-access)",
      "/Users/michaelkelly/Projects/hodge/test/pm-integration.smoke.test.ts: line 72, col 3, Warning - Unsafe call of an `any` typed value. (@typescript-eslint/no-unsafe-call)",
      "/Users/michaelkelly/Projects/hodge/test/pm-integration.smoke.test.ts: line 72, col 3, Warning - Unsafe call of an `any` typed value. (@typescript-eslint/no-unsafe-call)",
      "/Users/michaelkelly/Projects/hodge/test/pm-integration.smoke.test.ts: line 72, col 20, Warning - Unsafe member access .getSubIssues on an `any` value. (@typescript-eslint/no-unsafe-member-access)",
      "/Users/michaelkelly/Projects/hodge/test/pm-integration.smoke.test.ts: line 72, col 34, Warning - Unsafe member access .toBeDefined on an `any` value. (@typescript-eslint/no-unsafe-member-access)",
      "/Users/michaelkelly/Projects/hodge/test/pm-integration.smoke.test.ts: line 73, col 3, Warning - Unsafe call of an `any` typed value. (@typescript-eslint/no-unsafe-call)",
      "/Users/michaelkelly/Projects/hodge/test/pm-integration.smoke.test.ts: line 73, col 3, Warning - Unsafe call of an `any` typed value. (@typescript-eslint/no-unsafe-call)",
      "/Users/michaelkelly/Projects/hodge/test/pm-integration.smoke.test.ts: line 73, col 20, Warning - Unsafe member access .getParentEpic on an `any` value. (@typescript-eslint/no-unsafe-member-access)",
      "/Users/michaelkelly/Projects/hodge/test/pm-integration.smoke.test.ts: line 73, col 35, Warning - Unsafe member access .toBeDefined on an `any` value. (@typescript-eslint/no-unsafe-member-access)",
      "/Users/michaelkelly/Projects/hodge/test/pm-integration.smoke.test.ts: line 74, col 3, Warning - Unsafe call of an `any` typed value. (@typescript-eslint/no-unsafe-call)",
      "/Users/michaelkelly/Projects/hodge/test/pm-integration.smoke.test.ts: line 74, col 3, Warning - Unsafe call of an `any` typed value. (@typescript-eslint/no-unsafe-call)",
      "/Users/michaelkelly/Projects/hodge/test/pm-integration.smoke.test.ts: line 74, col 20, Warning - Unsafe member access .isEpic on an `any` value. (@typescript-eslint/no-unsafe-member-access)",
      "/Users/michaelkelly/Projects/hodge/test/pm-integration.smoke.test.ts: line 74, col 28, Warning - Unsafe member access .toBeDefined on an `any` value. (@typescript-eslint/no-unsafe-member-access)",
      "/Users/michaelkelly/Projects/hodge/test/pm-integration.smoke.test.ts: line 77, col 9, Warning - Unsafe call of an `any` typed value. (@typescript-eslint/no-unsafe-call)",
      "/Users/michaelkelly/Projects/hodge/test/pm-integration.smoke.test.ts: line 77, col 17, Warning - Unsafe member access .cleanup on an `any` value. (@typescript-eslint/no-unsafe-member-access)",
      "/Users/michaelkelly/Projects/hodge/test/pm-integration.smoke.test.ts: line 80, col 1, Warning - Unsafe call of an `any` typed value. (@typescript-eslint/no-unsafe-call)",
      "/Users/michaelkelly/Projects/hodge/test/pm-integration.smoke.test.ts: line 81, col 9, Warning - Unsafe assignment of an `any` value. (@typescript-eslint/no-unsafe-assignment)",
      "/Users/michaelkelly/Projects/hodge/test/pm-integration.smoke.test.ts: line 81, col 19, Warning - Unsafe construction of an any type value. (@typescript-eslint/no-unsafe-call)",
      "/Users/michaelkelly/Projects/hodge/test/pm-integration.smoke.test.ts: line 82, col 9, Warning - Unsafe assignment of an `any` value. (@typescript-eslint/no-unsafe-assignment)",
      "/Users/michaelkelly/Projects/hodge/test/pm-integration.smoke.test.ts: line 82, col 25, Warning - Unsafe call of an `any` typed value. (@typescript-eslint/no-unsafe-call)",
      "/Users/michaelkelly/Projects/hodge/test/pm-integration.smoke.test.ts: line 82, col 33, Warning - Unsafe member access .setup on an `any` value. (@typescript-eslint/no-unsafe-member-access)",
      "/Users/michaelkelly/Projects/hodge/test/pm-integration.smoke.test.ts: line 84, col 9, Warning - Unsafe assignment of an `any` value. (@typescript-eslint/no-unsafe-assignment)",
      "/Users/michaelkelly/Projects/hodge/test/pm-integration.smoke.test.ts: line 84, col 21, Warning - Unsafe construction of an any type value. (@typescript-eslint/no-unsafe-call)",
      "/Users/michaelkelly/Projects/hodge/test/pm-integration.smoke.test.ts: line 87, col 9, Warning - Unsafe assignment of an `any` value. (@typescript-eslint/no-unsafe-assignment)",
      "/Users/michaelkelly/Projects/hodge/test/pm-integration.smoke.test.ts: line 87, col 24, Warning - Unsafe call of an `any` typed value. (@typescript-eslint/no-unsafe-call)",
      "/Users/michaelkelly/Projects/hodge/test/pm-integration.smoke.test.ts: line 87, col 34, Warning - Unsafe member access .createFeature on an `any` value. (@typescript-eslint/no-unsafe-member-access)",
      "/Users/michaelkelly/Projects/hodge/test/pm-integration.smoke.test.ts: line 88, col 9, Warning - Unsafe assignment of an `any` value. (@typescript-eslint/no-unsafe-assignment)",
      "/Users/michaelkelly/Projects/hodge/test/pm-integration.smoke.test.ts: line 88, col 27, Warning - Unsafe member access .localID on an `any` value. (@typescript-eslint/no-unsafe-member-access)",
      "/Users/michaelkelly/Projects/hodge/test/pm-integration.smoke.test.ts: line 89, col 3, Warning - Unsafe call of an `any` typed value. (@typescript-eslint/no-unsafe-call)",
      "/Users/michaelkelly/Projects/hodge/test/pm-integration.smoke.test.ts: line 89, col 3, Warning - Unsafe call of an `any` typed value. (@typescript-eslint/no-unsafe-call)",
      "/Users/michaelkelly/Projects/hodge/test/pm-integration.smoke.test.ts: line 89, col 20, Warning - Unsafe member access .toMatch on an `any` value. (@typescript-eslint/no-unsafe-member-access)",
      "/Users/michaelkelly/Projects/hodge/test/pm-integration.smoke.test.ts: line 92, col 9, Warning - Unsafe assignment of an `any` value. (@typescript-eslint/no-unsafe-assignment)",
      "/Users/michaelkelly/Projects/hodge/test/pm-integration.smoke.test.ts: line 92, col 24, Warning - Unsafe call of an `any` typed value. (@typescript-eslint/no-unsafe-call)",
      "/Users/michaelkelly/Projects/hodge/test/pm-integration.smoke.test.ts: line 92, col 34, Warning - Unsafe member access .createSubIssueID on an `any` value. (@typescript-eslint/no-unsafe-member-access)",
      "/Users/michaelkelly/Projects/hodge/test/pm-integration.smoke.test.ts: line 93, col 3, Warning - Unsafe call of an `any` typed value. (@typescript-eslint/no-unsafe-call)",
      "/Users/michaelkelly/Projects/hodge/test/pm-integration.smoke.test.ts: line 93, col 3, Warning - Unsafe call of an `any` typed value. (@typescript-eslint/no-unsafe-call)",
      "/Users/michaelkelly/Projects/hodge/test/pm-integration.smoke.test.ts: line 93, col 18, Warning - Unsafe member access .toBe on an `any` value. (@typescript-eslint/no-unsafe-member-access)",
      "/Users/michaelkelly/Projects/hodge/test/pm-integration.smoke.test.ts: line 95, col 9, Warning - Unsafe assignment of an `any` value. (@typescript-eslint/no-unsafe-assignment)",
      "/Users/michaelkelly/Projects/hodge/test/pm-integration.smoke.test.ts: line 95, col 24, Warning - Unsafe call of an `any` typed value. (@typescript-eslint/no-unsafe-call)",
      "/Users/michaelkelly/Projects/hodge/test/pm-integration.smoke.test.ts: line 95, col 34, Warning - Unsafe member access .createSubIssueID on an `any` value. (@typescript-eslint/no-unsafe-member-access)",
      "/Users/michaelkelly/Projects/hodge/test/pm-integration.smoke.test.ts: line 96, col 3, Warning - Unsafe call of an `any` typed value. (@typescript-eslint/no-unsafe-call)",
      "/Users/michaelkelly/Projects/hodge/test/pm-integration.smoke.test.ts: line 96, col 3, Warning - Unsafe call of an `any` typed value. (@typescript-eslint/no-unsafe-call)",
      "/Users/michaelkelly/Projects/hodge/test/pm-integration.smoke.test.ts: line 96, col 18, Warning - Unsafe member access .toBe on an `any` value. (@typescript-eslint/no-unsafe-member-access)",
      "/Users/michaelkelly/Projects/hodge/test/pm-integration.smoke.test.ts: line 99, col 9, Warning - Unsafe assignment of an `any` value. (@typescript-eslint/no-unsafe-assignment)",
      "/Users/michaelkelly/Projects/hodge/test/pm-integration.smoke.test.ts: line 99, col 24, Warning - Unsafe call of an `any` typed value. (@typescript-eslint/no-unsafe-call)",
      "/Users/michaelkelly/Projects/hodge/test/pm-integration.smoke.test.ts: line 99, col 34, Warning - Unsafe member access .isEpic on an `any` value. (@typescript-eslint/no-unsafe-member-access)",
      "/Users/michaelkelly/Projects/hodge/test/pm-integration.smoke.test.ts: line 100, col 3, Warning - Unsafe call of an `any` typed value. (@typescript-eslint/no-unsafe-call)",
      "/Users/michaelkelly/Projects/hodge/test/pm-integration.smoke.test.ts: line 100, col 3, Warning - Unsafe call of an `any` typed value. (@typescript-eslint/no-unsafe-call)",
      "/Users/michaelkelly/Projects/hodge/test/pm-integration.smoke.test.ts: line 100, col 18, Warning - Unsafe member access .toBe on an `any` value. (@typescript-eslint/no-unsafe-member-access)",
      "/Users/michaelkelly/Projects/hodge/test/pm-integration.smoke.test.ts: line 103, col 9, Warning - Unsafe call of an `any` typed value. (@typescript-eslint/no-unsafe-call)",
      "/Users/michaelkelly/Projects/hodge/test/pm-integration.smoke.test.ts: line 103, col 17, Warning - Unsafe member access .cleanup on an `any` value. (@typescript-eslint/no-unsafe-member-access)",
      "/Users/michaelkelly/Projects/hodge/test/pm-integration.smoke.test.ts: line 106, col 1, Warning - Unsafe call of an `any` typed value. (@typescript-eslint/no-unsafe-call)",
      "/Users/michaelkelly/Projects/hodge/test/pm-integration.smoke.test.ts: line 107, col 9, Warning - Unsafe assignment of an `any` value. (@typescript-eslint/no-unsafe-assignment)",
      "/Users/michaelkelly/Projects/hodge/test/pm-integration.smoke.test.ts: line 107, col 19, Warning - Unsafe construction of an any type value. (@typescript-eslint/no-unsafe-call)",
      "/Users/michaelkelly/Projects/hodge/test/pm-integration.smoke.test.ts: line 108, col 9, Warning - Unsafe assignment of an `any` value. (@typescript-eslint/no-unsafe-assignment)",
      "/Users/michaelkelly/Projects/hodge/test/pm-integration.smoke.test.ts: line 108, col 25, Warning - Unsafe call of an `any` typed value. (@typescript-eslint/no-unsafe-call)",
      "/Users/michaelkelly/Projects/hodge/test/pm-integration.smoke.test.ts: line 108, col 33, Warning - Unsafe member access .setup on an `any` value. (@typescript-eslint/no-unsafe-member-access)",
      "/Users/michaelkelly/Projects/hodge/test/pm-integration.smoke.test.ts: line 110, col 9, Warning - Unsafe assignment of an `any` value. (@typescript-eslint/no-unsafe-assignment)",
      "/Users/michaelkelly/Projects/hodge/test/pm-integration.smoke.test.ts: line 110, col 19, Warning - Unsafe construction of an any type value. (@typescript-eslint/no-unsafe-call)",
      "/Users/michaelkelly/Projects/hodge/test/pm-integration.smoke.test.ts: line 116, col 9, Warning - Unsafe assignment of an `any` value. (@typescript-eslint/no-unsafe-assignment)",
      "/Users/michaelkelly/Projects/hodge/test/pm-integration.smoke.test.ts: line 116, col 24, Warning - Unsafe call of an `any` typed value. (@typescript-eslint/no-unsafe-call)",
      "/Users/michaelkelly/Projects/hodge/test/pm-integration.smoke.test.ts: line 116, col 32, Warning - Unsafe member access .createPMIssue on an `any` value. (@typescript-eslint/no-unsafe-member-access)",
      "/Users/michaelkelly/Projects/hodge/test/pm-integration.smoke.test.ts: line 127, col 3, Warning - Unsafe call of an `any` typed value. (@typescript-eslint/no-unsafe-call)",
      "/Users/michaelkelly/Projects/hodge/test/pm-integration.smoke.test.ts: line 127, col 3, Warning - Unsafe call of an `any` typed value. (@typescript-eslint/no-unsafe-call)",
      "/Users/michaelkelly/Projects/hodge/test/pm-integration.smoke.test.ts: line 127, col 17, Warning - Unsafe member access .created on an `any` value. (@typescript-eslint/no-unsafe-member-access)",
      "/Users/michaelkelly/Projects/hodge/test/pm-integration.smoke.test.ts: line 127, col 26, Warning - Unsafe member access .toBe on an `any` value. (@typescript-eslint/no-unsafe-member-access)",
      "/Users/michaelkelly/Projects/hodge/test/pm-integration.smoke.test.ts: line 128, col 3, Warning - Unsafe call of an `any` typed value. (@typescript-eslint/no-unsafe-call)",
      "/Users/michaelkelly/Projects/hodge/test/pm-integration.smoke.test.ts: line 128, col 3, Warning - Unsafe call of an `any` typed value. (@typescript-eslint/no-unsafe-call)",
      "/Users/michaelkelly/Projects/hodge/test/pm-integration.smoke.test.ts: line 128, col 17, Warning - Unsafe member access .error on an `any` value. (@typescript-eslint/no-unsafe-member-access)",
      "/Users/michaelkelly/Projects/hodge/test/pm-integration.smoke.test.ts: line 128, col 24, Warning - Unsafe member access .toBeDefined on an `any` value. (@typescript-eslint/no-unsafe-member-access)",
      "/Users/michaelkelly/Projects/hodge/test/pm-integration.smoke.test.ts: line 136, col 9, Warning - Unsafe call of an `any` typed value. (@typescript-eslint/no-unsafe-call)",
      "/Users/michaelkelly/Projects/hodge/test/pm-integration.smoke.test.ts: line 136, col 17, Warning - Unsafe member access .cleanup on an `any` value. (@typescript-eslint/no-unsafe-member-access)",
      "/Users/michaelkelly/Projects/hodge/test/pm-integration.smoke.test.ts: line 139, col 1, Warning - Unsafe call of an `any` typed value. (@typescript-eslint/no-unsafe-call)",
      "/Users/michaelkelly/Projects/hodge/test/pm-integration.smoke.test.ts: line 143, col 11, Warning - Unsafe assignment of an `any` value. (@typescript-eslint/no-unsafe-assignment)",
      "/Users/michaelkelly/Projects/hodge/test/pm-integration.smoke.test.ts: line 143, col 21, Warning - Unsafe construction of an any type value. (@typescript-eslint/no-unsafe-call)",
      "/Users/michaelkelly/Projects/hodge/test/pm-integration.smoke.test.ts: line 144, col 11, Warning - Unsafe assignment of an `any` value. (@typescript-eslint/no-unsafe-assignment)",
      "/Users/michaelkelly/Projects/hodge/test/pm-integration.smoke.test.ts: line 144, col 27, Warning - Unsafe call of an `any` typed value. (@typescript-eslint/no-unsafe-call)",
      "/Users/michaelkelly/Projects/hodge/test/pm-integration.smoke.test.ts: line 144, col 35, Warning - Unsafe member access .setup on an `any` value. (@typescript-eslint/no-unsafe-member-access)",
      "/Users/michaelkelly/Projects/hodge/test/pm-integration.smoke.test.ts: line 146, col 11, Warning - Unsafe assignment of an `any` value. (@typescript-eslint/no-unsafe-assignment)",
      "/Users/michaelkelly/Projects/hodge/test/pm-integration.smoke.test.ts: line 146, col 21, Warning - Unsafe construction of an any type value. (@typescript-eslint/no-unsafe-call)",
      "/Users/michaelkelly/Projects/hodge/test/pm-integration.smoke.test.ts: line 149, col 11, Warning - Unsafe call of an `any` typed value. (@typescript-eslint/no-unsafe-call)",
      "/Users/michaelkelly/Projects/hodge/test/pm-integration.smoke.test.ts: line 149, col 11, Warning - Unsafe call of an `any` typed value. (@typescript-eslint/no-unsafe-call)",
      "/Users/michaelkelly/Projects/hodge/test/pm-integration.smoke.test.ts: line 149, col 18, Warning - Unsafe call of an `any` typed value. (@typescript-eslint/no-unsafe-call)",
      "/Users/michaelkelly/Projects/hodge/test/pm-integration.smoke.test.ts: line 149, col 26, Warning - Unsafe member access .processQueue on an `any` value. (@typescript-eslint/no-unsafe-member-access)",
      "/Users/michaelkelly/Projects/hodge/test/pm-integration.smoke.test.ts: line 149, col 42, Warning - Unsafe member access .resolves on an `any` value. (@typescript-eslint/no-unsafe-member-access)",
      "/Users/michaelkelly/Projects/hodge/test/pm-integration.smoke.test.ts: line 152, col 11, Warning - Unsafe call of an `any` typed value. (@typescript-eslint/no-unsafe-call)",
      "/Users/michaelkelly/Projects/hodge/test/pm-integration.smoke.test.ts: line 152, col 19, Warning - Unsafe member access .cleanup on an `any` value. (@typescript-eslint/no-unsafe-member-access)",
      "/Users/michaelkelly/Projects/hodge/test/pm-integration.smoke.test.ts: line 157, col 1, Warning - Unsafe call of an `any` typed value. (@typescript-eslint/no-unsafe-call)",
      "/Users/michaelkelly/Projects/hodge/test/pm-integration.smoke.test.ts: line 158, col 9, Warning - Unsafe assignment of an `any` value. (@typescript-eslint/no-unsafe-assignment)",
      "/Users/michaelkelly/Projects/hodge/test/pm-integration.smoke.test.ts: line 159, col 9, Warning - Unsafe assignment of an `any` value. (@typescript-eslint/no-unsafe-assignment)",
      "/Users/michaelkelly/Projects/hodge/test/pm-integration.smoke.test.ts: line 159, col 19, Warning - Unsafe construction of an any type value. (@typescript-eslint/no-unsafe-call)",
      "/Users/michaelkelly/Projects/hodge/test/pm-integration.smoke.test.ts: line 160, col 9, Warning - Unsafe assignment of an `any` value. (@typescript-eslint/no-unsafe-assignment)",
      "/Users/michaelkelly/Projects/hodge/test/pm-integration.smoke.test.ts: line 160, col 25, Warning - Unsafe call of an `any` typed value. (@typescript-eslint/no-unsafe-call)",
      "/Users/michaelkelly/Projects/hodge/test/pm-integration.smoke.test.ts: line 160, col 33, Warning - Unsafe member access .setup on an `any` value. (@typescript-eslint/no-unsafe-member-access)",
      "/Users/michaelkelly/Projects/hodge/test/pm-integration.smoke.test.ts: line 161, col 9, Warning - Unsafe assignment of an `any` value. (@typescript-eslint/no-unsafe-assignment)",
      "/Users/michaelkelly/Projects/hodge/test/pm-integration.smoke.test.ts: line 161, col 23, Warning - Unsafe construction of an any type value. (@typescript-eslint/no-unsafe-call)",
      "/Users/michaelkelly/Projects/hodge/test/pm-integration.smoke.test.ts: line 171, col 9, Warning - Unsafe call of an `any` typed value. (@typescript-eslint/no-unsafe-call)",
      "/Users/michaelkelly/Projects/hodge/test/pm-integration.smoke.test.ts: line 171, col 17, Warning - Unsafe member access .writeFile on an `any` value. (@typescript-eslint/no-unsafe-member-access)",
      "/Users/michaelkelly/Projects/hodge/test/pm-integration.smoke.test.ts: line 174, col 3, Warning - Unsafe call of an `any` typed value. (@typescript-eslint/no-unsafe-call)",
      "/Users/michaelkelly/Projects/hodge/test/pm-integration.smoke.test.ts: line 174, col 3, Warning - Unsafe call of an `any` typed value. (@typescript-eslint/no-unsafe-call)",
      "/Users/michaelkelly/Projects/hodge/test/pm-integration.smoke.test.ts: line 174, col 23, Warning - Unsafe member access .toBeDefined on an `any` value. (@typescript-eslint/no-unsafe-member-access)",
      "/Users/michaelkelly/Projects/hodge/test/pm-integration.smoke.test.ts: line 175, col 3, Warning - Unsafe call of an `any` typed value. (@typescript-eslint/no-unsafe-call)",
      "/Users/michaelkelly/Projects/hodge/test/pm-integration.smoke.test.ts: line 175, col 3, Warning - Unsafe call of an `any` typed value. (@typescript-eslint/no-unsafe-call)",
      "/Users/michaelkelly/Projects/hodge/test/pm-integration.smoke.test.ts: line 175, col 29, Warning - Unsafe member access .execute on an `any` value. (@typescript-eslint/no-unsafe-member-access)",
      "/Users/michaelkelly/Projects/hodge/test/pm-integration.smoke.test.ts: line 175, col 38, Warning - Unsafe member access .toBe on an `any` value. (@typescript-eslint/no-unsafe-member-access)",
      "/Users/michaelkelly/Projects/hodge/test/pm-integration.smoke.test.ts: line 177, col 9, Warning - Unsafe call of an `any` typed value. (@typescript-eslint/no-unsafe-call)",
      "/Users/michaelkelly/Projects/hodge/test/pm-integration.smoke.test.ts: line 177, col 17, Warning - Unsafe member access .cleanup on an `any` value. (@typescript-eslint/no-unsafe-member-access)",
      "/Users/michaelkelly/Projects/hodge/test/pm-integration.smoke.test.ts: line 180, col 1, Warning - Unsafe call of an `any` typed value. (@typescript-eslint/no-unsafe-call)",
      "/Users/michaelkelly/Projects/hodge/test/pm-integration.smoke.test.ts: line 181, col 9, Warning - Unsafe assignment of an `any` value. (@typescript-eslint/no-unsafe-assignment)",
      "/Users/michaelkelly/Projects/hodge/test/pm-integration.smoke.test.ts: line 181, col 19, Warning - Unsafe construction of an any type value. (@typescript-eslint/no-unsafe-call)",
      "/Users/michaelkelly/Projects/hodge/test/pm-integration.smoke.test.ts: line 182, col 9, Warning - Unsafe assignment of an `any` value. (@typescript-eslint/no-unsafe-assignment)",
      "/Users/michaelkelly/Projects/hodge/test/pm-integration.smoke.test.ts: line 182, col 25, Warning - Unsafe call of an `any` typed value. (@typescript-eslint/no-unsafe-call)",
      "/Users/michaelkelly/Projects/hodge/test/pm-integration.smoke.test.ts: line 182, col 33, Warning - Unsafe member access .setup on an `any` value. (@typescript-eslint/no-unsafe-member-access)",
      "/Users/michaelkelly/Projects/hodge/test/pm-integration.smoke.test.ts: line 183, col 9, Warning - Unsafe assignment of an `any` value. (@typescript-eslint/no-unsafe-assignment)",
      "/Users/michaelkelly/Projects/hodge/test/pm-integration.smoke.test.ts: line 183, col 25, Warning - Unsafe construction of an any type value. (@typescript-eslint/no-unsafe-call)",
      "/Users/michaelkelly/Projects/hodge/test/pm-integration.smoke.test.ts: line 186, col 9, Warning - Unsafe call of an `any` typed value. (@typescript-eslint/no-unsafe-call)",
      "/Users/michaelkelly/Projects/hodge/test/pm-integration.smoke.test.ts: line 186, col 17, Warning - Unsafe member access .writeFile on an `any` value. (@typescript-eslint/no-unsafe-member-access)",
      "/Users/michaelkelly/Projects/hodge/test/pm-integration.smoke.test.ts: line 188, col 9, Warning - Unsafe call of an `any` typed value. (@typescript-eslint/no-unsafe-call)",
      "/Users/michaelkelly/Projects/hodge/test/pm-integration.smoke.test.ts: line 188, col 23, Warning - Unsafe member access .execute on an `any` value. (@typescript-eslint/no-unsafe-member-access)",
      "/Users/michaelkelly/Projects/hodge/test/pm-integration.smoke.test.ts: line 192, col 15, Warning - Unsafe argument of type `any` assigned to a parameter of type `string`. (@typescript-eslint/no-unsafe-argument)",
      "/Users/michaelkelly/Projects/hodge/test/pm-integration.smoke.test.ts: line 195, col 3, Warning - Unsafe call of an `any` typed value. (@typescript-eslint/no-unsafe-call)",
      "/Users/michaelkelly/Projects/hodge/test/pm-integration.smoke.test.ts: line 195, col 3, Warning - Unsafe call of an `any` typed value. (@typescript-eslint/no-unsafe-call)",
      "/Users/michaelkelly/Projects/hodge/test/pm-integration.smoke.test.ts: line 195, col 21, Warning - Unsafe member access .toContain on an `any` value. (@typescript-eslint/no-unsafe-member-access)",
      "/Users/michaelkelly/Projects/hodge/test/pm-integration.smoke.test.ts: line 196, col 3, Warning - Unsafe call of an `any` typed value. (@typescript-eslint/no-unsafe-call)",
      "/Users/michaelkelly/Projects/hodge/test/pm-integration.smoke.test.ts: line 196, col 3, Warning - Unsafe call of an `any` typed value. (@typescript-eslint/no-unsafe-call)",
      "/Users/michaelkelly/Projects/hodge/test/pm-integration.smoke.test.ts: line 196, col 21, Warning - Unsafe member access .toContain on an `any` value. (@typescript-eslint/no-unsafe-member-access)",
      "/Users/michaelkelly/Projects/hodge/test/pm-integration.smoke.test.ts: line 198, col 9, Warning - Unsafe call of an `any` typed value. (@typescript-eslint/no-unsafe-call)",
      "/Users/michaelkelly/Projects/hodge/test/pm-integration.smoke.test.ts: line 198, col 17, Warning - Unsafe member access .cleanup on an `any` value. (@typescript-eslint/no-unsafe-member-access)",
      "/Users/michaelkelly/Projects/hodge/test/pm-integration.smoke.test.ts: line 201, col 1, Warning - Unsafe call of an `any` typed value. (@typescript-eslint/no-unsafe-call)",
      "/Users/michaelkelly/Projects/hodge/test/pm-integration.smoke.test.ts: line 202, col 9, Warning - Unsafe assignment of an `any` value. (@typescript-eslint/no-unsafe-assignment)",
      "/Users/michaelkelly/Projects/hodge/test/pm-integration.smoke.test.ts: line 202, col 19, Warning - Unsafe construction of an any type value. (@typescript-eslint/no-unsafe-call)",
      "/Users/michaelkelly/Projects/hodge/test/pm-integration.smoke.test.ts: line 203, col 9, Warning - Unsafe assignment of an `any` value. (@typescript-eslint/no-unsafe-assignment)",
      "/Users/michaelkelly/Projects/hodge/test/pm-integration.smoke.test.ts: line 203, col 25, Warning - Unsafe call of an `any` typed value. (@typescript-eslint/no-unsafe-call)",
      "/Users/michaelkelly/Projects/hodge/test/pm-integration.smoke.test.ts: line 203, col 33, Warning - Unsafe member access .setup on an `any` value. (@typescript-eslint/no-unsafe-member-access)",
      "/Users/michaelkelly/Projects/hodge/test/pm-integration.smoke.test.ts: line 205, col 9, Warning - Unsafe assignment of an `any` value. (@typescript-eslint/no-unsafe-assignment)",
      "/Users/michaelkelly/Projects/hodge/test/pm-integration.smoke.test.ts: line 205, col 21, Warning - Unsafe construction of an any type value. (@typescript-eslint/no-unsafe-call)",
      "/Users/michaelkelly/Projects/hodge/test/pm-integration.smoke.test.ts: line 208, col 9, Warning - Unsafe assignment of an `any` value. (@typescript-eslint/no-unsafe-assignment)",
      "/Users/michaelkelly/Projects/hodge/test/pm-integration.smoke.test.ts: line 208, col 24, Warning - Unsafe call of an `any` typed value. (@typescript-eslint/no-unsafe-call)",
      "/Users/michaelkelly/Projects/hodge/test/pm-integration.smoke.test.ts: line 208, col 34, Warning - Unsafe member access .createFeature on an `any` value. (@typescript-eslint/no-unsafe-member-access)",
      "/Users/michaelkelly/Projects/hodge/test/pm-integration.smoke.test.ts: line 209, col 9, Warning - Unsafe assignment of an `any` value. (@typescript-eslint/no-unsafe-assignment)",
      "/Users/michaelkelly/Projects/hodge/test/pm-integration.smoke.test.ts: line 209, col 27, Warning - Unsafe member access .localID on an `any` value. (@typescript-eslint/no-unsafe-member-access)",
      "/Users/michaelkelly/Projects/hodge/test/pm-integration.smoke.test.ts: line 210, col 9, Warning - Unsafe assignment of an `any` value. (@typescript-eslint/no-unsafe-assignment)",
      "/Users/michaelkelly/Projects/hodge/test/pm-integration.smoke.test.ts: line 210, col 24, Warning - Unsafe call of an `any` typed value. (@typescript-eslint/no-unsafe-call)",
      "/Users/michaelkelly/Projects/hodge/test/pm-integration.smoke.test.ts: line 210, col 34, Warning - Unsafe member access .createSubIssueID on an `any` value. (@typescript-eslint/no-unsafe-member-access)",
      "/Users/michaelkelly/Projects/hodge/test/pm-integration.smoke.test.ts: line 211, col 9, Warning - Unsafe assignment of an `any` value. (@typescript-eslint/no-unsafe-assignment)",
      "/Users/michaelkelly/Projects/hodge/test/pm-integration.smoke.test.ts: line 211, col 24, Warning - Unsafe call of an `any` typed value. (@typescript-eslint/no-unsafe-call)",
      "/Users/michaelkelly/Projects/hodge/test/pm-integration.smoke.test.ts: line 211, col 34, Warning - Unsafe member access .createSubIssueID on an `any` value. (@typescript-eslint/no-unsafe-member-access)",
      "/Users/michaelkelly/Projects/hodge/test/pm-integration.smoke.test.ts: line 214, col 9, Warning - Unsafe assignment of an `any` value. (@typescript-eslint/no-unsafe-assignment)",
      "/Users/michaelkelly/Projects/hodge/test/pm-integration.smoke.test.ts: line 214, col 27, Warning - Unsafe call of an `any` typed value. (@typescript-eslint/no-unsafe-call)",
      "/Users/michaelkelly/Projects/hodge/test/pm-integration.smoke.test.ts: line 214, col 37, Warning - Unsafe member access .getSubIssues on an `any` value. (@typescript-eslint/no-unsafe-member-access)",
      "/Users/michaelkelly/Projects/hodge/test/pm-integration.smoke.test.ts: line 215, col 3, Warning - Unsafe call of an `any` typed value. (@typescript-eslint/no-unsafe-call)",
      "/Users/michaelkelly/Projects/hodge/test/pm-integration.smoke.test.ts: line 215, col 3, Warning - Unsafe call of an `any` typed value. (@typescript-eslint/no-unsafe-call)",
      "/Users/michaelkelly/Projects/hodge/test/pm-integration.smoke.test.ts: line 215, col 21, Warning - Unsafe member access .toHaveLength on an `any` value. (@typescript-eslint/no-unsafe-member-access)",
      "/Users/michaelkelly/Projects/hodge/test/pm-integration.smoke.test.ts: line 216, col 3, Warning - Unsafe call of an `any` typed value. (@typescript-eslint/no-unsafe-call)",
      "/Users/michaelkelly/Projects/hodge/test/pm-integration.smoke.test.ts: line 216, col 3, Warning - Unsafe call of an `any` typed value. (@typescript-eslint/no-unsafe-call)",
      "/Users/michaelkelly/Projects/hodge/test/pm-integration.smoke.test.ts: line 216, col 20, Warning - Unsafe member access [0] on an `any` value. (@typescript-eslint/no-unsafe-member-access)",
      "/Users/michaelkelly/Projects/hodge/test/pm-integration.smoke.test.ts: line 216, col 32, Warning - Unsafe member access .toBe on an `any` value. (@typescript-eslint/no-unsafe-member-access)",
      "/Users/michaelkelly/Projects/hodge/test/pm-integration.smoke.test.ts: line 217, col 3, Warning - Unsafe call of an `any` typed value. (@typescript-eslint/no-unsafe-call)",
      "/Users/michaelkelly/Projects/hodge/test/pm-integration.smoke.test.ts: line 217, col 3, Warning - Unsafe call of an `any` typed value. (@typescript-eslint/no-unsafe-call)",
      "/Users/michaelkelly/Projects/hodge/test/pm-integration.smoke.test.ts: line 217, col 20, Warning - Unsafe member access [1] on an `any` value. (@typescript-eslint/no-unsafe-member-access)",
      "/Users/michaelkelly/Projects/hodge/test/pm-integration.smoke.test.ts: line 217, col 32, Warning - Unsafe member access .toBe on an `any` value. (@typescript-eslint/no-unsafe-member-access)",
      "/Users/michaelkelly/Projects/hodge/test/pm-integration.smoke.test.ts: line 220, col 9, Warning - Unsafe assignment of an `any` value. (@typescript-eslint/no-unsafe-assignment)",
      "/Users/michaelkelly/Projects/hodge/test/pm-integration.smoke.test.ts: line 220, col 28, Warning - Unsafe call of an `any` typed value. (@typescript-eslint/no-unsafe-call)",
      "/Users/michaelkelly/Projects/hodge/test/pm-integration.smoke.test.ts: line 220, col 38, Warning - Unsafe member access .getParentEpic on an `any` value. (@typescript-eslint/no-unsafe-member-access)",
      "/Users/michaelkelly/Projects/hodge/test/pm-integration.smoke.test.ts: line 221, col 3, Warning - Unsafe call of an `any` typed value. (@typescript-eslint/no-unsafe-call)",
      "/Users/michaelkelly/Projects/hodge/test/pm-integration.smoke.test.ts: line 221, col 3, Warning - Unsafe call of an `any` typed value. (@typescript-eslint/no-unsafe-call)",
      "/Users/michaelkelly/Projects/hodge/test/pm-integration.smoke.test.ts: line 221, col 22, Warning - Unsafe member access .localID on an `any` value. (@typescript-eslint/no-unsafe-member-access)",
      "/Users/michaelkelly/Projects/hodge/test/pm-integration.smoke.test.ts: line 221, col 31, Warning - Unsafe member access .toBe on an `any` value. (@typescript-eslint/no-unsafe-member-access)",
      "/Users/michaelkelly/Projects/hodge/test/pm-integration.smoke.test.ts: line 224, col 9, Warning - Unsafe call of an `any` typed value. (@typescript-eslint/no-unsafe-call)",
      "/Users/michaelkelly/Projects/hodge/test/pm-integration.smoke.test.ts: line 224, col 17, Warning - Unsafe member access .cleanup on an `any` value. (@typescript-eslint/no-unsafe-member-access)",
      "/Users/michaelkelly/Projects/hodge/test/pm-integration.smoke.test.ts: line 227, col 1, Warning - Unsafe call of an `any` typed value. (@typescript-eslint/no-unsafe-call)",
      "/Users/michaelkelly/Projects/hodge/test/pm-integration.smoke.test.ts: line 236, col 3, Warning - Unsafe call of an `any` typed value. (@typescript-eslint/no-unsafe-call)",
      "/Users/michaelkelly/Projects/hodge/test/pm-integration.smoke.test.ts: line 236, col 3, Warning - Unsafe call of an `any` typed value. (@typescript-eslint/no-unsafe-call)",
      "/Users/michaelkelly/Projects/hodge/test/pm-integration.smoke.test.ts: line 236, col 20, Warning - Unsafe member access .childIDs on an `any` value. (@typescript-eslint/no-unsafe-member-access)",
      "/Users/michaelkelly/Projects/hodge/test/pm-integration.smoke.test.ts: line 236, col 30, Warning - Unsafe member access .toHaveLength on an `any` value. (@typescript-eslint/no-unsafe-member-access)",
      "/Users/michaelkelly/Projects/hodge/test/pm-integration.smoke.test.ts: line 237, col 3, Warning - Unsafe call of an `any` typed value. (@typescript-eslint/no-unsafe-call)",
      "/Users/michaelkelly/Projects/hodge/test/pm-integration.smoke.test.ts: line 237, col 3, Warning - Unsafe call of an `any` typed value. (@typescript-eslint/no-unsafe-call)",
      "/Users/michaelkelly/Projects/hodge/test/pm-integration.smoke.test.ts: line 237, col 20, Warning - Unsafe member access .isEpic on an `any` value. (@typescript-eslint/no-unsafe-member-access)",
      "/Users/michaelkelly/Projects/hodge/test/pm-integration.smoke.test.ts: line 237, col 28, Warning - Unsafe member access .toBe on an `any` value. (@typescript-eslint/no-unsafe-member-access)",
      "/Users/michaelkelly/Projects/hodge/test/pm-integration.smoke.test.ts: line 238, col 3, Warning - Unsafe call of an `any` typed value. (@typescript-eslint/no-unsafe-call)",
      "/Users/michaelkelly/Projects/hodge/test/pm-integration.smoke.test.ts: line 238, col 3, Warning - Unsafe call of an `any` typed value. (@typescript-eslint/no-unsafe-call)",
      "/Users/michaelkelly/Projects/hodge/test/pm-integration.smoke.test.ts: line 238, col 20, Warning - Unsafe member access .parentID on an `any` value. (@typescript-eslint/no-unsafe-member-access)",
      "/Users/michaelkelly/Projects/hodge/test/pm-integration.smoke.test.ts: line 238, col 30, Warning - Unsafe member access .toBeUndefined on an `any` value. (@typescript-eslint/no-unsafe-member-access)",
      "/Users/michaelkelly/Projects/hodge/test/pm-integration.smoke.test.ts: line 241, col 1, Warning - Unsafe call of an `any` typed value. (@typescript-eslint/no-unsafe-call)",
      "/Users/michaelkelly/Projects/hodge/test/pm-integration.smoke.test.ts: line 248, col 3, Warning - Unsafe call of an `any` typed value. (@typescript-eslint/no-unsafe-call)",
      "/Users/michaelkelly/Projects/hodge/test/pm-integration.smoke.test.ts: line 248, col 3, Warning - Unsafe call of an `any` typed value. (@typescript-eslint/no-unsafe-call)",
      "/Users/michaelkelly/Projects/hodge/test/pm-integration.smoke.test.ts: line 248, col 19, Warning - Unsafe member access .parentID on an `any` value. (@typescript-eslint/no-unsafe-member-access)",
      "/Users/michaelkelly/Projects/hodge/test/pm-integration.smoke.test.ts: line 248, col 29, Warning - Unsafe member access .toBe on an `any` value. (@typescript-eslint/no-unsafe-member-access)",
      "/Users/michaelkelly/Projects/hodge/test/pm-integration.smoke.test.ts: line 249, col 3, Warning - Unsafe call of an `any` typed value. (@typescript-eslint/no-unsafe-call)",
      "/Users/michaelkelly/Projects/hodge/test/pm-integration.smoke.test.ts: line 249, col 3, Warning - Unsafe call of an `any` typed value. (@typescript-eslint/no-unsafe-call)",
      "/Users/michaelkelly/Projects/hodge/test/pm-integration.smoke.test.ts: line 249, col 19, Warning - Unsafe member access .childIDs on an `any` value. (@typescript-eslint/no-unsafe-member-access)",
      "/Users/michaelkelly/Projects/hodge/test/pm-integration.smoke.test.ts: line 249, col 29, Warning - Unsafe member access .toBeUndefined on an `any` value. (@typescript-eslint/no-unsafe-member-access)",
      "/Users/michaelkelly/Projects/hodge/test/pm-integration.smoke.test.ts: line 250, col 3, Warning - Unsafe call of an `any` typed value. (@typescript-eslint/no-unsafe-call)",
      "/Users/michaelkelly/Projects/hodge/test/pm-integration.smoke.test.ts: line 250, col 3, Warning - Unsafe call of an `any` typed value. (@typescript-eslint/no-unsafe-call)",
      "/Users/michaelkelly/Projects/hodge/test/pm-integration.smoke.test.ts: line 250, col 19, Warning - Unsafe member access .isEpic on an `any` value. (@typescript-eslint/no-unsafe-member-access)",
      "/Users/michaelkelly/Projects/hodge/test/pm-integration.smoke.test.ts: line 250, col 27, Warning - Unsafe member access .toBeUndefined on an `any` value. (@typescript-eslint/no-unsafe-member-access)"
    ],
    "stdout": "/Users/michaelkelly/Projects/hodge/src/commands/ship.ts: line 241, col 10, Warning - Complete the task associated to this \"TODO\" comment. (sonarjs/todo-tag)\n/Users/michaelkelly/Projects/hodge/src/lib/context-manager.smoke.test.ts: line 18, col 3, Warning - Unsafe call of an `any` typed value. (@typescript-eslint/no-unsafe-call)\n/Users/michaelkelly/Projects/hodge/src/lib/context-manager.smoke.test.ts: line 18, col 3, Warning - Unsafe call of an `any` typed value. (@typescript-eslint/no-unsafe-call)\n/Users/michaelkelly/Projects/hodge/src/lib/context-manager.smoke.test.ts: line 18, col 26, Warning - Unsafe member access .toBeDefined on an `any` value. (@typescript-eslint/no-unsafe-member-access)\n/Users/michaelkelly/Projects/hodge/src/lib/context-manager.smoke.test.ts: line 28, col 3, Warning - Unsafe call of an `any` typed value. (@typescript-eslint/no-unsafe-call)\n/Users/michaelkelly/Projects/hodge/src/lib/context-manager.smoke.test.ts: line 28, col 3, Warning - Unsafe call of an `any` typed value. (@typescript-eslint/no-unsafe-call)\n/Users/michaelkelly/Projects/hodge/src/lib/context-manager.smoke.test.ts: line 28, col 24, Warning - Unsafe member access .toBeDefined on an `any` value. (@typescript-eslint/no-unsafe-member-access)\n/Users/michaelkelly/Projects/hodge/src/lib/context-manager.smoke.test.ts: line 29, col 3, Warning - Unsafe call of an `any` typed value. (@typescript-eslint/no-unsafe-call)\n/Users/michaelkelly/Projects/hodge/src/lib/context-manager.smoke.test.ts: line 29, col 3, Warning - Unsafe call of an `any` typed value. (@typescript-eslint/no-unsafe-call)\n/Users/michaelkelly/Projects/hodge/src/lib/context-manager.smoke.test.ts: line 29, col 39, Warning - Unsafe member access .toBe on an `any` value. (@typescript-eslint/no-unsafe-member-access)\n/Users/michaelkelly/Projects/hodge/src/lib/context-manager.smoke.test.ts: line 39, col 3, Warning - Unsafe call of an `any` typed value. (@typescript-eslint/no-unsafe-call)\n/Users/michaelkelly/Projects/hodge/src/lib/context-manager.smoke.test.ts: line 39, col 3, Warning - Unsafe call of an `any` typed value. (@typescript-eslint/no-unsafe-call)\n/Users/michaelkelly/Projects/hodge/src/lib/context-manager.smoke.test.ts: line 39, col 25, Warning - Unsafe member access .toBeDefined on an `any` value. (@typescript-eslint/no-unsafe-member-access)\n/Users/michaelkelly/Projects/hodge/src/lib/context-manager.smoke.test.ts: line 40, col 3, Warning - Unsafe call of an `any` typed value. (@typescript-eslint/no-unsafe-call)\n/Users/michaelkelly/Projects/hodge/src/lib/context-manager.smoke.test.ts: line 40, col 3, Warning - Unsafe call of an `any` typed value. (@typescript-eslint/no-unsafe-call)\n/Users/michaelkelly/Projects/hodge/src/lib/context-manager.smoke.test.ts: line 40, col 40, Warning - Unsafe member access .toBe on an `any` value. (@typescript-eslint/no-unsafe-member-access)\n/Users/michaelkelly/Projects/hodge/src/lib/context-manager.smoke.test.ts: line 50, col 3, Warning - Unsafe call of an `any` typed value. (@typescript-eslint/no-unsafe-call)\n/Users/michaelkelly/Projects/hodge/src/lib/context-manager.smoke.test.ts: line 50, col 3, Warning - Unsafe call of an `any` typed value. (@typescript-eslint/no-unsafe-call)\n/Users/michaelkelly/Projects/hodge/src/lib/context-manager.smoke.test.ts: line 50, col 23, Warning - Unsafe member access .toBeDefined on an `any` value. (@typescript-eslint/no-unsafe-member-access)\n/Users/michaelkelly/Projects/hodge/src/lib/context-manager.smoke.test.ts: line 51, col 3, Warning - Unsafe call of an `any` typed value. (@typescript-eslint/no-unsafe-call)\n/Users/michaelkelly/Projects/hodge/src/lib/context-manager.smoke.test.ts: line 51, col 3, Warning - Unsafe call of an `any` typed value. (@typescript-eslint/no-unsafe-call)\n/Users/michaelkelly/Projects/hodge/src/lib/context-manager.smoke.test.ts: line 51, col 38, Warning - Unsafe member access .toBe on an `any` value. (@typescript-eslint/no-unsafe-member-access)\n/Users/michaelkelly/Projects/hodge/src/lib/context-manager.smoke.test.ts: line 67, col 3, Warning - Unsafe call of an `any` typed value. (@typescript-eslint/no-unsafe-call)\n/Users/michaelkelly/Projects/hodge/src/lib/context-manager.smoke.test.ts: line 67, col 3, Warning - Unsafe call of an `any` typed value. (@typescript-eslint/no-unsafe-call)\n/Users/michaelkelly/Projects/hodge/src/lib/context-manager.smoke.test.ts: line 67, col 23, Warning - Unsafe member access .toBeDefined on an `any` value. (@typescript-eslint/no-unsafe-member-access)\n/Users/michaelkelly/Projects/hodge/src/lib/context-manager.smoke.test.ts: line 68, col 3, Warning - Unsafe call of an `any` typed value. (@typescript-eslint/no-unsafe-call)\n/Users/michaelkelly/Projects/hodge/src/lib/context-manager.smoke.test.ts: line 68, col 3, Warning - Unsafe call of an `any` typed value. (@typescript-eslint/no-unsafe-call)\n/Users/michaelkelly/Projects/hodge/src/lib/context-manager.smoke.test.ts: line 68, col 23, Warning - Unsafe member access .toContain on an `any` value. (@typescript-eslint/no-unsafe-member-access)\n/Users/michaelkelly/Projects/hodge/src/lib/context-manager.smoke.test.ts: line 90, col 3, Warning - Unsafe call of an `any` typed value. (@typescript-eslint/no-unsafe-call)\n/Users/michaelkelly/Projects/hodge/src/lib/context-manager.smoke.test.ts: line 90, col 3, Warning - Unsafe call of an `any` typed value. (@typescript-eslint/no-unsafe-call)\n/Users/michaelkelly/Projects/hodge/src/lib/context-manager.smoke.test.ts: line 90, col 28, Warning - Unsafe member access .toBe on an `any` value. (@typescript-eslint/no-unsafe-member-access)\n/Users/michaelkelly/Projects/hodge/src/lib/context-manager.smoke.test.ts: line 91, col 3, Warning - Unsafe call of an `any` typed value. (@typescript-eslint/no-unsafe-call)\n/Users/michaelkelly/Projects/hodge/src/lib/context-manager.smoke.test.ts: line 91, col 3, Warning - Unsafe call of an `any` typed value. (@typescript-eslint/no-unsafe-call)\n/Users/michaelkelly/Projects/hodge/src/lib/context-manager.smoke.test.ts: line 91, col 28, Warning - Unsafe member access .toBe on an `any` value. (@typescript-eslint/no-unsafe-member-access)\n/Users/michaelkelly/Projects/hodge/test/pm-integration.smoke.test.ts: line 19, col 1, Warning - Unsafe call of an `any` typed value. (@typescript-eslint/no-unsafe-call)\n/Users/michaelkelly/Projects/hodge/test/pm-integration.smoke.test.ts: line 20, col 9, Warning - Unsafe assignment of an `any` value. (@typescript-eslint/no-unsafe-assignment)\n/Users/michaelkelly/Projects/hodge/test/pm-integration.smoke.test.ts: line 20, col 19, Warning - Unsafe construction of an any type value. (@typescript-eslint/no-unsafe-call)\n/Users/michaelkelly/Projects/hodge/test/pm-integration.smoke.test.ts: line 21, col 9, Warning - Unsafe assignment of an `any` value. (@typescript-eslint/no-unsafe-assignment)\n/Users/michaelkelly/Projects/hodge/test/pm-integration.smoke.test.ts: line 21, col 25, Warning - Unsafe call of an `any` typed value. (@typescript-eslint/no-unsafe-call)\n/Users/michaelkelly/Projects/hodge/test/pm-integration.smoke.test.ts: line 21, col 33, Warning - Unsafe member access .setup on an `any` value. (@typescript-eslint/no-unsafe-member-access)\n/Users/michaelkelly/Projects/hodge/test/pm-integration.smoke.test.ts: line 23, col 9, Warning - Unsafe assignment of an `any` value. (@typescript-eslint/no-unsafe-assignment)\n/Users/michaelkelly/Projects/hodge/test/pm-integration.smoke.test.ts: line 23, col 19, Warning - Unsafe construction of an any type value. (@typescript-eslint/no-unsafe-call)\n/Users/michaelkelly/Projects/hodge/test/pm-integration.smoke.test.ts: line 24, col 3, Warning - Unsafe call of an `any` typed value. (@typescript-eslint/no-unsafe-call)\n/Users/michaelkelly/Projects/hodge/test/pm-integration.smoke.test.ts: line 24, col 3, Warning - Unsafe call of an `any` typed value. (@typescript-eslint/no-unsafe-call)\n/Users/michaelkelly/Projects/hodge/test/pm-integration.smoke.test.ts: line 24, col 18, Warning - Unsafe member access .createPMIssue on an `any` value. (@typescript-eslint/no-unsafe-member-access)\n/Users/michaelkelly/Projects/hodge/test/pm-integration.smoke.test.ts: line 24, col 33, Warning - Unsafe member access .toBeDefined on an `any` value. (@typescript-eslint/no-unsafe-member-access)\n/Users/michaelkelly/Projects/hodge/test/pm-integration.smoke.test.ts: line 25, col 3, Warning - Unsafe call of an `any` typed value. (@typescript-eslint/no-unsafe-call)\n/Users/michaelkelly/Projects/hodge/test/pm-integration.smoke.test.ts: line 25, col 3, Warning - Unsafe call of an `any` typed value. (@typescript-eslint/no-unsafe-call)\n/Users/michaelkelly/Projects/hodge/test/pm-integration.smoke.test.ts: line 25, col 25, Warning - Unsafe member access .createPMIssue on an `any` value. (@typescript-eslint/no-unsafe-member-access)\n/Users/michaelkelly/Projects/hodge/test/pm-integration.smoke.test.ts: line 25, col 40, Warning - Unsafe member access .toBe on an `any` value. (@typescript-eslint/no-unsafe-member-access)\n/Users/michaelkelly/Projects/hodge/test/pm-integration.smoke.test.ts: line 27, col 9, Warning - Unsafe call of an `any` typed value. (@typescript-eslint/no-unsafe-call)\n/Users/michaelkelly/Projects/hodge/test/pm-integration.smoke.test.ts: line 27, col 17, Warning - Unsafe member access .cleanup on an `any` value. (@typescript-eslint/no-unsafe-member-access)\n/Users/michaelkelly/Projects/hodge/test/pm-integration.smoke.test.ts: line 30, col 1, Warning - Unsafe call of an `any` typed value. (@typescript-eslint/no-unsafe-call)\n/Users/michaelkelly/Projects/hodge/test/pm-integration.smoke.test.ts: line 31, col 9, Warning - Unsafe assignment of an `any` value. (@typescript-eslint/no-unsafe-assignment)\n/Users/michaelkelly/Projects/hodge/test/pm-integration.smoke.test.ts: line 31, col 19, Warning - Unsafe construction of an any type value. (@typescript-eslint/no-unsafe-call)\n/Users/michaelkelly/Projects/hodge/test/pm-integration.smoke.test.ts: line 32, col 9, Warning - Unsafe assignment of an `any` value. (@typescript-eslint/no-unsafe-assignment)\n/Users/michaelkelly/Projects/hodge/test/pm-integration.smoke.test.ts: line 32, col 25, Warning - Unsafe call of an `any` typed value. (@typescript-eslint/no-unsafe-call)\n/Users/michaelkelly/Projects/hodge/test/pm-integration.smoke.test.ts: line 32, col 33, Warning - Unsafe member access .setup on an `any` value. (@typescript-eslint/no-unsafe-member-access)\n/Users/michaelkelly/Projects/hodge/test/pm-integration.smoke.test.ts: line 34, col 9, Warning - Unsafe assignment of an `any` value. (@typescript-eslint/no-unsafe-assignment)\n/Users/michaelkelly/Projects/hodge/test/pm-integration.smoke.test.ts: line 34, col 19, Warning - Unsafe construction of an any type value. (@typescript-eslint/no-unsafe-call)\n/Users/michaelkelly/Projects/hodge/test/pm-integration.smoke.test.ts: line 35, col 3, Warning - Unsafe call of an `any` typed value. (@typescript-eslint/no-unsafe-call)\n/Users/michaelkelly/Projects/hodge/test/pm-integration.smoke.test.ts: line 35, col 3, Warning - Unsafe call of an `any` typed value. (@typescript-eslint/no-unsafe-call)\n/Users/michaelkelly/Projects/hodge/test/pm-integration.smoke.test.ts: line 35, col 18, Warning - Unsafe member access .processQueue on an `any` value. (@typescript-eslint/no-unsafe-member-access)\n/Users/michaelkelly/Projects/hodge/test/pm-integration.smoke.test.ts: line 35, col 32, Warning - Unsafe member access .toBeDefined on an `any` value. (@typescript-eslint/no-unsafe-member-access)\n/Users/michaelkelly/Projects/hodge/test/pm-integration.smoke.test.ts: line 36, col 3, Warning - Unsafe call of an `any` typed value. (@typescript-eslint/no-unsafe-call)\n/Users/michaelkelly/Projects/hodge/test/pm-integration.smoke.test.ts: line 36, col 3, Warning - Unsafe call of an `any` typed value. (@typescript-eslint/no-unsafe-call)\n/Users/michaelkelly/Projects/hodge/test/pm-integration.smoke.test.ts: line 36, col 25, Warning - Unsafe member access .processQueue on an `any` value. (@typescript-eslint/no-unsafe-member-access)\n/Users/michaelkelly/Projects/hodge/test/pm-integration.smoke.test.ts: line 36, col 39, Warning - Unsafe member access .toBe on an `any` value. (@typescript-eslint/no-unsafe-member-access)\n/Users/michaelkelly/Projects/hodge/test/pm-integration.smoke.test.ts: line 38, col 9, Warning - Unsafe call of an `any` typed value. (@typescript-eslint/no-unsafe-call)\n/Users/michaelkelly/Projects/hodge/test/pm-integration.smoke.test.ts: line 38, col 17, Warning - Unsafe member access .cleanup on an `any` value. (@typescript-eslint/no-unsafe-member-access)\n/Users/michaelkelly/Projects/hodge/test/pm-integration.smoke.test.ts: line 41, col 1, Warning - Unsafe call of an `any` typed value. (@typescript-eslint/no-unsafe-call)\n/Users/michaelkelly/Projects/hodge/test/pm-integration.smoke.test.ts: line 42, col 9, Warning - Unsafe assignment of an `any` value. (@typescript-eslint/no-unsafe-assignment)\n/Users/michaelkelly/Projects/hodge/test/pm-integration.smoke.test.ts: line 42, col 19, Warning - Unsafe construction of an any type value. (@typescript-eslint/no-unsafe-call)\n/Users/michaelkelly/Projects/hodge/test/pm-integration.smoke.test.ts: line 43, col 9, Warning - Unsafe assignment of an `any` value. (@typescript-eslint/no-unsafe-assignment)\n/Users/michaelkelly/Projects/hodge/test/pm-integration.smoke.test.ts: line 43, col 25, Warning - Unsafe call of an `any` typed value. (@typescript-eslint/no-unsafe-call)\n/Users/michaelkelly/Projects/hodge/test/pm-integration.smoke.test.ts: line 43, col 33, Warning - Unsafe member access .setup on an `any` value. (@typescript-eslint/no-unsafe-member-access)\n/Users/michaelkelly/Projects/hodge/test/pm-integration.smoke.test.ts: line 45, col 9, Warning - Unsafe assignment of an `any` value. (@typescript-eslint/no-unsafe-assignment)\n/Users/michaelkelly/Projects/hodge/test/pm-integration.smoke.test.ts: line 45, col 25, Warning - Unsafe construction of an any type value. (@typescript-eslint/no-unsafe-call)\n/Users/michaelkelly/Projects/hodge/test/pm-integration.smoke.test.ts: line 46, col 3, Warning - Unsafe call of an `any` typed value. (@typescript-eslint/no-unsafe-call)\n/Users/michaelkelly/Projects/hodge/test/pm-integration.smoke.test.ts: line 46, col 3, Warning - Unsafe call of an `any` typed value. (@typescript-eslint/no-unsafe-call)\n/Users/michaelkelly/Projects/hodge/test/pm-integration.smoke.test.ts: line 46, col 25, Warning - Unsafe member access .toBeDefined on an `any` value. (@typescript-eslint/no-unsafe-member-access)\n/Users/michaelkelly/Projects/hodge/test/pm-integration.smoke.test.ts: line 47, col 3, Warning - Unsafe call of an `any` typed value. (@typescript-eslint/no-unsafe-call)\n/Users/michaelkelly/Projects/hodge/test/pm-integration.smoke.test.ts: line 47, col 3, Warning - Unsafe call of an `any` typed value. (@typescript-eslint/no-unsafe-call)\n/Users/michaelkelly/Projects/hodge/test/pm-integration.smoke.test.ts: line 47, col 31, Warning - Unsafe member access .execute on an `any` value. (@typescript-eslint/no-unsafe-member-access)\n/Users/michaelkelly/Projects/hodge/test/pm-integration.smoke.test.ts: line 47, col 40, Warning - Unsafe member access .toBe on an `any` value. (@typescript-eslint/no-unsafe-member-access)\n/Users/michaelkelly/Projects/hodge/test/pm-integration.smoke.test.ts: line 49, col 9, Warning - Unsafe call of an `any` typed value. (@typescript-eslint/no-unsafe-call)\n/Users/michaelkelly/Projects/hodge/test/pm-integration.smoke.test.ts: line 49, col 17, Warning - Unsafe member access .cleanup on an `any` value. (@typescript-eslint/no-unsafe-member-access)\n/Users/michaelkelly/Projects/hodge/test/pm-integration.smoke.test.ts: line 52, col 1, Warning - Unsafe call of an `any` typed value. (@typescript-eslint/no-unsafe-call)\n/Users/michaelkelly/Projects/hodge/test/pm-integration.smoke.test.ts: line 53, col 9, Warning - Unsafe assignment of an `any` value. (@typescript-eslint/no-unsafe-assignment)\n/Users/michaelkelly/Projects/hodge/test/pm-integration.smoke.test.ts: line 54, col 9, Warning - Unsafe assignment of an `any` value. (@typescript-eslint/no-unsafe-assignment)\n/Users/michaelkelly/Projects/hodge/test/pm-integration.smoke.test.ts: line 54, col 19, Warning - Unsafe construction of an any type value. (@typescript-eslint/no-unsafe-call)\n/Users/michaelkelly/Projects/hodge/test/pm-integration.smoke.test.ts: line 55, col 9, Warning - Unsafe assignment of an `any` value. (@typescript-eslint/no-unsafe-assignment)\n/Users/michaelkelly/Projects/hodge/test/pm-integration.smoke.test.ts: line 55, col 25, Warning - Unsafe call of an `any` typed value. (@typescript-eslint/no-unsafe-call)\n/Users/michaelkelly/Projects/hodge/test/pm-integration.smoke.test.ts: line 55, col 33, Warning - Unsafe member access .setup on an `any` value. (@typescript-eslint/no-unsafe-member-access)\n/Users/michaelkelly/Projects/hodge/test/pm-integration.smoke.test.ts: line 57, col 9, Warning - Unsafe assignment of an `any` value. (@typescript-eslint/no-unsafe-assignment)\n/Users/michaelkelly/Projects/hodge/test/pm-integration.smoke.test.ts: line 57, col 23, Warning - Unsafe construction of an any type value. (@typescript-eslint/no-unsafe-call)\n/Users/michaelkelly/Projects/hodge/test/pm-integration.smoke.test.ts: line 58, col 3, Warning - Unsafe call of an `any` typed value. (@typescript-eslint/no-unsafe-call)\n/Users/michaelkelly/Projects/hodge/test/pm-integration.smoke.test.ts: line 58, col 3, Warning - Unsafe call of an `any` typed value. (@typescript-eslint/no-unsafe-call)\n/Users/michaelkelly/Projects/hodge/test/pm-integration.smoke.test.ts: line 58, col 23, Warning - Unsafe member access .toBeDefined on an `any` value. (@typescript-eslint/no-unsafe-member-access)\n/Users/michaelkelly/Projects/hodge/test/pm-integration.smoke.test.ts: line 59, col 3, Warning - Unsafe call of an `any` typed value. (@typescript-eslint/no-unsafe-call)\n/Users/michaelkelly/Projects/hodge/test/pm-integration.smoke.test.ts: line 59, col 3, Warning - Unsafe call of an `any` typed value. (@typescript-eslint/no-unsafe-call)\n/Users/michaelkelly/Projects/hodge/test/pm-integration.smoke.test.ts: line 59, col 29, Warning - Unsafe member access .execute on an `any` value. (@typescript-eslint/no-unsafe-member-access)\n/Users/michaelkelly/Projects/hodge/test/pm-integration.smoke.test.ts: line 59, col 38, Warning - Unsafe member access .toBe on an `any` value. (@typescript-eslint/no-unsafe-member-access)\n/Users/michaelkelly/Projects/hodge/test/pm-integration.smoke.test.ts: line 61, col 9, Warning - Unsafe call of an `any` typed value. (@typescript-eslint/no-unsafe-call)\n/Users/michaelkelly/Projects/hodge/test/pm-integration.smoke.test.ts: line 61, col 17, Warning - Unsafe member access .cleanup on an `any` value. (@typescript-eslint/no-unsafe-member-access)\n/Users/michaelkelly/Projects/hodge/test/pm-integration.smoke.test.ts: line 64, col 1, Warning - Unsafe call of an `any` typed value. (@typescript-eslint/no-unsafe-call)\n/Users/michaelkelly/Projects/hodge/test/pm-integration.smoke.test.ts: line 65, col 9, Warning - Unsafe assignment of an `any` value. (@typescript-eslint/no-unsafe-assignment)\n/Users/michaelkelly/Projects/hodge/test/pm-integration.smoke.test.ts: line 65, col 19, Warning - Unsafe construction of an any type value. (@typescript-eslint/no-unsafe-call)\n/Users/michaelkelly/Projects/hodge/test/pm-integration.smoke.test.ts: line 66, col 9, Warning - Unsafe assignment of an `any` value. (@typescript-eslint/no-unsafe-assignment)\n/Users/michaelkelly/Projects/hodge/test/pm-integration.smoke.test.ts: line 66, col 25, Warning - Unsafe call of an `any` typed value. (@typescript-eslint/no-unsafe-call)\n/Users/michaelkelly/Projects/hodge/test/pm-integration.smoke.test.ts: line 66, col 33, Warning - Unsafe member access .setup on an `any` value. (@typescript-eslint/no-unsafe-member-access)\n/Users/michaelkelly/Projects/hodge/test/pm-integration.smoke.test.ts: line 68, col 9, Warning - Unsafe assignment of an `any` value. (@typescript-eslint/no-unsafe-assignment)\n/Users/michaelkelly/Projects/hodge/test/pm-integration.smoke.test.ts: line 68, col 21, Warning - Unsafe construction of an any type value. (@typescript-eslint/no-unsafe-call)\n/Users/michaelkelly/Projects/hodge/test/pm-integration.smoke.test.ts: line 71, col 3, Warning - Unsafe call of an `any` typed value. (@typescript-eslint/no-unsafe-call)\n/Users/michaelkelly/Projects/hodge/test/pm-integration.smoke.test.ts: line 71, col 3, Warning - Unsafe call of an `any` typed value. (@typescript-eslint/no-unsafe-call)\n/Users/michaelkelly/Projects/hodge/test/pm-integration.smoke.test.ts: line 71, col 20, Warning - Unsafe member access .createSubIssueID on an `any` value. (@typescript-eslint/no-unsafe-member-access)\n/Users/michaelkelly/Projects/hodge/test/pm-integration.smoke.test.ts: line 71, col 38, Warning - Unsafe member access .toBeDefined on an `any` value. (@typescript-eslint/no-unsafe-member-access)\n/Users/michaelkelly/Projects/hodge/test/pm-integration.smoke.test.ts: line 72, col 3, Warning - Unsafe call of an `any` typed value. (@typescript-eslint/no-unsafe-call)\n/Users/michaelkelly/Projects/hodge/test/pm-integration.smoke.test.ts: line 72, col 3, Warning - Unsafe call of an `any` typed value. (@typescript-eslint/no-unsafe-call)\n/Users/michaelkelly/Projects/hodge/test/pm-integration.smoke.test.ts: line 72, col 20, Warning - Unsafe member access .getSubIssues on an `any` value. (@typescript-eslint/no-unsafe-member-access)\n/Users/michaelkelly/Projects/hodge/test/pm-integration.smoke.test.ts: line 72, col 34, Warning - Unsafe member access .toBeDefined on an `any` value. (@typescript-eslint/no-unsafe-member-access)\n/Users/michaelkelly/Projects/hodge/test/pm-integration.smoke.test.ts: line 73, col 3, Warning - Unsafe call of an `any` typed value. (@typescript-eslint/no-unsafe-call)\n/Users/michaelkelly/Projects/hodge/test/pm-integration.smoke.test.ts: line 73, col 3, Warning - Unsafe call of an `any` typed value. (@typescript-eslint/no-unsafe-call)\n/Users/michaelkelly/Projects/hodge/test/pm-integration.smoke.test.ts: line 73, col 20, Warning - Unsafe member access .getParentEpic on an `any` value. (@typescript-eslint/no-unsafe-member-access)\n/Users/michaelkelly/Projects/hodge/test/pm-integration.smoke.test.ts: line 73, col 35, Warning - Unsafe member access .toBeDefined on an `any` value. (@typescript-eslint/no-unsafe-member-access)\n/Users/michaelkelly/Projects/hodge/test/pm-integration.smoke.test.ts: line 74, col 3, Warning - Unsafe call of an `any` typed value. (@typescript-eslint/no-unsafe-call)\n/Users/michaelkelly/Projects/hodge/test/pm-integration.smoke.test.ts: line 74, col 3, Warning - Unsafe call of an `any` typed value. (@typescript-eslint/no-unsafe-call)\n/Users/michaelkelly/Projects/hodge/test/pm-integration.smoke.test.ts: line 74, col 20, Warning - Unsafe member access .isEpic on an `any` value. (@typescript-eslint/no-unsafe-member-access)\n/Users/michaelkelly/Projects/hodge/test/pm-integration.smoke.test.ts: line 74, col 28, Warning - Unsafe member access .toBeDefined on an `any` value. (@typescript-eslint/no-unsafe-member-access)\n/Users/michaelkelly/Projects/hodge/test/pm-integration.smoke.test.ts: line 77, col 9, Warning - Unsafe call of an `any` typed value. (@typescript-eslint/no-unsafe-call)\n/Users/michaelkelly/Projects/hodge/test/pm-integration.smoke.test.ts: line 77, col 17, Warning - Unsafe member access .cleanup on an `any` value. (@typescript-eslint/no-unsafe-member-access)\n/Users/michaelkelly/Projects/hodge/test/pm-integration.smoke.test.ts: line 80, col 1, Warning - Unsafe call of an `any` typed value. (@typescript-eslint/no-unsafe-call)\n/Users/michaelkelly/Projects/hodge/test/pm-integration.smoke.test.ts: line 81, col 9, Warning - Unsafe assignment of an `any` value. (@typescript-eslint/no-unsafe-assignment)\n/Users/michaelkelly/Projects/hodge/test/pm-integration.smoke.test.ts: line 81, col 19, Warning - Unsafe construction of an any type value. (@typescript-eslint/no-unsafe-call)\n/Users/michaelkelly/Projects/hodge/test/pm-integration.smoke.test.ts: line 82, col 9, Warning - Unsafe assignment of an `any` value. (@typescript-eslint/no-unsafe-assignment)\n/Users/michaelkelly/Projects/hodge/test/pm-integration.smoke.test.ts: line 82, col 25, Warning - Unsafe call of an `any` typed value. (@typescript-eslint/no-unsafe-call)\n/Users/michaelkelly/Projects/hodge/test/pm-integration.smoke.test.ts: line 82, col 33, Warning - Unsafe member access .setup on an `any` value. (@typescript-eslint/no-unsafe-member-access)\n/Users/michaelkelly/Projects/hodge/test/pm-integration.smoke.test.ts: line 84, col 9, Warning - Unsafe assignment of an `any` value. (@typescript-eslint/no-unsafe-assignment)\n/Users/michaelkelly/Projects/hodge/test/pm-integration.smoke.test.ts: line 84, col 21, Warning - Unsafe construction of an any type value. (@typescript-eslint/no-unsafe-call)\n/Users/michaelkelly/Projects/hodge/test/pm-integration.smoke.test.ts: line 87, col 9, Warning - Unsafe assignment of an `any` value. (@typescript-eslint/no-unsafe-assignment)\n/Users/michaelkelly/Projects/hodge/test/pm-integration.smoke.test.ts: line 87, col 24, Warning - Unsafe call of an `any` typed value. (@typescript-eslint/no-unsafe-call)\n/Users/michaelkelly/Projects/hodge/test/pm-integration.smoke.test.ts: line 87, col 34, Warning - Unsafe member access .createFeature on an `any` value. (@typescript-eslint/no-unsafe-member-access)\n/Users/michaelkelly/Projects/hodge/test/pm-integration.smoke.test.ts: line 88, col 9, Warning - Unsafe assignment of an `any` value. (@typescript-eslint/no-unsafe-assignment)\n/Users/michaelkelly/Projects/hodge/test/pm-integration.smoke.test.ts: line 88, col 27, Warning - Unsafe member access .localID on an `any` value. (@typescript-eslint/no-unsafe-member-access)\n/Users/michaelkelly/Projects/hodge/test/pm-integration.smoke.test.ts: line 89, col 3, Warning - Unsafe call of an `any` typed value. (@typescript-eslint/no-unsafe-call)\n/Users/michaelkelly/Projects/hodge/test/pm-integration.smoke.test.ts: line 89, col 3, Warning - Unsafe call of an `any` typed value. (@typescript-eslint/no-unsafe-call)\n/Users/michaelkelly/Projects/hodge/test/pm-integration.smoke.test.ts: line 89, col 20, Warning - Unsafe member access .toMatch on an `any` value. (@typescript-eslint/no-unsafe-member-access)\n/Users/michaelkelly/Projects/hodge/test/pm-integration.smoke.test.ts: line 92, col 9, Warning - Unsafe assignment of an `any` value. (@typescript-eslint/no-unsafe-assignment)\n/Users/michaelkelly/Projects/hodge/test/pm-integration.smoke.test.ts: line 92, col 24, Warning - Unsafe call of an `any` typed value. (@typescript-eslint/no-unsafe-call)\n/Users/michaelkelly/Projects/hodge/test/pm-integration.smoke.test.ts: line 92, col 34, Warning - Unsafe member access .createSubIssueID on an `any` value. (@typescript-eslint/no-unsafe-member-access)\n/Users/michaelkelly/Projects/hodge/test/pm-integration.smoke.test.ts: line 93, col 3, Warning - Unsafe call of an `any` typed value. (@typescript-eslint/no-unsafe-call)\n/Users/michaelkelly/Projects/hodge/test/pm-integration.smoke.test.ts: line 93, col 3, Warning - Unsafe call of an `any` typed value. (@typescript-eslint/no-unsafe-call)\n/Users/michaelkelly/Projects/hodge/test/pm-integration.smoke.test.ts: line 93, col 18, Warning - Unsafe member access .toBe on an `any` value. (@typescript-eslint/no-unsafe-member-access)\n/Users/michaelkelly/Projects/hodge/test/pm-integration.smoke.test.ts: line 95, col 9, Warning - Unsafe assignment of an `any` value. (@typescript-eslint/no-unsafe-assignment)\n/Users/michaelkelly/Projects/hodge/test/pm-integration.smoke.test.ts: line 95, col 24, Warning - Unsafe call of an `any` typed value. (@typescript-eslint/no-unsafe-call)\n/Users/michaelkelly/Projects/hodge/test/pm-integration.smoke.test.ts: line 95, col 34, Warning - Unsafe member access .createSubIssueID on an `any` value. (@typescript-eslint/no-unsafe-member-access)\n/Users/michaelkelly/Projects/hodge/test/pm-integration.smoke.test.ts: line 96, col 3, Warning - Unsafe call of an `any` typed value. (@typescript-eslint/no-unsafe-call)\n/Users/michaelkelly/Projects/hodge/test/pm-integration.smoke.test.ts: line 96, col 3, Warning - Unsafe call of an `any` typed value. (@typescript-eslint/no-unsafe-call)\n/Users/michaelkelly/Projects/hodge/test/pm-integration.smoke.test.ts: line 96, col 18, Warning - Unsafe member access .toBe on an `any` value. (@typescript-eslint/no-unsafe-member-access)\n/Users/michaelkelly/Projects/hodge/test/pm-integration.smoke.test.ts: line 99, col 9, Warning - Unsafe assignment of an `any` value. (@typescript-eslint/no-unsafe-assignment)\n/Users/michaelkelly/Projects/hodge/test/pm-integration.smoke.test.ts: line 99, col 24, Warning - Unsafe call of an `any` typed value. (@typescript-eslint/no-unsafe-call)\n/Users/michaelkelly/Projects/hodge/test/pm-integration.smoke.test.ts: line 99, col 34, Warning - Unsafe member access .isEpic on an `any` value. (@typescript-eslint/no-unsafe-member-access)\n/Users/michaelkelly/Projects/hodge/test/pm-integration.smoke.test.ts: line 100, col 3, Warning - Unsafe call of an `any` typed value. (@typescript-eslint/no-unsafe-call)\n/Users/michaelkelly/Projects/hodge/test/pm-integration.smoke.test.ts: line 100, col 3, Warning - Unsafe call of an `any` typed value. (@typescript-eslint/no-unsafe-call)\n/Users/michaelkelly/Projects/hodge/test/pm-integration.smoke.test.ts: line 100, col 18, Warning - Unsafe member access .toBe on an `any` value. (@typescript-eslint/no-unsafe-member-access)\n/Users/michaelkelly/Projects/hodge/test/pm-integration.smoke.test.ts: line 103, col 9, Warning - Unsafe call of an `any` typed value. (@typescript-eslint/no-unsafe-call)\n/Users/michaelkelly/Projects/hodge/test/pm-integration.smoke.test.ts: line 103, col 17, Warning - Unsafe member access .cleanup on an `any` value. (@typescript-eslint/no-unsafe-member-access)\n/Users/michaelkelly/Projects/hodge/test/pm-integration.smoke.test.ts: line 106, col 1, Warning - Unsafe call of an `any` typed value. (@typescript-eslint/no-unsafe-call)\n/Users/michaelkelly/Projects/hodge/test/pm-integration.smoke.test.ts: line 107, col 9, Warning - Unsafe assignment of an `any` value. (@typescript-eslint/no-unsafe-assignment)\n/Users/michaelkelly/Projects/hodge/test/pm-integration.smoke.test.ts: line 107, col 19, Warning - Unsafe construction of an any type value. (@typescript-eslint/no-unsafe-call)\n/Users/michaelkelly/Projects/hodge/test/pm-integration.smoke.test.ts: line 108, col 9, Warning - Unsafe assignment of an `any` value. (@typescript-eslint/no-unsafe-assignment)\n/Users/michaelkelly/Projects/hodge/test/pm-integration.smoke.test.ts: line 108, col 25, Warning - Unsafe call of an `any` typed value. (@typescript-eslint/no-unsafe-call)\n/Users/michaelkelly/Projects/hodge/test/pm-integration.smoke.test.ts: line 108, col 33, Warning - Unsafe member access .setup on an `any` value. (@typescript-eslint/no-unsafe-member-access)\n/Users/michaelkelly/Projects/hodge/test/pm-integration.smoke.test.ts: line 110, col 9, Warning - Unsafe assignment of an `any` value. (@typescript-eslint/no-unsafe-assignment)\n/Users/michaelkelly/Projects/hodge/test/pm-integration.smoke.test.ts: line 110, col 19, Warning - Unsafe construction of an any type value. (@typescript-eslint/no-unsafe-call)\n/Users/michaelkelly/Projects/hodge/test/pm-integration.smoke.test.ts: line 116, col 9, Warning - Unsafe assignment of an `any` value. (@typescript-eslint/no-unsafe-assignment)\n/Users/michaelkelly/Projects/hodge/test/pm-integration.smoke.test.ts: line 116, col 24, Warning - Unsafe call of an `any` typed value. (@typescript-eslint/no-unsafe-call)\n/Users/michaelkelly/Projects/hodge/test/pm-integration.smoke.test.ts: line 116, col 32, Warning - Unsafe member access .createPMIssue on an `any` value. (@typescript-eslint/no-unsafe-member-access)\n/Users/michaelkelly/Projects/hodge/test/pm-integration.smoke.test.ts: line 127, col 3, Warning - Unsafe call of an `any` typed value. (@typescript-eslint/no-unsafe-call)\n/Users/michaelkelly/Projects/hodge/test/pm-integration.smoke.test.ts: line 127, col 3, Warning - Unsafe call of an `any` typed value. (@typescript-eslint/no-unsafe-call)\n/Users/michaelkelly/Projects/hodge/test/pm-integration.smoke.test.ts: line 127, col 17, Warning - Unsafe member access .created on an `any` value. (@typescript-eslint/no-unsafe-member-access)\n/Users/michaelkelly/Projects/hodge/test/pm-integration.smoke.test.ts: line 127, col 26, Warning - Unsafe member access .toBe on an `any` value. (@typescript-eslint/no-unsafe-member-access)\n/Users/michaelkelly/Projects/hodge/test/pm-integration.smoke.test.ts: line 128, col 3, Warning - Unsafe call of an `any` typed value. (@typescript-eslint/no-unsafe-call)\n/Users/michaelkelly/Projects/hodge/test/pm-integration.smoke.test.ts: line 128, col 3, Warning - Unsafe call of an `any` typed value. (@typescript-eslint/no-unsafe-call)\n/Users/michaelkelly/Projects/hodge/test/pm-integration.smoke.test.ts: line 128, col 17, Warning - Unsafe member access .error on an `any` value. (@typescript-eslint/no-unsafe-member-access)\n/Users/michaelkelly/Projects/hodge/test/pm-integration.smoke.test.ts: line 128, col 24, Warning - Unsafe member access .toBeDefined on an `any` value. (@typescript-eslint/no-unsafe-member-access)\n/Users/michaelkelly/Projects/hodge/test/pm-integration.smoke.test.ts: line 136, col 9, Warning - Unsafe call of an `any` typed value. (@typescript-eslint/no-unsafe-call)\n/Users/michaelkelly/Projects/hodge/test/pm-integration.smoke.test.ts: line 136, col 17, Warning - Unsafe member access .cleanup on an `any` value. (@typescript-eslint/no-unsafe-member-access)\n/Users/michaelkelly/Projects/hodge/test/pm-integration.smoke.test.ts: line 139, col 1, Warning - Unsafe call of an `any` typed value. (@typescript-eslint/no-unsafe-call)\n/Users/michaelkelly/Projects/hodge/test/pm-integration.smoke.test.ts: line 143, col 11, Warning - Unsafe assignment of an `any` value. (@typescript-eslint/no-unsafe-assignment)\n/Users/michaelkelly/Projects/hodge/test/pm-integration.smoke.test.ts: line 143, col 21, Warning - Unsafe construction of an any type value. (@typescript-eslint/no-unsafe-call)\n/Users/michaelkelly/Projects/hodge/test/pm-integration.smoke.test.ts: line 144, col 11, Warning - Unsafe assignment of an `any` value. (@typescript-eslint/no-unsafe-assignment)\n/Users/michaelkelly/Projects/hodge/test/pm-integration.smoke.test.ts: line 144, col 27, Warning - Unsafe call of an `any` typed value. (@typescript-eslint/no-unsafe-call)\n/Users/michaelkelly/Projects/hodge/test/pm-integration.smoke.test.ts: line 144, col 35, Warning - Unsafe member access .setup on an `any` value. (@typescript-eslint/no-unsafe-member-access)\n/Users/michaelkelly/Projects/hodge/test/pm-integration.smoke.test.ts: line 146, col 11, Warning - Unsafe assignment of an `any` value. (@typescript-eslint/no-unsafe-assignment)\n/Users/michaelkelly/Projects/hodge/test/pm-integration.smoke.test.ts: line 146, col 21, Warning - Unsafe construction of an any type value. (@typescript-eslint/no-unsafe-call)\n/Users/michaelkelly/Projects/hodge/test/pm-integration.smoke.test.ts: line 149, col 11, Warning - Unsafe call of an `any` typed value. (@typescript-eslint/no-unsafe-call)\n/Users/michaelkelly/Projects/hodge/test/pm-integration.smoke.test.ts: line 149, col 11, Warning - Unsafe call of an `any` typed value. (@typescript-eslint/no-unsafe-call)\n/Users/michaelkelly/Projects/hodge/test/pm-integration.smoke.test.ts: line 149, col 18, Warning - Unsafe call of an `any` typed value. (@typescript-eslint/no-unsafe-call)\n/Users/michaelkelly/Projects/hodge/test/pm-integration.smoke.test.ts: line 149, col 26, Warning - Unsafe member access .processQueue on an `any` value. (@typescript-eslint/no-unsafe-member-access)\n/Users/michaelkelly/Projects/hodge/test/pm-integration.smoke.test.ts: line 149, col 42, Warning - Unsafe member access .resolves on an `any` value. (@typescript-eslint/no-unsafe-member-access)\n/Users/michaelkelly/Projects/hodge/test/pm-integration.smoke.test.ts: line 152, col 11, Warning - Unsafe call of an `any` typed value. (@typescript-eslint/no-unsafe-call)\n/Users/michaelkelly/Projects/hodge/test/pm-integration.smoke.test.ts: line 152, col 19, Warning - Unsafe member access .cleanup on an `any` value. (@typescript-eslint/no-unsafe-member-access)\n/Users/michaelkelly/Projects/hodge/test/pm-integration.smoke.test.ts: line 157, col 1, Warning - Unsafe call of an `any` typed value. (@typescript-eslint/no-unsafe-call)\n/Users/michaelkelly/Projects/hodge/test/pm-integration.smoke.test.ts: line 158, col 9, Warning - Unsafe assignment of an `any` value. (@typescript-eslint/no-unsafe-assignment)\n/Users/michaelkelly/Projects/hodge/test/pm-integration.smoke.test.ts: line 159, col 9, Warning - Unsafe assignment of an `any` value. (@typescript-eslint/no-unsafe-assignment)\n/Users/michaelkelly/Projects/hodge/test/pm-integration.smoke.test.ts: line 159, col 19, Warning - Unsafe construction of an any type value. (@typescript-eslint/no-unsafe-call)\n/Users/michaelkelly/Projects/hodge/test/pm-integration.smoke.test.ts: line 160, col 9, Warning - Unsafe assignment of an `any` value. (@typescript-eslint/no-unsafe-assignment)\n/Users/michaelkelly/Projects/hodge/test/pm-integration.smoke.test.ts: line 160, col 25, Warning - Unsafe call of an `any` typed value. (@typescript-eslint/no-unsafe-call)\n/Users/michaelkelly/Projects/hodge/test/pm-integration.smoke.test.ts: line 160, col 33, Warning - Unsafe member access .setup on an `any` value. (@typescript-eslint/no-unsafe-member-access)\n/Users/michaelkelly/Projects/hodge/test/pm-integration.smoke.test.ts: line 161, col 9, Warning - Unsafe assignment of an `any` value. (@typescript-eslint/no-unsafe-assignment)\n/Users/michaelkelly/Projects/hodge/test/pm-integration.smoke.test.ts: line 161, col 23, Warning - Unsafe construction of an any type value. (@typescript-eslint/no-unsafe-call)\n/Users/michaelkelly/Projects/hodge/test/pm-integration.smoke.test.ts: line 171, col 9, Warning - Unsafe call of an `any` typed value. (@typescript-eslint/no-unsafe-call)\n/Users/michaelkelly/Projects/hodge/test/pm-integration.smoke.test.ts: line 171, col 17, Warning - Unsafe member access .writeFile on an `any` value. (@typescript-eslint/no-unsafe-member-access)\n/Users/michaelkelly/Projects/hodge/test/pm-integration.smoke.test.ts: line 174, col 3, Warning - Unsafe call of an `any` typed value. (@typescript-eslint/no-unsafe-call)\n/Users/michaelkelly/Projects/hodge/test/pm-integration.smoke.test.ts: line 174, col 3, Warning - Unsafe call of an `any` typed value. (@typescript-eslint/no-unsafe-call)\n/Users/michaelkelly/Projects/hodge/test/pm-integration.smoke.test.ts: line 174, col 23, Warning - Unsafe member access .toBeDefined on an `any` value. (@typescript-eslint/no-unsafe-member-access)\n/Users/michaelkelly/Projects/hodge/test/pm-integration.smoke.test.ts: line 175, col 3, Warning - Unsafe call of an `any` typed value. (@typescript-eslint/no-unsafe-call)\n/Users/michaelkelly/Projects/hodge/test/pm-integration.smoke.test.ts: line 175, col 3, Warning - Unsafe call of an `any` typed value. (@typescript-eslint/no-unsafe-call)\n/Users/michaelkelly/Projects/hodge/test/pm-integration.smoke.test.ts: line 175, col 29, Warning - Unsafe member access .execute on an `any` value. (@typescript-eslint/no-unsafe-member-access)\n/Users/michaelkelly/Projects/hodge/test/pm-integration.smoke.test.ts: line 175, col 38, Warning - Unsafe member access .toBe on an `any` value. (@typescript-eslint/no-unsafe-member-access)\n/Users/michaelkelly/Projects/hodge/test/pm-integration.smoke.test.ts: line 177, col 9, Warning - Unsafe call of an `any` typed value. (@typescript-eslint/no-unsafe-call)\n/Users/michaelkelly/Projects/hodge/test/pm-integration.smoke.test.ts: line 177, col 17, Warning - Unsafe member access .cleanup on an `any` value. (@typescript-eslint/no-unsafe-member-access)\n/Users/michaelkelly/Projects/hodge/test/pm-integration.smoke.test.ts: line 180, col 1, Warning - Unsafe call of an `any` typed value. (@typescript-eslint/no-unsafe-call)\n/Users/michaelkelly/Projects/hodge/test/pm-integration.smoke.test.ts: line 181, col 9, Warning - Unsafe assignment of an `any` value. (@typescript-eslint/no-unsafe-assignment)\n/Users/michaelkelly/Projects/hodge/test/pm-integration.smoke.test.ts: line 181, col 19, Warning - Unsafe construction of an any type value. (@typescript-eslint/no-unsafe-call)\n/Users/michaelkelly/Projects/hodge/test/pm-integration.smoke.test.ts: line 182, col 9, Warning - Unsafe assignment of an `any` value. (@typescript-eslint/no-unsafe-assignment)\n/Users/michaelkelly/Projects/hodge/test/pm-integration.smoke.test.ts: line 182, col 25, Warning - Unsafe call of an `any` typed value. (@typescript-eslint/no-unsafe-call)\n/Users/michaelkelly/Projects/hodge/test/pm-integration.smoke.test.ts: line 182, col 33, Warning - Unsafe member access .setup on an `any` value. (@typescript-eslint/no-unsafe-member-access)\n/Users/michaelkelly/Projects/hodge/test/pm-integration.smoke.test.ts: line 183, col 9, Warning - Unsafe assignment of an `any` value. (@typescript-eslint/no-unsafe-assignment)\n/Users/michaelkelly/Projects/hodge/test/pm-integration.smoke.test.ts: line 183, col 25, Warning - Unsafe construction of an any type value. (@typescript-eslint/no-unsafe-call)\n/Users/michaelkelly/Projects/hodge/test/pm-integration.smoke.test.ts: line 186, col 9, Warning - Unsafe call of an `any` typed value. (@typescript-eslint/no-unsafe-call)\n/Users/michaelkelly/Projects/hodge/test/pm-integration.smoke.test.ts: line 186, col 17, Warning - Unsafe member access .writeFile on an `any` value. (@typescript-eslint/no-unsafe-member-access)\n/Users/michaelkelly/Projects/hodge/test/pm-integration.smoke.test.ts: line 188, col 9, Warning - Unsafe call of an `any` typed value. (@typescript-eslint/no-unsafe-call)\n/Users/michaelkelly/Projects/hodge/test/pm-integration.smoke.test.ts: line 188, col 23, Warning - Unsafe member access .execute on an `any` value. (@typescript-eslint/no-unsafe-member-access)\n/Users/michaelkelly/Projects/hodge/test/pm-integration.smoke.test.ts: line 192, col 15, Warning - Unsafe argument of type `any` assigned to a parameter of type `string`. (@typescript-eslint/no-unsafe-argument)\n/Users/michaelkelly/Projects/hodge/test/pm-integration.smoke.test.ts: line 195, col 3, Warning - Unsafe call of an `any` typed value. (@typescript-eslint/no-unsafe-call)\n/Users/michaelkelly/Projects/hodge/test/pm-integration.smoke.test.ts: line 195, col 3, Warning - Unsafe call of an `any` typed value. (@typescript-eslint/no-unsafe-call)\n/Users/michaelkelly/Projects/hodge/test/pm-integration.smoke.test.ts: line 195, col 21, Warning - Unsafe member access .toContain on an `any` value. (@typescript-eslint/no-unsafe-member-access)\n/Users/michaelkelly/Projects/hodge/test/pm-integration.smoke.test.ts: line 196, col 3, Warning - Unsafe call of an `any` typed value. (@typescript-eslint/no-unsafe-call)\n/Users/michaelkelly/Projects/hodge/test/pm-integration.smoke.test.ts: line 196, col 3, Warning - Unsafe call of an `any` typed value. (@typescript-eslint/no-unsafe-call)\n/Users/michaelkelly/Projects/hodge/test/pm-integration.smoke.test.ts: line 196, col 21, Warning - Unsafe member access .toContain on an `any` value. (@typescript-eslint/no-unsafe-member-access)\n/Users/michaelkelly/Projects/hodge/test/pm-integration.smoke.test.ts: line 198, col 9, Warning - Unsafe call of an `any` typed value. (@typescript-eslint/no-unsafe-call)\n/Users/michaelkelly/Projects/hodge/test/pm-integration.smoke.test.ts: line 198, col 17, Warning - Unsafe member access .cleanup on an `any` value. (@typescript-eslint/no-unsafe-member-access)\n/Users/michaelkelly/Projects/hodge/test/pm-integration.smoke.test.ts: line 201, col 1, Warning - Unsafe call of an `any` typed value. (@typescript-eslint/no-unsafe-call)\n/Users/michaelkelly/Projects/hodge/test/pm-integration.smoke.test.ts: line 202, col 9, Warning - Unsafe assignment of an `any` value. (@typescript-eslint/no-unsafe-assignment)\n/Users/michaelkelly/Projects/hodge/test/pm-integration.smoke.test.ts: line 202, col 19, Warning - Unsafe construction of an any type value. (@typescript-eslint/no-unsafe-call)\n/Users/michaelkelly/Projects/hodge/test/pm-integration.smoke.test.ts: line 203, col 9, Warning - Unsafe assignment of an `any` value. (@typescript-eslint/no-unsafe-assignment)\n/Users/michaelkelly/Projects/hodge/test/pm-integration.smoke.test.ts: line 203, col 25, Warning - Unsafe call of an `any` typed value. (@typescript-eslint/no-unsafe-call)\n/Users/michaelkelly/Projects/hodge/test/pm-integration.smoke.test.ts: line 203, col 33, Warning - Unsafe member access .setup on an `any` value. (@typescript-eslint/no-unsafe-member-access)\n/Users/michaelkelly/Projects/hodge/test/pm-integration.smoke.test.ts: line 205, col 9, Warning - Unsafe assignment of an `any` value. (@typescript-eslint/no-unsafe-assignment)\n/Users/michaelkelly/Projects/hodge/test/pm-integration.smoke.test.ts: line 205, col 21, Warning - Unsafe construction of an any type value. (@typescript-eslint/no-unsafe-call)\n/Users/michaelkelly/Projects/hodge/test/pm-integration.smoke.test.ts: line 208, col 9, Warning - Unsafe assignment of an `any` value. (@typescript-eslint/no-unsafe-assignment)\n/Users/michaelkelly/Projects/hodge/test/pm-integration.smoke.test.ts: line 208, col 24, Warning - Unsafe call of an `any` typed value. (@typescript-eslint/no-unsafe-call)\n/Users/michaelkelly/Projects/hodge/test/pm-integration.smoke.test.ts: line 208, col 34, Warning - Unsafe member access .createFeature on an `any` value. (@typescript-eslint/no-unsafe-member-access)\n/Users/michaelkelly/Projects/hodge/test/pm-integration.smoke.test.ts: line 209, col 9, Warning - Unsafe assignment of an `any` value. (@typescript-eslint/no-unsafe-assignment)\n/Users/michaelkelly/Projects/hodge/test/pm-integration.smoke.test.ts: line 209, col 27, Warning - Unsafe member access .localID on an `any` value. (@typescript-eslint/no-unsafe-member-access)\n/Users/michaelkelly/Projects/hodge/test/pm-integration.smoke.test.ts: line 210, col 9, Warning - Unsafe assignment of an `any` value. (@typescript-eslint/no-unsafe-assignment)\n/Users/michaelkelly/Projects/hodge/test/pm-integration.smoke.test.ts: line 210, col 24, Warning - Unsafe call of an `any` typed value. (@typescript-eslint/no-unsafe-call)\n/Users/michaelkelly/Projects/hodge/test/pm-integration.smoke.test.ts: line 210, col 34, Warning - Unsafe member access .createSubIssueID on an `any` value. (@typescript-eslint/no-unsafe-member-access)\n/Users/michaelkelly/Projects/hodge/test/pm-integration.smoke.test.ts: line 211, col 9, Warning - Unsafe assignment of an `any` value. (@typescript-eslint/no-unsafe-assignment)\n/Users/michaelkelly/Projects/hodge/test/pm-integration.smoke.test.ts: line 211, col 24, Warning - Unsafe call of an `any` typed value. (@typescript-eslint/no-unsafe-call)\n/Users/michaelkelly/Projects/hodge/test/pm-integration.smoke.test.ts: line 211, col 34, Warning - Unsafe member access .createSubIssueID on an `any` value. (@typescript-eslint/no-unsafe-member-access)\n/Users/michaelkelly/Projects/hodge/test/pm-integration.smoke.test.ts: line 214, col 9, Warning - Unsafe assignment of an `any` value. (@typescript-eslint/no-unsafe-assignment)\n/Users/michaelkelly/Projects/hodge/test/pm-integration.smoke.test.ts: line 214, col 27, Warning - Unsafe call of an `any` typed value. (@typescript-eslint/no-unsafe-call)\n/Users/michaelkelly/Projects/hodge/test/pm-integration.smoke.test.ts: line 214, col 37, Warning - Unsafe member access .getSubIssues on an `any` value. (@typescript-eslint/no-unsafe-member-access)\n/Users/michaelkelly/Projects/hodge/test/pm-integration.smoke.test.ts: line 215, col 3, Warning - Unsafe call of an `any` typed value. (@typescript-eslint/no-unsafe-call)\n/Users/michaelkelly/Projects/hodge/test/pm-integration.smoke.test.ts: line 215, col 3, Warning - Unsafe call of an `any` typed value. (@typescript-eslint/no-unsafe-call)\n/Users/michaelkelly/Projects/hodge/test/pm-integration.smoke.test.ts: line 215, col 21, Warning - Unsafe member access .toHaveLength on an `any` value. (@typescript-eslint/no-unsafe-member-access)\n/Users/michaelkelly/Projects/hodge/test/pm-integration.smoke.test.ts: line 216, col 3, Warning - Unsafe call of an `any` typed value. (@typescript-eslint/no-unsafe-call)\n/Users/michaelkelly/Projects/hodge/test/pm-integration.smoke.test.ts: line 216, col 3, Warning - Unsafe call of an `any` typed value. (@typescript-eslint/no-unsafe-call)\n/Users/michaelkelly/Projects/hodge/test/pm-integration.smoke.test.ts: line 216, col 20, Warning - Unsafe member access [0] on an `any` value. (@typescript-eslint/no-unsafe-member-access)\n/Users/michaelkelly/Projects/hodge/test/pm-integration.smoke.test.ts: line 216, col 32, Warning - Unsafe member access .toBe on an `any` value. (@typescript-eslint/no-unsafe-member-access)\n/Users/michaelkelly/Projects/hodge/test/pm-integration.smoke.test.ts: line 217, col 3, Warning - Unsafe call of an `any` typed value. (@typescript-eslint/no-unsafe-call)\n/Users/michaelkelly/Projects/hodge/test/pm-integration.smoke.test.ts: line 217, col 3, Warning - Unsafe call of an `any` typed value. (@typescript-eslint/no-unsafe-call)\n/Users/michaelkelly/Projects/hodge/test/pm-integration.smoke.test.ts: line 217, col 20, Warning - Unsafe member access [1] on an `any` value. (@typescript-eslint/no-unsafe-member-access)\n/Users/michaelkelly/Projects/hodge/test/pm-integration.smoke.test.ts: line 217, col 32, Warning - Unsafe member access .toBe on an `any` value. (@typescript-eslint/no-unsafe-member-access)\n/Users/michaelkelly/Projects/hodge/test/pm-integration.smoke.test.ts: line 220, col 9, Warning - Unsafe assignment of an `any` value. (@typescript-eslint/no-unsafe-assignment)\n/Users/michaelkelly/Projects/hodge/test/pm-integration.smoke.test.ts: line 220, col 28, Warning - Unsafe call of an `any` typed value. (@typescript-eslint/no-unsafe-call)\n/Users/michaelkelly/Projects/hodge/test/pm-integration.smoke.test.ts: line 220, col 38, Warning - Unsafe member access .getParentEpic on an `any` value. (@typescript-eslint/no-unsafe-member-access)\n/Users/michaelkelly/Projects/hodge/test/pm-integration.smoke.test.ts: line 221, col 3, Warning - Unsafe call of an `any` typed value. (@typescript-eslint/no-unsafe-call)\n/Users/michaelkelly/Projects/hodge/test/pm-integration.smoke.test.ts: line 221, col 3, Warning - Unsafe call of an `any` typed value. (@typescript-eslint/no-unsafe-call)\n/Users/michaelkelly/Projects/hodge/test/pm-integration.smoke.test.ts: line 221, col 22, Warning - Unsafe member access .localID on an `any` value. (@typescript-eslint/no-unsafe-member-access)\n/Users/michaelkelly/Projects/hodge/test/pm-integration.smoke.test.ts: line 221, col 31, Warning - Unsafe member access .toBe on an `any` value. (@typescript-eslint/no-unsafe-member-access)\n/Users/michaelkelly/Projects/hodge/test/pm-integration.smoke.test.ts: line 224, col 9, Warning - Unsafe call of an `any` typed value. (@typescript-eslint/no-unsafe-call)\n/Users/michaelkelly/Projects/hodge/test/pm-integration.smoke.test.ts: line 224, col 17, Warning - Unsafe member access .cleanup on an `any` value. (@typescript-eslint/no-unsafe-member-access)\n/Users/michaelkelly/Projects/hodge/test/pm-integration.smoke.test.ts: line 227, col 1, Warning - Unsafe call of an `any` typed value. (@typescript-eslint/no-unsafe-call)\n/Users/michaelkelly/Projects/hodge/test/pm-integration.smoke.test.ts: line 236, col 3, Warning - Unsafe call of an `any` typed value. (@typescript-eslint/no-unsafe-call)\n/Users/michaelkelly/Projects/hodge/test/pm-integration.smoke.test.ts: line 236, col 3, Warning - Unsafe call of an `any` typed value. (@typescript-eslint/no-unsafe-call)\n/Users/michaelkelly/Projects/hodge/test/pm-integration.smoke.test.ts: line 236, col 20, Warning - Unsafe member access .childIDs on an `any` value. (@typescript-eslint/no-unsafe-member-access)\n/Users/michaelkelly/Projects/hodge/test/pm-integration.smoke.test.ts: line 236, col 30, Warning - Unsafe member access .toHaveLength on an `any` value. (@typescript-eslint/no-unsafe-member-access)\n/Users/michaelkelly/Projects/hodge/test/pm-integration.smoke.test.ts: line 237, col 3, Warning - Unsafe call of an `any` typed value. (@typescript-eslint/no-unsafe-call)\n/Users/michaelkelly/Projects/hodge/test/pm-integration.smoke.test.ts: line 237, col 3, Warning - Unsafe call of an `any` typed value. (@typescript-eslint/no-unsafe-call)\n/Users/michaelkelly/Projects/hodge/test/pm-integration.smoke.test.ts: line 237, col 20, Warning - Unsafe member access .isEpic on an `any` value. (@typescript-eslint/no-unsafe-member-access)\n/Users/michaelkelly/Projects/hodge/test/pm-integration.smoke.test.ts: line 237, col 28, Warning - Unsafe member access .toBe on an `any` value. (@typescript-eslint/no-unsafe-member-access)\n/Users/michaelkelly/Projects/hodge/test/pm-integration.smoke.test.ts: line 238, col 3, Warning - Unsafe call of an `any` typed value. (@typescript-eslint/no-unsafe-call)\n/Users/michaelkelly/Projects/hodge/test/pm-integration.smoke.test.ts: line 238, col 3, Warning - Unsafe call of an `any` typed value. (@typescript-eslint/no-unsafe-call)\n/Users/michaelkelly/Projects/hodge/test/pm-integration.smoke.test.ts: line 238, col 20, Warning - Unsafe member access .parentID on an `any` value. (@typescript-eslint/no-unsafe-member-access)\n/Users/michaelkelly/Projects/hodge/test/pm-integration.smoke.test.ts: line 238, col 30, Warning - Unsafe member access .toBeUndefined on an `any` value. (@typescript-eslint/no-unsafe-member-access)\n/Users/michaelkelly/Projects/hodge/test/pm-integration.smoke.test.ts: line 241, col 1, Warning - Unsafe call of an `any` typed value. (@typescript-eslint/no-unsafe-call)\n/Users/michaelkelly/Projects/hodge/test/pm-integration.smoke.test.ts: line 248, col 3, Warning - Unsafe call of an `any` typed value. (@typescript-eslint/no-unsafe-call)\n/Users/michaelkelly/Projects/hodge/test/pm-integration.smoke.test.ts: line 248, col 3, Warning - Unsafe call of an `any` typed value. (@typescript-eslint/no-unsafe-call)\n/Users/michaelkelly/Projects/hodge/test/pm-integration.smoke.test.ts: line 248, col 19, Warning - Unsafe member access .parentID on an `any` value. (@typescript-eslint/no-unsafe-member-access)\n/Users/michaelkelly/Projects/hodge/test/pm-integration.smoke.test.ts: line 248, col 29, Warning - Unsafe member access .toBe on an `any` value. (@typescript-eslint/no-unsafe-member-access)\n/Users/michaelkelly/Projects/hodge/test/pm-integration.smoke.test.ts: line 249, col 3, Warning - Unsafe call of an `any` typed value. (@typescript-eslint/no-unsafe-call)\n/Users/michaelkelly/Projects/hodge/test/pm-integration.smoke.test.ts: line 249, col 3, Warning - Unsafe call of an `any` typed value. (@typescript-eslint/no-unsafe-call)\n/Users/michaelkelly/Projects/hodge/test/pm-integration.smoke.test.ts: line 249, col 19, Warning - Unsafe member access .childIDs on an `any` value. (@typescript-eslint/no-unsafe-member-access)\n/Users/michaelkelly/Projects/hodge/test/pm-integration.smoke.test.ts: line 249, col 29, Warning - Unsafe member access .toBeUndefined on an `any` value. (@typescript-eslint/no-unsafe-member-access)\n/Users/michaelkelly/Projects/hodge/test/pm-integration.smoke.test.ts: line 250, col 3, Warning - Unsafe call of an `any` typed value. (@typescript-eslint/no-unsafe-call)\n/Users/michaelkelly/Projects/hodge/test/pm-integration.smoke.test.ts: line 250, col 3, Warning - Unsafe call of an `any` typed value. (@typescript-eslint/no-unsafe-call)\n/Users/michaelkelly/Projects/hodge/test/pm-integration.smoke.test.ts: line 250, col 19, Warning - Unsafe member access .isEpic on an `any` value. (@typescript-eslint/no-unsafe-member-access)\n/Users/michaelkelly/Projects/hodge/test/pm-integration.smoke.test.ts: line 250, col 27, Warning - Unsafe member access .toBeUndefined on an `any` value. (@typescript-eslint/no-unsafe-member-access)\n\n312 problems\n",
    "stderr": ""
  },
  {
    "type": "testing",
    "tool": "vitest",
    "exitCode": 1,
    "errorCount": 0,
    "warningCount": 0,
    "errors": [],
    "warnings": [],
    "stdout": "\n RUN  v3.2.4 /Users/michaelkelly/Projects/hodge\n\nxx{\"level\":\"warn\",\"time\":\"2025-10-31T13:20:21.122Z\",\"name\":\"pm-adapter\",\"timestamp\":\"2025-10-31T13:20:21.121Z\",\"enableConsole\":false,\"msg\":\"Failed to load PM overrides\"}\n{\"level\":\"info\",\"time\":\"2025-10-31T13:20:21.144Z\",\"msg\":\"Process terminated\"}\n\n\n Test Files  1 failed | 128 passed (129)\n      Tests  2 failed | 1348 passed (1350)\n   Start at  06:20:05\n   Duration  17.32s (transform 2.58s, setup 0ms, collect 19.27s, tests 41.10s, environment 168ms, prepare 13.25s)\n\n",
    "stderr": "(node:36667) [DEP0040] DeprecationWarning: The `punycode` module is deprecated. Please use a userland alternative instead.\n(Use `node --trace-deprecation ...` to show where the warning was created)\n(node:36982) [DEP0040] DeprecationWarning: The `punycode` module is deprecated. Please use a userland alternative instead.\n(Use `node --trace-deprecation ...` to show where the warning was created)\n(node:36995) [DEP0040] DeprecationWarning: The `punycode` module is deprecated. Please use a userland alternative instead.\n(Use `node --trace-deprecation ...` to show where the warning was created)\n(node:37128) [DEP0040] DeprecationWarning: The `punycode` module is deprecated. Please use a userland alternative instead.\n(Use `node --trace-deprecation ...` to show where the warning was created)\n(node:37292) [DEP0040] DeprecationWarning: The `punycode` module is deprecated. Please use a userland alternative instead.\n(Use `node --trace-deprecation ...` to show where the warning was created)\n(node:37563) [DEP0040] DeprecationWarning: The `punycode` module is deprecated. Please use a userland alternative instead.\n(Use `node --trace-deprecation ...` to show where the warning was created)\n(node:37664) [DEP0040] DeprecationWarning: The `punycode` module is deprecated. Please use a userland alternative instead.\n(Use `node --trace-deprecation ...` to show where the warning was created)\nfatal: No names found, cannot describe anything.\nfatal: No names found, cannot describe anything.\n(node:37733) [DEP0040] DeprecationWarning: The `punycode` module is deprecated. Please use a userland alternative instead.\n(Use `node --trace-deprecation ...` to show where the warning was created)\n(node:37781) [DEP0040] DeprecationWarning: The `punycode` module is deprecated. Please use a userland alternative instead.\n(Use `node --trace-deprecation ...` to show where the warning was created)\n(node:37801) [DEP0040] DeprecationWarning: The `punycode` module is deprecated. Please use a userland alternative instead.\n(Use `node --trace-deprecation ...` to show where the warning was created)\n(node:37802) [DEP0040] DeprecationWarning: The `punycode` module is deprecated. Please use a userland alternative instead.\n(Use `node --trace-deprecation ...` to show where the warning was created)\n(node:37845) [DEP0040] DeprecationWarning: The `punycode` module is deprecated. Please use a userland alternative instead.\n(Use `node --trace-deprecation ...` to show where the warning was created)\n- Detecting project configuration...\n Project detection complete\n- Creating Hodge structure...\n Hodge structure created successfully\n- Detecting development tools...\n No development tools detected\n- Detecting project technologies...\n No review profiles with detection rules found\n- Detecting project configuration...\n Project detection complete\n- Creating Hodge structure...\n Hodge structure created successfully\n- Detecting development tools...\n No development tools detected\n- Detecting project technologies...\n No review profiles with detection rules found\n- Detecting project configuration...\n Project detection complete\n- Creating Hodge structure...\n Hodge structure created successfully\n- Detecting development tools...\n No development tools detected\n- Detecting project technologies...\n No review profiles with detection rules found\n- Detecting project configuration...\n Project detection complete\n- Creating Hodge structure...\n Hodge structure created successfully\n- Detecting development tools...\n No development tools detected\n- Detecting project technologies...\n No review profiles with detection rules found\n(node:37866) [DEP0040] DeprecationWarning: The `punycode` module is deprecated. Please use a userland alternative instead.\n(Use `node --trace-deprecation ...` to show where the warning was created)\n(node:38030) [DEP0040] DeprecationWarning: The `punycode` module is deprecated. Please use a userland alternative instead.\n(Use `node --trace-deprecation ...` to show where the warning was created)\n(node:38038) [DEP0040] DeprecationWarning: The `punycode` module is deprecated. Please use a userland alternative instead.\n(Use `node --trace-deprecation ...` to show where the warning was created)\n(node:38184) [DEP0040] DeprecationWarning: The `punycode` module is deprecated. Please use a userland alternative instead.\n(Use `node --trace-deprecation ...` to show where the warning was created)\n(node:38186) [DEP0040] DeprecationWarning: The `punycode` module is deprecated. Please use a userland alternative instead.\n(Use `node --trace-deprecation ...` to show where the warning was created)\n(node:38219) [DEP0040] DeprecationWarning: The `punycode` module is deprecated. Please use a userland alternative instead.\n(Use `node --trace-deprecation ...` to show where the warning was created)\n(node:38255) [DEP0040] DeprecationWarning: The `punycode` module is deprecated. Please use a userland alternative instead.\n(Use `node --trace-deprecation ...` to show where the warning was created)\n(node:38278) [DEP0040] DeprecationWarning: The `punycode` module is deprecated. Please use a userland alternative instead.\n(Use `node --trace-deprecation ...` to show where the warning was created)\n(node:38289) [DEP0040] DeprecationWarning: The `punycode` module is deprecated. Please use a userland alternative instead.\n(Use `node --trace-deprecation ...` to show where the warning was created)\n(node:38298) [DEP0040] DeprecationWarning: The `punycode` module is deprecated. Please use a userland alternative instead.\n(Use `node --trace-deprecation ...` to show where the warning was created)\n\n Failed Tests 2 \n\n FAIL  src/commands/hodge-319.1.smoke.test.ts > HODGE-319.1 - Phase 1 Quick Wins > [smoke] should fix /build decision file path (bug fix)\nAssertionError: expected 'import chalk from \\'chalk\\';\\nimport ' to contain 'path.join(featureDir, \\'decisions.md\\'\n\n\u001b[32m- Expected\u001b[39m\n\u001b[31m+ Received\u001b[39m\n\n\u001b[32m- path.join(featureDir, 'decisions.md')\u001b[39m\n\u001b[31m+ import chalk from 'chalk';\u001b[39m\n\u001b[31m+ import { promises as fs } from 'fs';\u001b[39m\n\u001b[31m+ import * as path from 'path';\u001b[39m\n\u001b[31m+ import { CacheManager } from '../lib/cache-manager.js';\u001b[39m\n\u001b[31m+ import { ContextManager } from '../lib/context-manager.js';\u001b[39m\n\u001b[31m+ import { PMHooks } from '../lib/pm/pm-hooks.js';\u001b[39m\n\u001b[31m+ import { createCommandLogger } from '../lib/logger.js';\u001b[39m\n\u001b[31m+ import { ShipService } from '../lib/ship-service.js';\u001b[39m\n\u001b[31m+ import { getCurrentCommitSHA } from '../lib/git-utils.js';\u001b[39m\n\u001b[31m+\u001b[39m\n\u001b[31m+ export interface BuildOptions {\u001b[39m\n\u001b[31m+   skipChecks?: boolean;\u001b[39m\n\u001b[31m+   sequential?: boolean; // Run I/O operations sequentially for debugging\u001b[39m\n\u001b[31m+ }\u001b[39m\n\u001b[31m+\u001b[39m\n\u001b[31m+ /**\u001b[39m\n\u001b[31m+  * Build Command with parallel I/O and smart caching\u001b[39m\n\u001b[31m+  * Combines parallel I/O and smart caching for 60-70% performance improvement\u001b[39m\n\u001b[31m+  *\u001b[39m\n\u001b[31m+  * @class BuildCommand\u001b[39m\n\u001b[31m+  * @description Production-ready build command with performance optimizations\u001b[39m\n\u001b[31m+  */\u001b[39m\n\u001b[31m+ export class BuildCommand {\u001b[39m\n\u001b[31m+   private cache = CacheManager.getInstance();\u001b[39m\n\u001b[31m+   private pmHooks: PMHooks;\u001b[39m\n\u001b[31m+   private logger = createCommandLogger('build', { enableConsole: true });\u001b[39m\n\u001b[31m+   private shipService: ShipService;\u001b[39m\n\u001b[31m+   private contextManager: ContextManager;\u001b[39m\n\u001b[31m+\u001b[39m\n\u001b[31m+   constructor(basePath: string = process.cwd()) {\u001b[39m\n\u001b[31m+     this.contextManager = new ContextManager(basePath);\u001b[39m\n\u001b[31m+     this.pmHooks = new PMHooks(basePath);\u001b[39m\n\u001b[31m+     this.shipService = new ShipService(basePath);\u001b[39m\n\u001b[31m+   }\u001b[39m\n\u001b[31m+\u001b[39m\n\u001b[31m+   /**\u001b[39m\n\u001b[31m+    * Setup build paths for the feature\u001b[39m\n\u001b[31m+    */\u001b[39m\n\u001b[31m+   private setupBuildPaths(feature: string) {\u001b[39m\n\u001b[31m+     return {\u001b[39m\n\u001b[31m+       featureDir: path.join('.hodge', 'features', feature),\u001b[39m\n\u001b[31m+       buildDir: path.join('.hodge', 'features', feature, 'build'),\u001b[39m\n\u001b[31m+       exploreDir: path.join('.hodge', 'features', feature, 'explore'),\u001b[39m\n\u001b[31m+       decisionFile: path.join('.hodge', 'features', feature, 'decisions.md'),\u001b[39m\n\u001b[31m+       issueIdFile: path.join('.hodge', 'features', feature, 'issue-id.txt'),\u001b[39m\n\u001b[31m+       standardsFile: path.join('.hodge', 'standards.md'),\u001b[39m\n\u001b[31m+       patternsDir: path.join('.hodge', 'patterns'),\u001b[39m\n\u001b[31m+     };\u001b[39m\n\u001b[31m+   }\u001b[39m\n\u001b[31m+\u001b[39m\n\u001b[31m+   /**\u001b[39m\n\u001b[31m+    * Load build data in parallel with caching\u001b[39m\n\u001b[31m+    */\u001b[39m\n\u001b[31m+   private async loadBuildData(\u001b[39m\n\u001b[31m+     hasIssueId: boolean,\u001b[39m\n\u001b[31m+     hasStandards: boolean,\u001b[39m\n\u001b[31m+     hasPatterns: boolean,\u001b[39m\n\u001b[31m+     issueIdFile: string,\u001b[39m\n\u001b[31m+     standardsFile: string,\u001b[39m\n\u001b[31m+     patternsDir: string\u001b[39m\n\u001b[31m+   ): Promise<[string | null, string | null, string[], string]> {\u001b[39m\n\u001b[31m+     return await Promise.all([\u001b[39m\n\u001b[31m+       // Issue ID is feature-specific, no caching\u001b[39m\n\u001b[31m+       hasIssueId\u001b[39m\n\u001b[31m+         ? fs.readFile(issueIdFile, 'utf-8').then((s: string) => s.trim())\u001b[39m\n\u001b[31m+         : Promise.resolve(null),\u001b[39m\n\u001b[31m+\u001b[39m\n\u001b[31m+       // Cache standards (changes rarely)\u001b[39m\n\u001b[31m+       this.cache.getOrLoad(\u001b[39m\n\u001b[31m+         'build:standards',\u001b[39m\n\u001b[31m+         async () => {\u001b[39m\n\u001b[31m+           if (hasStandards) {\u001b[39m\n\u001b[31m+             const content = await fs.readFile(standardsFile, 'utf-8');\u001b[39m\n\u001b[31m+             this.logger.info(chalk.green(' Loaded project standards'));\u001b[39m\n\u001b[31m+             return content;\u001b[39m\n\u001b[31m+           }\u001b[39m\n\u001b[31m+           return null;\u001b[39m\n\u001b[31m+         },\u001b[39m\n\u001b[31m+         { ttl: 300000 } // 5 minutes cache\u001b[39m\n\u001b[31m+       ),\u001b[39m\n\u001b[31m+\u001b[39m\n\u001b[31m+       // Cache patterns list (changes occasionally)\u001b[39m\n\u001b[31m+       this.cache.getOrLoad(\u001b[39m\n\u001b[31m+         'build:patterns',\u001b[39m\n\u001b[31m+         async () => {\u001b[39m\n\u001b[31m+           if (hasPatterns) {\u001b[39m\n\u001b[31m+             const files = await fs.readdir(patternsDir);\u001b[39m\n\u001b[31m+             return files.filter((f: string) => f.endsWith('.md'));\u001b[39m\n\u001b[31m+           }\u001b[39m\n\u001b[31m+           return [];\u001b[39m\n\u001b[31m+         },\u001b[39m\n\u001b[31m+         { ttl: 60000 } // 1 minute cache\u001b[39m\n\u001b[31m+       ),\u001b[39m\n\u001b[31m+\u001b[39m\n\u001b[31m+       // Cache build plan template\u001b[39m\n\u001b[31m+       this.cache.getOrLoad(\u001b[39m\n\u001b[31m+         'build:template',\u001b[39m\n\u001b[31m+         () => Promise.resolve(this.generateBuildPlanTemplate()),\u001b[39m\n\u001b[31m+         { ttl: 600000 } // 10 minutes cache\u001b[39m\n\u001b[31m+       ),\u001b[39m\n\u001b[31m+     ]);\u001b[39m\n\u001b[31m+   }\u001b[39m\n\u001b[31m+\u001b[39m\n\u001b[31m+   /**\u001b[39m\n\u001b[31m+    * Setup build environment (directories and files)\u001b[39m\n\u001b[31m+    */\u001b[39m\n\u001b[31m+   private async setupBuildEnvironment(\u001b[39m\n\u001b[31m+     buildDir: string,\u001b[39m\n\u001b[31m+     feature: string,\u001b[39m\n\u001b[31m+     buildPlanTemplate: string,\u001b[39m\n\u001b[31m+     issueId: string | null,\u001b[39m\n\u001b[31m+     pmTool: string | undefined\u001b[39m\n\u001b[31m+   ) {\u001b[39m\n\u001b[31m+     // Create directory\u001b[39m\n\u001b[31m+     await fs.mkdir(buildDir, { recursive: true });\u001b[39m\n\u001b[31m+\u001b[39m\n\u001b[31m+     // HODGE-341.2: Record buildStartCommit\u001b[39m\n\u001b[31m+     try {\u001b[39m\n\u001b[31m+       const commitSHA = await getCurrentCommitSHA();\u001b[39m\n\u001b[31m+       await this.shipService.updateShipRecord(feature, {\u001b[39m\n\u001b[31m+         buildStartCommit: commitSHA,\u001b[39m\n\u001b[31m+       });\u001b[39m\n\u001b[31m+       this.logger.debug('Recorded buildStartCommit', { feature, commitSHA });\u001b[39m\n\u001b[31m+     } catch (error) {\u001b[39m\n\u001b[31m+       this.logger.warn('Could not record buildStartCommit (git may not be available)', {\u001b[39m\n\u001b[31m+         error: error as Error,\u001b[39m\n\u001b[31m+       });\u001b[39m\n\u001b[31m+     }\u001b[39m\n\u001b[31m+\u001b[39m\n\u001b[31m+     // Write build plan\u001b[39m\n\u001b[31m+     await fs.writeFile(\u001b[39m\n\u001b[31m+       path.join(buildDir, 'build-plan.md'),\u001b[39m\n\u001b[31m+       this.populateBuildPlan(buildPlanTemplate, feature, issueId, pmTool ?? null)\u001b[39m\n\u001b[31m+     );\u001b[39m\n\u001b[31m+   }\u001b[39m\n\u001b[31m+\u001b[39m\n\u001b[31m+   /**\u001b[39m\n\u001b[31m+    * Display build results and guidelines\u001b[39m\n\u001b[31m+    */\u001b[39m\n\u001b[31m+   private displayBuildResults(\u001b[39m\n\u001b[31m+     buildDir: string,\u001b[39m\n\u001b[31m+     feature: string,\u001b[39m\n\u001b[31m+     patterns: string[],\u001b[39m\n\u001b[31m+     startTime: number\u001b[39m\n\u001b[31m+   ) {\u001b[39m\n\u001b[31m+     this.logger.info(chalk.green(' Build environment prepared\\n'));\u001b[39m\n\u001b[31m+\u001b[39m\n\u001b[31m+     this.logger.info(chalk.bold('In Build Mode:'));\u001b[39m\n\u001b[31m+     this.logger.info('   Standards are ' + chalk.blue('recommended'));\u001b[39m\n\u001b[31m+     this.logger.info('   Patterns should be ' + chalk.blue('reused'));\u001b[39m\n\u001b[31m+     this.logger.info('   Focus on ' + chalk.blue('structured implementation'));\u001b[39m\n\u001b[31m+     this.logger.info('   Balance ' + chalk.blue('quality and speed') + '\\n');\u001b[39m\n\u001b[31m+\u001b[39m\n\u001b[31m+     if (patterns.length > 0) {\u001b[39m\n\u001b[31m+       this.logger.info(chalk.bold('Available patterns:'));\u001b[39m\n\u001b[31m+       patterns.forEach((p: string) => {\u001b[39m\n\u001b[31m+         this.logger.info(chalk.gray(`   ${p.replace('.md', '')}`));\u001b[39m\n\u001b[31m+       });\u001b[39m\n\u001b[31m+       this.logger.info('');\u001b[39m\n\u001b[31m+     }\u001b[39m\n\u001b[31m+\u001b[39m\n\u001b[31m+     this.logger.info(chalk.bold('Files created:'));\u001b[39m\n\u001b[31m+     this.logger.info(chalk.gray(`   ${path.join(buildDir, 'build-plan.md')}`));\u001b[39m\n\u001b[31m+\u001b[39m\n\u001b[31m+     this.logger.info('\\n' + chalk.bold('Build guidelines:'));\u001b[39m\n\u001b[31m+     this.logger.info('   ' + chalk.green('SHOULD') + ' follow coding standards');\u001b[39m\n\u001b[31m+     this.logger.info('   ' + chalk.green('SHOULD') + ' use established patterns');\u001b[39m\n\u001b[31m+     this.logger.info('   ' + chalk.green('SHOULD') + ' include error handling');\u001b[39m\n\u001b[31m+     this.logger.info('   ' + chalk.yellow('CONSIDER') + ' adding tests\\n');\u001b[39m\n\u001b[31m+\u001b[39m\n\u001b[31m+     this.logger.info(chalk.bold('Next steps:'));\u001b[39m\n\u001b[31m+     this.logger.info('  1. Implement the feature');\u001b[39m\n\u001b[31m+     this.logger.info('  2. Update ' + chalk.yellow(`${path.join(buildDir, 'build-plan.md')}`));\u001b[39m\n\u001b[31m+     this.logger.info('  3. Run ' + chalk.cyan('`npm test`') + ' to verify');\u001b[39m\n\u001b[31m+     this.logger.info(\u001b[39m\n\u001b[31m+       '  4. Use ' + chalk.cyan(`\\`/harden ${feature}\\``) + ' for production readiness\\n'\u001b[39m\n\u001b[31m+     );\u001b[39m\n\u001b[31m+\u001b[39m\n\u001b[31m+     this.logger.info(chalk.dim('Build context saved to: ' + buildDir));\u001b[39m\n\u001b[31m+\u001b[39m\n\u001b[31m+     // Performance metrics (only in development)\u001b[39m\n\u001b[31m+     if (process.env.NODE_ENV === 'development' || process.env.HODGE_DEBUG) {\u001b[39m\n\u001b[31m+       const elapsed = Date.now() - startTime;\u001b[39m\n\u001b[31m+       this.logger.info(\u001b[39m\n\u001b[31m+         chalk.dim(\u001b[39m\n\u001b[31m+           `\\nPerformance: ${elapsed}ms (cache hit rate: ${this.cache.getStats().hitRate.toFixed(1)}%)`\u001b[39m\n\u001b[31m+         )\u001b[39m\n\u001b[31m+       );\u001b[39m\n\u001b[31m+     }\u001b[39m\n\u001b[31m+   }\u001b[39m\n\u001b[31m+\u001b[39m\n\u001b[31m+   /**\u001b[39m\n\u001b[31m+    * Handle build command errors\u001b[39m\n\u001b[31m+    */\u001b[39m\n\u001b[31m+   private handleBuildError(error: unknown): never {\u001b[39m\n\u001b[31m+     const errorMessage = error instanceof Error ? error.message : 'Unknown error occurred';\u001b[39m\n\u001b[31m+     this.logger.error(chalk.red(`\\n Build command failed: ${errorMessage}`), {\u001b[39m\n\u001b[31m+       error: error as Error,\u001b[39m\n\u001b[31m+     });\u001b[39m\n\u001b[31m+\u001b[39m\n\u001b[31m+     if (process.env.HODGE_DEBUG) {\u001b[39m\n\u001b[31m+       this.logger.error(chalk.dim('Stack trace:'));\u001b[39m\n\u001b[31m+       this.logger.error(error as Error);\u001b[39m\n\u001b[31m+     }\u001b[39m\n\u001b[31m+\u001b[39m\n\u001b[31m+     throw error;\u001b[39m\n\u001b[31m+   }\u001b[39m\n\u001b[31m+\u001b[39m\n\u001b[31m+   /**\u001b[39m\n\u001b[31m+    * Execute the build command for a feature\u001b[39m\n\u001b[31m+    * @param {string} feature - The feature name to build (optional, uses context if not provided)\u001b[39m\n\u001b[31m+    * @param {BuildOptions} options - Build options including skipChecks flag\u001b[39m\n\u001b[31m+    * @returns {Promise<void>}\u001b[39m\n\u001b[31m+    * @throws {Error} If critical file operations fail\u001b[39m\n\u001b[31m+    */\u001b[39m\n\u001b[31m+   async execute(feature?: string, options: BuildOptions = {}): Promise<void> {\u001b[39m\n\u001b[31m+     const startTime = Date.now();\u001b[39m\n\u001b[31m+\u001b[39m\n\u001b[31m+     // Get feature from argument or context\u001b[39m\n\u001b[31m+     const resolvedFeature = await this.contextManager.getFeature(feature);\u001b[39m\n\u001b[31m+     if (!resolvedFeature) {\u001b[39m\n\u001b[31m+       throw new Error(\u001b[39m\n\u001b[31m+         'No feature specified. Please provide a feature name or run \"hodge explore <feature>\" first to set context.'\u001b[39m\n\u001b[31m+       );\u001b[39m\n\u001b[31m+     }\u001b[39m\n\u001b[31m+     feature = resolvedFeature;\u001b[39m\n\u001b[31m+     await this.contextManager.updateForCommand('build', feature, 'build');\u001b[39m\n\u001b[31m+\u001b[39m\n\u001b[31m+     try {\u001b[39m\n\u001b[31m+       this.logger.info(chalk.blue(' Entering Build Mode'));\u001b[39m\n\u001b[31m+       this.logger.info(chalk.gray(`Feature: ${feature}\\n`));\u001b[39m\n\u001b[31m+       this.displayAIContext(feature);\u001b[39m\n\u001b[31m+\u001b[39m\n\u001b[31m+       const paths = this.setupBuildPaths(feature);\u001b[39m\n\u001b[31m+\u001b[39m\n\u001b[31m+       // Validate prerequisites\u001b[39m\n\u001b[31m+       const validation = await this.validatePrerequisites({\u001b[39m\n\u001b[31m+         ...paths,\u001b[39m\n\u001b[31m+         feature,\u001b[39m\n\u001b[31m+         skipChecks: options.skipChecks ?? false,\u001b[39m\n\u001b[31m+         sequential: options.sequential ?? false,\u001b[39m\n\u001b[31m+       });\u001b[39m\n\u001b[31m+\u001b[39m\n\u001b[31m+       if (!validation.canProceed) {\u001b[39m\n\u001b[31m+         return;\u001b[39m\n\u001b[31m+       }\u001b[39m\n\u001b[31m+\u001b[39m\n\u001b[31m+       const { hasIssueId, hasStandards, hasPatterns } = validation;\u001b[39m\n\u001b[31m+\u001b[39m\n\u001b[31m+       // Load data in parallel\u001b[39m\n\u001b[31m+       const [issueId, , patterns, buildPlanTemplate] = await this.loadBuildData(\u001b[39m\n\u001b[31m+         hasIssueId,\u001b[39m\n\u001b[31m+         hasStandards,\u001b[39m\n\u001b[31m+         hasPatterns,\u001b[39m\n\u001b[31m+         paths.issueIdFile,\u001b[39m\n\u001b[31m+         paths.standardsFile,\u001b[39m\n\u001b[31m+         paths.patternsDir\u001b[39m\n\u001b[31m+       );\u001b[39m\n\u001b[31m+\u001b[39m\n\u001b[31m+       // Update PM tracking\u001b[39m\n\u001b[31m+       await this.pmHooks.onBuild(feature);\u001b[39m\n\u001b[31m+\u001b[39m\n\u001b[31m+       // Display PM integration\u001b[39m\n\u001b[31m+       const pmTool = process.env.HODGE_PM_TOOL;\u001b[39m\n\u001b[31m+       if (pmTool && issueId) {\u001b[39m\n\u001b[31m+         this.logger.info(chalk.blue(` Linked to ${pmTool} issue: ${issueId}`));\u001b[39m\n\u001b[31m+       }\u001b[39m\n\u001b[31m+\u001b[39m\n\u001b[31m+       // Setup build environment\u001b[39m\n\u001b[31m+       await this.setupBuildEnvironment(paths.buildDir, feature, buildPlanTemplate, issueId, pmTool);\u001b[39m\n\u001b[31m+\u001b[39m\n\u001b[31m+       // Display results\u001b[39m\n\u001b[31m+       this.displayBuildResults(paths.buildDir, feature, patterns, startTime);\u001b[39m\n\u001b[31m+     } catch (error) {\u001b[39m\n\u001b[31m+       this.handleBuildError(error);\u001b[39m\n\u001b[31m+     }\u001b[39m\n\u001b[31m+   }\u001b[39m\n\u001b[31m+\u001b[39m\n\u001b[31m+   /**\u001b[39m\n\u001b[31m+    * Display AI context information for build mode\u001b[39m\n\u001b[31m+    * @param {string} feature - The feature being built\u001b[39m\n\u001b[31m+    * @private\u001b[39m\n\u001b[31m+    */\u001b[39m\n\u001b[31m+   private displayAIContext(feature: string): void {\u001b[39m\n\u001b[31m+     this.logger.info(chalk.bold(''.repeat(60)));\u001b[39m\n\u001b[31m+     this.logger.info(chalk.blue.bold('AI CONTEXT UPDATE:'));\u001b[39m\n\u001b[31m+     this.logger.info(chalk.bold(''.repeat(60)));\u001b[39m\n\u001b[31m+     this.logger.info(`You are now in ${chalk.blue.bold('BUILD MODE')} for: ${feature}`);\u001b[39m\n\u001b[31m+     this.logger.info('\\nRequirements for AI assistance:');\u001b[39m\n\u001b[31m+     this.logger.info(' Standards SHOULD be followed (recommended)');\u001b[39m\n\u001b[31m+     this.logger.info(' Use established patterns where applicable');\u001b[39m\n\u001b[31m+     this.logger.info(' Include basic error handling');\u001b[39m\n\u001b[31m+     this.logger.info(' Balance quality with development speed');\u001b[39m\n\u001b[31m+     this.logger.info(' Add helpful comments for complex logic');\u001b[39m\n\u001b[31m+     this.logger.info(chalk.bold(''.repeat(60)) + '\\n');\u001b[39m\n\u001b[31m+   }\u001b[39m\n\u001b[31m+\u001b[39m\n\u001b[31m+   /**\u001b[39m\n\u001b[31m+    * Check if a file or directory exists\u001b[39m\n\u001b[31m+    * @param {string} filePath - Path to check\u001b[39m\n\u001b[31m+    * @returns {Promise<boolean>} True if exists, false otherwise\u001b[39m\n\u001b[31m+    * @private\u001b[39m\n\u001b[31m+    */\u001b[39m\n\u001b[31m+   private async fileExists(filePath: string): Promise<boolean> {\u001b[39m\n\u001b[31m+     try {\u001b[39m\n\u001b[31m+       await fs.access(filePath);\u001b[39m\n\u001b[31m+       return true;\u001b[39m\n\u001b[31m+     } catch {\u001b[39m\n\u001b[31m+       return false;\u001b[39m\n\u001b[31m+     }\u001b[39m\n\u001b[31m+   }\u001b[39m\n\u001b[31m+\u001b[39m\n\u001b[31m+   /**\u001b[39m\n\u001b[31m+    * Generate the build plan template\u001b[39m\n\u001b[31m+    * @returns {string} The build plan template with placeholders\u001b[39m\n\u001b[31m+    * @private\u001b[39m\n\u001b[31m+    */\u001b[39m\n\u001b[31m+   private generateBuildPlanTemplate(): string {\u001b[39m\n\u001b[31m+     // Template is now cached and reused\u001b[39m\n\u001b[31m+     return `# Build Plan: \\${feature}\u001b[39m\n\u001b[31m+\u001b[39m\n\u001b[31m+ ## Feature Overview\u001b[39m\n\u001b[31m+ \\${pmInfo}\u001b[39m\n\u001b[31m+ **Status**: In Progress\u001b[39m\n\u001b[31m+\u001b[39m\n\u001b[31m+ ## Implementation Checklist\u001b[39m\n\u001b[31m+\u001b[39m\n\u001b[31m+ ### Core Implementation\u001b[39m\n\u001b[31m+ - [ ] Create main component/module\u001b[39m\n\u001b[31m+ - [ ] Implement core logic\u001b[39m\n\u001b[31m+ - [ ] Add error handling\u001b[39m\n\u001b[31m+ - [ ] Include inline documentation\u001b[39m\n\u001b[31m+\u001b[39m\n\u001b[31m+ ### Integration\u001b[39m\n\u001b[31m+ - [ ] Connect with existing modules\u001b[39m\n\u001b[31m+ - [ ] Update CLI/API endpoints\u001b[39m\n\u001b[31m+ - [ ] Configure dependencies\u001b[39m\n\u001b[31m+\u001b[39m\n\u001b[31m+ ### Quality Checks\u001b[39m\n\u001b[31m+ - [ ] Follow coding standards\u001b[39m\n\u001b[31m+ - [ ] Use established patterns\u001b[39m\n\u001b[31m+ - [ ] Add basic validation\u001b[39m\n\u001b[31m+ - [ ] Consider edge cases\u001b[39m\n\u001b[31m+\u001b[39m\n\u001b[31m+ ## Files Modified\u001b[39m\n\u001b[31m+ <!-- Track files as you modify them -->\u001b[39m\n\u001b[31m+ - \\`path/to/file1.ts\\` - Description\u001b[39m\n\u001b[31m+ - \\`path/to/file2.ts\\` - Description\u001b[39m\n\u001b[31m+\u001b[39m\n\u001b[31m+ ## Decisions Made\u001b[39m\n\u001b[31m+ <!-- Document any implementation decisions -->\u001b[39m\n\u001b[31m+ - Decision 1: Reasoning\u001b[39m\n\u001b[31m+ - Decision 2: Reasoning\u001b[39m\n\u001b[31m+\u001b[39m\n\u001b[31m+ ## Testing Notes\u001b[39m\n\u001b[31m+ <!-- Notes for testing approach -->\u001b[39m\n\u001b[31m+ - Test scenario 1\u001b[39m\n\u001b[31m+ - Test scenario 2\u001b[39m\n\u001b[31m+\u001b[39m\n\u001b[31m+ ## Next Steps\u001b[39m\n\u001b[31m+ After implementation:\u001b[39m\n\u001b[31m+ 1. Run tests with \\`npm test\\`\u001b[39m\n\u001b[31m+ 2. Check linting with \\`npm run lint\\`\u001b[39m\n\u001b[31m+ 3. Review changes\u001b[39m\n\u001b[31m+ 4. Proceed to \\`/harden \\${feature}\\` for production readiness\u001b[39m\n\u001b[31m+ `;\u001b[39m\n\u001b[31m+   }\u001b[39m\n\u001b[31m+\u001b[39m\n\u001b[31m+   /**\u001b[39m\n\u001b[31m+    * Populate the build plan template with actual values\u001b[39m\n\u001b[31m+    * @param {string} template - The template string\u001b[39m\n\u001b[31m+    * @param {string} feature - The feature name\u001b[39m\n\u001b[31m+    * @param {string | null} issueId - PM issue ID if available\u001b[39m\n\u001b[31m+    * @param {string | null} pmTool - PM tool name if configured\u001b[39m\n\u001b[31m+    * @returns {string} The populated build plan\u001b[39m\n\u001b[31m+    * @private\u001b[39m\n\u001b[31m+    */\u001b[39m\n\u001b[31m+   private populateBuildPlan(\u001b[39m\n\u001b[31m+     template: string,\u001b[39m\n\u001b[31m+     feature: string,\u001b[39m\n\u001b[31m+     issueId: string | null,\u001b[39m\n\u001b[31m+     pmTool: string | null\u001b[39m\n\u001b[31m+   ): string {\u001b[39m\n\u001b[31m+     if (!template) {\u001b[39m\n\u001b[31m+       return '';\u001b[39m\n\u001b[31m+     }\u001b[39m\n\u001b[31m+\u001b[39m\n\u001b[31m+     const pmInfo =\u001b[39m\n\u001b[31m+       issueId && pmTool ? `**PM Issue**: ${issueId} (${pmTool})` : 'No PM issue linked';\u001b[39m\n\u001b[31m+\u001b[39m\n\u001b[31m+     return template.replace(/\\${feature}/g, feature).replace('${pmInfo}', pmInfo);\u001b[39m\n\u001b[31m+   }\u001b[39m\n\u001b[31m+\u001b[39m\n\u001b[31m+   /**\u001b[39m\n\u001b[31m+    * Check file existence for all prerequisites\u001b[39m\n\u001b[31m+    * @private\u001b[39m\n\u001b[31m+    */\u001b[39m\n\u001b[31m+   private async checkPrerequisiteFiles(params: {\u001b[39m\n\u001b[31m+     exploreDir: string;\u001b[39m\n\u001b[31m+     decisionFile: string;\u001b[39m\n\u001b[31m+     issueIdFile: string;\u001b[39m\n\u001b[31m+     standardsFile: string;\u001b[39m\n\u001b[31m+     patternsDir: string;\u001b[39m\n\u001b[31m+     sequential: boolean;\u001b[39m\n\u001b[31m+   }) {\u001b[39m\n\u001b[31m+     if (params.sequential) {\u001b[39m\n\u001b[31m+       return {\u001b[39m\n\u001b[31m+         hasExploration: await this.fileExists(params.exploreDir),\u001b[39m\n\u001b[31m+         hasDecision: await this.fileExists(params.decisionFile),\u001b[39m\n\u001b[31m+         hasIssueId: await this.fileExists(params.issueIdFile),\u001b[39m\n\u001b[31m+         hasStandards: await this.fileExists(params.standardsFile),\u001b[39m\n\u001b[31m+         hasPatterns: await this.fileExists(params.patternsDir),\u001b[39m\n\u001b[31m+       };\u001b[39m\n\u001b[31m+     }\u001b[39m\n\u001b[31m+\u001b[39m\n\u001b[31m+     const [hasExploration, hasDecision, hasIssueId, hasStandards, hasPatterns] = await Promise.all([\u001b[39m\n\u001b[31m+       this.fileExists(params.exploreDir),\u001b[39m\n\u001b[31m+       this.fileExists(params.decisionFile),\u001b[39m\n\u001b[31m+       this.fileExists(params.issueIdFile),\u001b[39m\n\u001b[31m+       this.fileExists(params.standardsFile),\u001b[39m\n\u001b[31m+       this.fileExists(params.patternsDir),\u001b[39m\n\u001b[31m+     ]);\u001b[39m\n\u001b[31m+\u001b[39m\n\u001b[31m+     return { hasExploration, hasDecision, hasIssueId, hasStandards, hasPatterns };\u001b[39m\n\u001b[31m+   }\u001b[39m\n\u001b[31m+\u001b[39m\n\u001b[31m+   /**\u001b[39m\n\u001b[31m+    * Validate prerequisites before building\u001b[39m\n\u001b[31m+    * @private\u001b[39m\n\u001b[31m+    */\u001b[39m\n\u001b[31m+   private async validatePrerequisites(params: {\u001b[39m\n\u001b[31m+     exploreDir: string;\u001b[39m\n\u001b[31m+     decisionFile: string;\u001b[39m\n\u001b[31m+     issueIdFile: string;\u001b[39m\n\u001b[31m+     standardsFile: string;\u001b[39m\n\u001b[31m+     patternsDir: string;\u001b[39m\n\u001b[31m+     feature: string;\u001b[39m\n\u001b[31m+     skipChecks: boolean;\u001b[39m\n\u001b[31m+     sequential: boolean;\u001b[39m\n\u001b[31m+   }): Promise<{\u001b[39m\n\u001b[31m+     canProceed: boolean;\u001b[39m\n\u001b[31m+     hasIssueId: boolean;\u001b[39m\n\u001b[31m+     hasStandards: boolean;\u001b[39m\n\u001b[31m+     hasPatterns: boolean;\u001b[39m\n\u001b[31m+   }> {\u001b[39m\n\u001b[31m+     // Check file existence\u001b[39m\n\u001b[31m+     const { hasExploration, hasDecision, hasIssueId, hasStandards, hasPatterns } =\u001b[39m\n\u001b[31m+       await this.checkPrerequisiteFiles(params);\u001b[39m\n\u001b[31m+\u001b[39m\n\u001b[31m+     // Validate required prerequisites\u001b[39m\n\u001b[31m+     if (!params.skipChecks) {\u001b[39m\n\u001b[31m+       if (!hasExploration) {\u001b[39m\n\u001b[31m+         this.logger.info(chalk.yellow('  No exploration found for this feature.'));\u001b[39m\n\u001b[31m+         this.logger.info(chalk.gray('   Consider exploring first with:'));\u001b[39m\n\u001b[31m+         this.logger.info(chalk.cyan(`   hodge explore ${params.feature}\\n`));\u001b[39m\n\u001b[31m+         this.logger.info(chalk.gray('   Or use --skip-checks to proceed anyway.\\n'));\u001b[39m\n\u001b[31m+         return { canProceed: false, hasIssueId, hasStandards, hasPatterns };\u001b[39m\n\u001b[31m+       }\u001b[39m\n\u001b[31m+\u001b[39m\n\u001b[31m+       if (!hasDecision) {\u001b[39m\n\u001b[31m+         this.logger.info(chalk.yellow('  No decision recorded for this feature.'));\u001b[39m\n\u001b[31m+         this.logger.info(chalk.gray('   Review exploration and make a decision first.'));\u001b[39m\n\u001b[31m+         this.logger.info(chalk.gray('   Or use --skip-checks to proceed anyway.\\n'));\u001b[39m\n\u001b[31m+       }\u001b[39m\n\u001b[31m+     }\u001b[39m\n\u001b[31m+\u001b[39m\n\u001b[31m+     return { canProceed: true, hasIssueId, hasStandards, hasPatterns };\u001b[39m\n\u001b[31m+   }\u001b[39m\n\u001b[31m+ }\u001b[39m\n\u001b[31m+\u001b[39m\n\n  src/commands/hodge-319.1.smoke.test.ts:22:21\n     20| \n     21|     // Should check featureDir/decisions.md (correct path)\n     22|     expect(content).toContain(\"path.join(featureDir, 'decisions.md')\");\n       |                     ^\n     23| \n     24|     // Should NOT check exploreDir/decision.md (old incorrect path)\n\n[1/2]\n\n FAIL  src/commands/hodge-319.1.smoke.test.ts > HODGE-319.1 - Phase 1 Quick Wins > [smoke] should verify HODGE-319.1 scope is complete\nAssertionError: expected 'import chalk from \\'chalk\\';\\nimport ' to contain 'path.join(featureDir, \\'decisions.md\\'\n\n\u001b[32m- Expected\u001b[39m\n\u001b[31m+ Received\u001b[39m\n\n\u001b[32m- path.join(featureDir, 'decisions.md')\u001b[39m\n\u001b[31m+ import chalk from 'chalk';\u001b[39m\n\u001b[31m+ import { promises as fs } from 'fs';\u001b[39m\n\u001b[31m+ import * as path from 'path';\u001b[39m\n\u001b[31m+ import { CacheManager } from '../lib/cache-manager.js';\u001b[39m\n\u001b[31m+ import { ContextManager } from '../lib/context-manager.js';\u001b[39m\n\u001b[31m+ import { PMHooks } from '../lib/pm/pm-hooks.js';\u001b[39m\n\u001b[31m+ import { createCommandLogger } from '../lib/logger.js';\u001b[39m\n\u001b[31m+ import { ShipService } from '../lib/ship-service.js';\u001b[39m\n\u001b[31m+ import { getCurrentCommitSHA } from '../lib/git-utils.js';\u001b[39m\n\u001b[31m+\u001b[39m\n\u001b[31m+ export interface BuildOptions {\u001b[39m\n\u001b[31m+   skipChecks?: boolean;\u001b[39m\n\u001b[31m+   sequential?: boolean; // Run I/O operations sequentially for debugging\u001b[39m\n\u001b[31m+ }\u001b[39m\n\u001b[31m+\u001b[39m\n\u001b[31m+ /**\u001b[39m\n\u001b[31m+  * Build Command with parallel I/O and smart caching\u001b[39m\n\u001b[31m+  * Combines parallel I/O and smart caching for 60-70% performance improvement\u001b[39m\n\u001b[31m+  *\u001b[39m\n\u001b[31m+  * @class BuildCommand\u001b[39m\n\u001b[31m+  * @description Production-ready build command with performance optimizations\u001b[39m\n\u001b[31m+  */\u001b[39m\n\u001b[31m+ export class BuildCommand {\u001b[39m\n\u001b[31m+   private cache = CacheManager.getInstance();\u001b[39m\n\u001b[31m+   private pmHooks: PMHooks;\u001b[39m\n\u001b[31m+   private logger = createCommandLogger('build', { enableConsole: true });\u001b[39m\n\u001b[31m+   private shipService: ShipService;\u001b[39m\n\u001b[31m+   private contextManager: ContextManager;\u001b[39m\n\u001b[31m+\u001b[39m\n\u001b[31m+   constructor(basePath: string = process.cwd()) {\u001b[39m\n\u001b[31m+     this.contextManager = new ContextManager(basePath);\u001b[39m\n\u001b[31m+     this.pmHooks = new PMHooks(basePath);\u001b[39m\n\u001b[31m+     this.shipService = new ShipService(basePath);\u001b[39m\n\u001b[31m+   }\u001b[39m\n\u001b[31m+\u001b[39m\n\u001b[31m+   /**\u001b[39m\n\u001b[31m+    * Setup build paths for the feature\u001b[39m\n\u001b[31m+    */\u001b[39m\n\u001b[31m+   private setupBuildPaths(feature: string) {\u001b[39m\n\u001b[31m+     return {\u001b[39m\n\u001b[31m+       featureDir: path.join('.hodge', 'features', feature),\u001b[39m\n\u001b[31m+       buildDir: path.join('.hodge', 'features', feature, 'build'),\u001b[39m\n\u001b[31m+       exploreDir: path.join('.hodge', 'features', feature, 'explore'),\u001b[39m\n\u001b[31m+       decisionFile: path.join('.hodge', 'features', feature, 'decisions.md'),\u001b[39m\n\u001b[31m+       issueIdFile: path.join('.hodge', 'features', feature, 'issue-id.txt'),\u001b[39m\n\u001b[31m+       standardsFile: path.join('.hodge', 'standards.md'),\u001b[39m\n\u001b[31m+       patternsDir: path.join('.hodge', 'patterns'),\u001b[39m\n\u001b[31m+     };\u001b[39m\n\u001b[31m+   }\u001b[39m\n\u001b[31m+\u001b[39m\n\u001b[31m+   /**\u001b[39m\n\u001b[31m+    * Load build data in parallel with caching\u001b[39m\n\u001b[31m+    */\u001b[39m\n\u001b[31m+   private async loadBuildData(\u001b[39m\n\u001b[31m+     hasIssueId: boolean,\u001b[39m\n\u001b[31m+     hasStandards: boolean,\u001b[39m\n\u001b[31m+     hasPatterns: boolean,\u001b[39m\n\u001b[31m+     issueIdFile: string,\u001b[39m\n\u001b[31m+     standardsFile: string,\u001b[39m\n\u001b[31m+     patternsDir: string\u001b[39m\n\u001b[31m+   ): Promise<[string | null, string | null, string[], string]> {\u001b[39m\n\u001b[31m+     return await Promise.all([\u001b[39m\n\u001b[31m+       // Issue ID is feature-specific, no caching\u001b[39m\n\u001b[31m+       hasIssueId\u001b[39m\n\u001b[31m+         ? fs.readFile(issueIdFile, 'utf-8').then((s: string) => s.trim())\u001b[39m\n\u001b[31m+         : Promise.resolve(null),\u001b[39m\n\u001b[31m+\u001b[39m\n\u001b[31m+       // Cache standards (changes rarely)\u001b[39m\n\u001b[31m+       this.cache.getOrLoad(\u001b[39m\n\u001b[31m+         'build:standards',\u001b[39m\n\u001b[31m+         async () => {\u001b[39m\n\u001b[31m+           if (hasStandards) {\u001b[39m\n\u001b[31m+             const content = await fs.readFile(standardsFile, 'utf-8');\u001b[39m\n\u001b[31m+             this.logger.info(chalk.green(' Loaded project standards'));\u001b[39m\n\u001b[31m+             return content;\u001b[39m\n\u001b[31m+           }\u001b[39m\n\u001b[31m+           return null;\u001b[39m\n\u001b[31m+         },\u001b[39m\n\u001b[31m+         { ttl: 300000 } // 5 minutes cache\u001b[39m\n\u001b[31m+       ),\u001b[39m\n\u001b[31m+\u001b[39m\n\u001b[31m+       // Cache patterns list (changes occasionally)\u001b[39m\n\u001b[31m+       this.cache.getOrLoad(\u001b[39m\n\u001b[31m+         'build:patterns',\u001b[39m\n\u001b[31m+         async () => {\u001b[39m\n\u001b[31m+           if (hasPatterns) {\u001b[39m\n\u001b[31m+             const files = await fs.readdir(patternsDir);\u001b[39m\n\u001b[31m+             return files.filter((f: string) => f.endsWith('.md'));\u001b[39m\n\u001b[31m+           }\u001b[39m\n\u001b[31m+           return [];\u001b[39m\n\u001b[31m+         },\u001b[39m\n\u001b[31m+         { ttl: 60000 } // 1 minute cache\u001b[39m\n\u001b[31m+       ),\u001b[39m\n\u001b[31m+\u001b[39m\n\u001b[31m+       // Cache build plan template\u001b[39m\n\u001b[31m+       this.cache.getOrLoad(\u001b[39m\n\u001b[31m+         'build:template',\u001b[39m\n\u001b[31m+         () => Promise.resolve(this.generateBuildPlanTemplate()),\u001b[39m\n\u001b[31m+         { ttl: 600000 } // 10 minutes cache\u001b[39m\n\u001b[31m+       ),\u001b[39m\n\u001b[31m+     ]);\u001b[39m\n\u001b[31m+   }\u001b[39m\n\u001b[31m+\u001b[39m\n\u001b[31m+   /**\u001b[39m\n\u001b[31m+    * Setup build environment (directories and files)\u001b[39m\n\u001b[31m+    */\u001b[39m\n\u001b[31m+   private async setupBuildEnvironment(\u001b[39m\n\u001b[31m+     buildDir: string,\u001b[39m\n\u001b[31m+     feature: string,\u001b[39m\n\u001b[31m+     buildPlanTemplate: string,\u001b[39m\n\u001b[31m+     issueId: string | null,\u001b[39m\n\u001b[31m+     pmTool: string | undefined\u001b[39m\n\u001b[31m+   ) {\u001b[39m\n\u001b[31m+     // Create directory\u001b[39m\n\u001b[31m+     await fs.mkdir(buildDir, { recursive: true });\u001b[39m\n\u001b[31m+\u001b[39m\n\u001b[31m+     // HODGE-341.2: Record buildStartCommit\u001b[39m\n\u001b[31m+     try {\u001b[39m\n\u001b[31m+       const commitSHA = await getCurrentCommitSHA();\u001b[39m\n\u001b[31m+       await this.shipService.updateShipRecord(feature, {\u001b[39m\n\u001b[31m+         buildStartCommit: commitSHA,\u001b[39m\n\u001b[31m+       });\u001b[39m\n\u001b[31m+       this.logger.debug('Recorded buildStartCommit', { feature, commitSHA });\u001b[39m\n\u001b[31m+     } catch (error) {\u001b[39m\n\u001b[31m+       this.logger.warn('Could not record buildStartCommit (git may not be available)', {\u001b[39m\n\u001b[31m+         error: error as Error,\u001b[39m\n\u001b[31m+       });\u001b[39m\n\u001b[31m+     }\u001b[39m\n\u001b[31m+\u001b[39m\n\u001b[31m+     // Write build plan\u001b[39m\n\u001b[31m+     await fs.writeFile(\u001b[39m\n\u001b[31m+       path.join(buildDir, 'build-plan.md'),\u001b[39m\n\u001b[31m+       this.populateBuildPlan(buildPlanTemplate, feature, issueId, pmTool ?? null)\u001b[39m\n\u001b[31m+     );\u001b[39m\n\u001b[31m+   }\u001b[39m\n\u001b[31m+\u001b[39m\n\u001b[31m+   /**\u001b[39m\n\u001b[31m+    * Display build results and guidelines\u001b[39m\n\u001b[31m+    */\u001b[39m\n\u001b[31m+   private displayBuildResults(\u001b[39m\n\u001b[31m+     buildDir: string,\u001b[39m\n\u001b[31m+     feature: string,\u001b[39m\n\u001b[31m+     patterns: string[],\u001b[39m\n\u001b[31m+     startTime: number\u001b[39m\n\u001b[31m+   ) {\u001b[39m\n\u001b[31m+     this.logger.info(chalk.green(' Build environment prepared\\n'));\u001b[39m\n\u001b[31m+\u001b[39m\n\u001b[31m+     this.logger.info(chalk.bold('In Build Mode:'));\u001b[39m\n\u001b[31m+     this.logger.info('   Standards are ' + chalk.blue('recommended'));\u001b[39m\n\u001b[31m+     this.logger.info('   Patterns should be ' + chalk.blue('reused'));\u001b[39m\n\u001b[31m+     this.logger.info('   Focus on ' + chalk.blue('structured implementation'));\u001b[39m\n\u001b[31m+     this.logger.info('   Balance ' + chalk.blue('quality and speed') + '\\n');\u001b[39m\n\u001b[31m+\u001b[39m\n\u001b[31m+     if (patterns.length > 0) {\u001b[39m\n\u001b[31m+       this.logger.info(chalk.bold('Available patterns:'));\u001b[39m\n\u001b[31m+       patterns.forEach((p: string) => {\u001b[39m\n\u001b[31m+         this.logger.info(chalk.gray(`   ${p.replace('.md', '')}`));\u001b[39m\n\u001b[31m+       });\u001b[39m\n\u001b[31m+       this.logger.info('');\u001b[39m\n\u001b[31m+     }\u001b[39m\n\u001b[31m+\u001b[39m\n\u001b[31m+     this.logger.info(chalk.bold('Files created:'));\u001b[39m\n\u001b[31m+     this.logger.info(chalk.gray(`   ${path.join(buildDir, 'build-plan.md')}`));\u001b[39m\n\u001b[31m+\u001b[39m\n\u001b[31m+     this.logger.info('\\n' + chalk.bold('Build guidelines:'));\u001b[39m\n\u001b[31m+     this.logger.info('   ' + chalk.green('SHOULD') + ' follow coding standards');\u001b[39m\n\u001b[31m+     this.logger.info('   ' + chalk.green('SHOULD') + ' use established patterns');\u001b[39m\n\u001b[31m+     this.logger.info('   ' + chalk.green('SHOULD') + ' include error handling');\u001b[39m\n\u001b[31m+     this.logger.info('   ' + chalk.yellow('CONSIDER') + ' adding tests\\n');\u001b[39m\n\u001b[31m+\u001b[39m\n\u001b[31m+     this.logger.info(chalk.bold('Next steps:'));\u001b[39m\n\u001b[31m+     this.logger.info('  1. Implement the feature');\u001b[39m\n\u001b[31m+     this.logger.info('  2. Update ' + chalk.yellow(`${path.join(buildDir, 'build-plan.md')}`));\u001b[39m\n\u001b[31m+     this.logger.info('  3. Run ' + chalk.cyan('`npm test`') + ' to verify');\u001b[39m\n\u001b[31m+     this.logger.info(\u001b[39m\n\u001b[31m+       '  4. Use ' + chalk.cyan(`\\`/harden ${feature}\\``) + ' for production readiness\\n'\u001b[39m\n\u001b[31m+     );\u001b[39m\n\u001b[31m+\u001b[39m\n\u001b[31m+     this.logger.info(chalk.dim('Build context saved to: ' + buildDir));\u001b[39m\n\u001b[31m+\u001b[39m\n\u001b[31m+     // Performance metrics (only in development)\u001b[39m\n\u001b[31m+     if (process.env.NODE_ENV === 'development' || process.env.HODGE_DEBUG) {\u001b[39m\n\u001b[31m+       const elapsed = Date.now() - startTime;\u001b[39m\n\u001b[31m+       this.logger.info(\u001b[39m\n\u001b[31m+         chalk.dim(\u001b[39m\n\u001b[31m+           `\\nPerformance: ${elapsed}ms (cache hit rate: ${this.cache.getStats().hitRate.toFixed(1)}%)`\u001b[39m\n\u001b[31m+         )\u001b[39m\n\u001b[31m+       );\u001b[39m\n\u001b[31m+     }\u001b[39m\n\u001b[31m+   }\u001b[39m\n\u001b[31m+\u001b[39m\n\u001b[31m+   /**\u001b[39m\n\u001b[31m+    * Handle build command errors\u001b[39m\n\u001b[31m+    */\u001b[39m\n\u001b[31m+   private handleBuildError(error: unknown): never {\u001b[39m\n\u001b[31m+     const errorMessage = error instanceof Error ? error.message : 'Unknown error occurred';\u001b[39m\n\u001b[31m+     this.logger.error(chalk.red(`\\n Build command failed: ${errorMessage}`), {\u001b[39m\n\u001b[31m+       error: error as Error,\u001b[39m\n\u001b[31m+     });\u001b[39m\n\u001b[31m+\u001b[39m\n\u001b[31m+     if (process.env.HODGE_DEBUG) {\u001b[39m\n\u001b[31m+       this.logger.error(chalk.dim('Stack trace:'));\u001b[39m\n\u001b[31m+       this.logger.error(error as Error);\u001b[39m\n\u001b[31m+     }\u001b[39m\n\u001b[31m+\u001b[39m\n\u001b[31m+     throw error;\u001b[39m\n\u001b[31m+   }\u001b[39m\n\u001b[31m+\u001b[39m\n\u001b[31m+   /**\u001b[39m\n\u001b[31m+    * Execute the build command for a feature\u001b[39m\n\u001b[31m+    * @param {string} feature - The feature name to build (optional, uses context if not provided)\u001b[39m\n\u001b[31m+    * @param {BuildOptions} options - Build options including skipChecks flag\u001b[39m\n\u001b[31m+    * @returns {Promise<void>}\u001b[39m\n\u001b[31m+    * @throws {Error} If critical file operations fail\u001b[39m\n\u001b[31m+    */\u001b[39m\n\u001b[31m+   async execute(feature?: string, options: BuildOptions = {}): Promise<void> {\u001b[39m\n\u001b[31m+     const startTime = Date.now();\u001b[39m\n\u001b[31m+\u001b[39m\n\u001b[31m+     // Get feature from argument or context\u001b[39m\n\u001b[31m+     const resolvedFeature = await this.contextManager.getFeature(feature);\u001b[39m\n\u001b[31m+     if (!resolvedFeature) {\u001b[39m\n\u001b[31m+       throw new Error(\u001b[39m\n\u001b[31m+         'No feature specified. Please provide a feature name or run \"hodge explore <feature>\" first to set context.'\u001b[39m\n\u001b[31m+       );\u001b[39m\n\u001b[31m+     }\u001b[39m\n\u001b[31m+     feature = resolvedFeature;\u001b[39m\n\u001b[31m+     await this.contextManager.updateForCommand('build', feature, 'build');\u001b[39m\n\u001b[31m+\u001b[39m\n\u001b[31m+     try {\u001b[39m\n\u001b[31m+       this.logger.info(chalk.blue(' Entering Build Mode'));\u001b[39m\n\u001b[31m+       this.logger.info(chalk.gray(`Feature: ${feature}\\n`));\u001b[39m\n\u001b[31m+       this.displayAIContext(feature);\u001b[39m\n\u001b[31m+\u001b[39m\n\u001b[31m+       const paths = this.setupBuildPaths(feature);\u001b[39m\n\u001b[31m+\u001b[39m\n\u001b[31m+       // Validate prerequisites\u001b[39m\n\u001b[31m+       const validation = await this.validatePrerequisites({\u001b[39m\n\u001b[31m+         ...paths,\u001b[39m\n\u001b[31m+         feature,\u001b[39m\n\u001b[31m+         skipChecks: options.skipChecks ?? false,\u001b[39m\n\u001b[31m+         sequential: options.sequential ?? false,\u001b[39m\n\u001b[31m+       });\u001b[39m\n\u001b[31m+\u001b[39m\n\u001b[31m+       if (!validation.canProceed) {\u001b[39m\n\u001b[31m+         return;\u001b[39m\n\u001b[31m+       }\u001b[39m\n\u001b[31m+\u001b[39m\n\u001b[31m+       const { hasIssueId, hasStandards, hasPatterns } = validation;\u001b[39m\n\u001b[31m+\u001b[39m\n\u001b[31m+       // Load data in parallel\u001b[39m\n\u001b[31m+       const [issueId, , patterns, buildPlanTemplate] = await this.loadBuildData(\u001b[39m\n\u001b[31m+         hasIssueId,\u001b[39m\n\u001b[31m+         hasStandards,\u001b[39m\n\u001b[31m+         hasPatterns,\u001b[39m\n\u001b[31m+         paths.issueIdFile,\u001b[39m\n\u001b[31m+         paths.standardsFile,\u001b[39m\n\u001b[31m+         paths.patternsDir\u001b[39m\n\u001b[31m+       );\u001b[39m\n\u001b[31m+\u001b[39m\n\u001b[31m+       // Update PM tracking\u001b[39m\n\u001b[31m+       await this.pmHooks.onBuild(feature);\u001b[39m\n\u001b[31m+\u001b[39m\n\u001b[31m+       // Display PM integration\u001b[39m\n\u001b[31m+       const pmTool = process.env.HODGE_PM_TOOL;\u001b[39m\n\u001b[31m+       if (pmTool && issueId) {\u001b[39m\n\u001b[31m+         this.logger.info(chalk.blue(` Linked to ${pmTool} issue: ${issueId}`));\u001b[39m\n\u001b[31m+       }\u001b[39m\n\u001b[31m+\u001b[39m\n\u001b[31m+       // Setup build environment\u001b[39m\n\u001b[31m+       await this.setupBuildEnvironment(paths.buildDir, feature, buildPlanTemplate, issueId, pmTool);\u001b[39m\n\u001b[31m+\u001b[39m\n\u001b[31m+       // Display results\u001b[39m\n\u001b[31m+       this.displayBuildResults(paths.buildDir, feature, patterns, startTime);\u001b[39m\n\u001b[31m+     } catch (error) {\u001b[39m\n\u001b[31m+       this.handleBuildError(error);\u001b[39m\n\u001b[31m+     }\u001b[39m\n\u001b[31m+   }\u001b[39m\n\u001b[31m+\u001b[39m\n\u001b[31m+   /**\u001b[39m\n\u001b[31m+    * Display AI context information for build mode\u001b[39m\n\u001b[31m+    * @param {string} feature - The feature being built\u001b[39m\n\u001b[31m+    * @private\u001b[39m\n\u001b[31m+    */\u001b[39m\n\u001b[31m+   private displayAIContext(feature: string): void {\u001b[39m\n\u001b[31m+     this.logger.info(chalk.bold(''.repeat(60)));\u001b[39m\n\u001b[31m+     this.logger.info(chalk.blue.bold('AI CONTEXT UPDATE:'));\u001b[39m\n\u001b[31m+     this.logger.info(chalk.bold(''.repeat(60)));\u001b[39m\n\u001b[31m+     this.logger.info(`You are now in ${chalk.blue.bold('BUILD MODE')} for: ${feature}`);\u001b[39m\n\u001b[31m+     this.logger.info('\\nRequirements for AI assistance:');\u001b[39m\n\u001b[31m+     this.logger.info(' Standards SHOULD be followed (recommended)');\u001b[39m\n\u001b[31m+     this.logger.info(' Use established patterns where applicable');\u001b[39m\n\u001b[31m+     this.logger.info(' Include basic error handling');\u001b[39m\n\u001b[31m+     this.logger.info(' Balance quality with development speed');\u001b[39m\n\u001b[31m+     this.logger.info(' Add helpful comments for complex logic');\u001b[39m\n\u001b[31m+     this.logger.info(chalk.bold(''.repeat(60)) + '\\n');\u001b[39m\n\u001b[31m+   }\u001b[39m\n\u001b[31m+\u001b[39m\n\u001b[31m+   /**\u001b[39m\n\u001b[31m+    * Check if a file or directory exists\u001b[39m\n\u001b[31m+    * @param {string} filePath - Path to check\u001b[39m\n\u001b[31m+    * @returns {Promise<boolean>} True if exists, false otherwise\u001b[39m\n\u001b[31m+    * @private\u001b[39m\n\u001b[31m+    */\u001b[39m\n\u001b[31m+   private async fileExists(filePath: string): Promise<boolean> {\u001b[39m\n\u001b[31m+     try {\u001b[39m\n\u001b[31m+       await fs.access(filePath);\u001b[39m\n\u001b[31m+       return true;\u001b[39m\n\u001b[31m+     } catch {\u001b[39m\n\u001b[31m+       return false;\u001b[39m\n\u001b[31m+     }\u001b[39m\n\u001b[31m+   }\u001b[39m\n\u001b[31m+\u001b[39m\n\u001b[31m+   /**\u001b[39m\n\u001b[31m+    * Generate the build plan template\u001b[39m\n\u001b[31m+    * @returns {string} The build plan template with placeholders\u001b[39m\n\u001b[31m+    * @private\u001b[39m\n\u001b[31m+    */\u001b[39m\n\u001b[31m+   private generateBuildPlanTemplate(): string {\u001b[39m\n\u001b[31m+     // Template is now cached and reused\u001b[39m\n\u001b[31m+     return `# Build Plan: \\${feature}\u001b[39m\n\u001b[31m+\u001b[39m\n\u001b[31m+ ## Feature Overview\u001b[39m\n\u001b[31m+ \\${pmInfo}\u001b[39m\n\u001b[31m+ **Status**: In Progress\u001b[39m\n\u001b[31m+\u001b[39m\n\u001b[31m+ ## Implementation Checklist\u001b[39m\n\u001b[31m+\u001b[39m\n\u001b[31m+ ### Core Implementation\u001b[39m\n\u001b[31m+ - [ ] Create main component/module\u001b[39m\n\u001b[31m+ - [ ] Implement core logic\u001b[39m\n\u001b[31m+ - [ ] Add error handling\u001b[39m\n\u001b[31m+ - [ ] Include inline documentation\u001b[39m\n\u001b[31m+\u001b[39m\n\u001b[31m+ ### Integration\u001b[39m\n\u001b[31m+ - [ ] Connect with existing modules\u001b[39m\n\u001b[31m+ - [ ] Update CLI/API endpoints\u001b[39m\n\u001b[31m+ - [ ] Configure dependencies\u001b[39m\n\u001b[31m+\u001b[39m\n\u001b[31m+ ### Quality Checks\u001b[39m\n\u001b[31m+ - [ ] Follow coding standards\u001b[39m\n\u001b[31m+ - [ ] Use established patterns\u001b[39m\n\u001b[31m+ - [ ] Add basic validation\u001b[39m\n\u001b[31m+ - [ ] Consider edge cases\u001b[39m\n\u001b[31m+\u001b[39m\n\u001b[31m+ ## Files Modified\u001b[39m\n\u001b[31m+ <!-- Track files as you modify them -->\u001b[39m\n\u001b[31m+ - \\`path/to/file1.ts\\` - Description\u001b[39m\n\u001b[31m+ - \\`path/to/file2.ts\\` - Description\u001b[39m\n\u001b[31m+\u001b[39m\n\u001b[31m+ ## Decisions Made\u001b[39m\n\u001b[31m+ <!-- Document any implementation decisions -->\u001b[39m\n\u001b[31m+ - Decision 1: Reasoning\u001b[39m\n\u001b[31m+ - Decision 2: Reasoning\u001b[39m\n\u001b[31m+\u001b[39m\n\u001b[31m+ ## Testing Notes\u001b[39m\n\u001b[31m+ <!-- Notes for testing approach -->\u001b[39m\n\u001b[31m+ - Test scenario 1\u001b[39m\n\u001b[31m+ - Test scenario 2\u001b[39m\n\u001b[31m+\u001b[39m\n\u001b[31m+ ## Next Steps\u001b[39m\n\u001b[31m+ After implementation:\u001b[39m\n\u001b[31m+ 1. Run tests with \\`npm test\\`\u001b[39m\n\u001b[31m+ 2. Check linting with \\`npm run lint\\`\u001b[39m\n\u001b[31m+ 3. Review changes\u001b[39m\n\u001b[31m+ 4. Proceed to \\`/harden \\${feature}\\` for production readiness\u001b[39m\n\u001b[31m+ `;\u001b[39m\n\u001b[31m+   }\u001b[39m\n\u001b[31m+\u001b[39m\n\u001b[31m+   /**\u001b[39m\n\u001b[31m+    * Populate the build plan template with actual values\u001b[39m\n\u001b[31m+    * @param {string} template - The template string\u001b[39m\n\u001b[31m+    * @param {string} feature - The feature name\u001b[39m\n\u001b[31m+    * @param {string | null} issueId - PM issue ID if available\u001b[39m\n\u001b[31m+    * @param {string | null} pmTool - PM tool name if configured\u001b[39m\n\u001b[31m+    * @returns {string} The populated build plan\u001b[39m\n\u001b[31m+    * @private\u001b[39m\n\u001b[31m+    */\u001b[39m\n\u001b[31m+   private populateBuildPlan(\u001b[39m\n\u001b[31m+     template: string,\u001b[39m\n\u001b[31m+     feature: string,\u001b[39m\n\u001b[31m+     issueId: string | null,\u001b[39m\n\u001b[31m+     pmTool: string | null\u001b[39m\n\u001b[31m+   ): string {\u001b[39m\n\u001b[31m+     if (!template) {\u001b[39m\n\u001b[31m+       return '';\u001b[39m\n\u001b[31m+     }\u001b[39m\n\u001b[31m+\u001b[39m\n\u001b[31m+     const pmInfo =\u001b[39m\n\u001b[31m+       issueId && pmTool ? `**PM Issue**: ${issueId} (${pmTool})` : 'No PM issue linked';\u001b[39m\n\u001b[31m+\u001b[39m\n\u001b[31m+     return template.replace(/\\${feature}/g, feature).replace('${pmInfo}', pmInfo);\u001b[39m\n\u001b[31m+   }\u001b[39m\n\u001b[31m+\u001b[39m\n\u001b[31m+   /**\u001b[39m\n\u001b[31m+    * Check file existence for all prerequisites\u001b[39m\n\u001b[31m+    * @private\u001b[39m\n\u001b[31m+    */\u001b[39m\n\u001b[31m+   private async checkPrerequisiteFiles(params: {\u001b[39m\n\u001b[31m+     exploreDir: string;\u001b[39m\n\u001b[31m+     decisionFile: string;\u001b[39m\n\u001b[31m+     issueIdFile: string;\u001b[39m\n\u001b[31m+     standardsFile: string;\u001b[39m\n\u001b[31m+     patternsDir: string;\u001b[39m\n\u001b[31m+     sequential: boolean;\u001b[39m\n\u001b[31m+   }) {\u001b[39m\n\u001b[31m+     if (params.sequential) {\u001b[39m\n\u001b[31m+       return {\u001b[39m\n\u001b[31m+         hasExploration: await this.fileExists(params.exploreDir),\u001b[39m\n\u001b[31m+         hasDecision: await this.fileExists(params.decisionFile),\u001b[39m\n\u001b[31m+         hasIssueId: await this.fileExists(params.issueIdFile),\u001b[39m\n\u001b[31m+         hasStandards: await this.fileExists(params.standardsFile),\u001b[39m\n\u001b[31m+         hasPatterns: await this.fileExists(params.patternsDir),\u001b[39m\n\u001b[31m+       };\u001b[39m\n\u001b[31m+     }\u001b[39m\n\u001b[31m+\u001b[39m\n\u001b[31m+     const [hasExploration, hasDecision, hasIssueId, hasStandards, hasPatterns] = await Promise.all([\u001b[39m\n\u001b[31m+       this.fileExists(params.exploreDir),\u001b[39m\n\u001b[31m+       this.fileExists(params.decisionFile),\u001b[39m\n\u001b[31m+       this.fileExists(params.issueIdFile),\u001b[39m\n\u001b[31m+       this.fileExists(params.standardsFile),\u001b[39m\n\u001b[31m+       this.fileExists(params.patternsDir),\u001b[39m\n\u001b[31m+     ]);\u001b[39m\n\u001b[31m+\u001b[39m\n\u001b[31m+     return { hasExploration, hasDecision, hasIssueId, hasStandards, hasPatterns };\u001b[39m\n\u001b[31m+   }\u001b[39m\n\u001b[31m+\u001b[39m\n\u001b[31m+   /**\u001b[39m\n\u001b[31m+    * Validate prerequisites before building\u001b[39m\n\u001b[31m+    * @private\u001b[39m\n\u001b[31m+    */\u001b[39m\n\u001b[31m+   private async validatePrerequisites(params: {\u001b[39m\n\u001b[31m+     exploreDir: string;\u001b[39m\n\u001b[31m+     decisionFile: string;\u001b[39m\n\u001b[31m+     issueIdFile: string;\u001b[39m\n\u001b[31m+     standardsFile: string;\u001b[39m\n\u001b[31m+     patternsDir: string;\u001b[39m\n\u001b[31m+     feature: string;\u001b[39m\n\u001b[31m+     skipChecks: boolean;\u001b[39m\n\u001b[31m+     sequential: boolean;\u001b[39m\n\u001b[31m+   }): Promise<{\u001b[39m\n\u001b[31m+     canProceed: boolean;\u001b[39m\n\u001b[31m+     hasIssueId: boolean;\u001b[39m\n\u001b[31m+     hasStandards: boolean;\u001b[39m\n\u001b[31m+     hasPatterns: boolean;\u001b[39m\n\u001b[31m+   }> {\u001b[39m\n\u001b[31m+     // Check file existence\u001b[39m\n\u001b[31m+     const { hasExploration, hasDecision, hasIssueId, hasStandards, hasPatterns } =\u001b[39m\n\u001b[31m+       await this.checkPrerequisiteFiles(params);\u001b[39m\n\u001b[31m+\u001b[39m\n\u001b[31m+     // Validate required prerequisites\u001b[39m\n\u001b[31m+     if (!params.skipChecks) {\u001b[39m\n\u001b[31m+       if (!hasExploration) {\u001b[39m\n\u001b[31m+         this.logger.info(chalk.yellow('  No exploration found for this feature.'));\u001b[39m\n\u001b[31m+         this.logger.info(chalk.gray('   Consider exploring first with:'));\u001b[39m\n\u001b[31m+         this.logger.info(chalk.cyan(`   hodge explore ${params.feature}\\n`));\u001b[39m\n\u001b[31m+         this.logger.info(chalk.gray('   Or use --skip-checks to proceed anyway.\\n'));\u001b[39m\n\u001b[31m+         return { canProceed: false, hasIssueId, hasStandards, hasPatterns };\u001b[39m\n\u001b[31m+       }\u001b[39m\n\u001b[31m+\u001b[39m\n\u001b[31m+       if (!hasDecision) {\u001b[39m\n\u001b[31m+         this.logger.info(chalk.yellow('  No decision recorded for this feature.'));\u001b[39m\n\u001b[31m+         this.logger.info(chalk.gray('   Review exploration and make a decision first.'));\u001b[39m\n\u001b[31m+         this.logger.info(chalk.gray('   Or use --skip-checks to proceed anyway.\\n'));\u001b[39m\n\u001b[31m+       }\u001b[39m\n\u001b[31m+     }\u001b[39m\n\u001b[31m+\u001b[39m\n\u001b[31m+     return { canProceed: true, hasIssueId, hasStandards, hasPatterns };\u001b[39m\n\u001b[31m+   }\u001b[39m\n\u001b[31m+ }\u001b[39m\n\u001b[31m+\u001b[39m\n\n  src/commands/hodge-319.1.smoke.test.ts:143:26\n    141| \n    142|     // Scope item 1: Fix build.ts:81 path check \n    143|     expect(buildContent).toContain(\"path.join(featureDir, 'decisions.m\n       |                          ^\n    144| \n    145|     // Scope item 2: Remove HODGE.md creation from all commands \n\n[2/2]\n\n"
  },
  {
    "type": "formatting",
    "tool": "prettier",
    "exitCode": 0,
    "errorCount": 0,
    "warningCount": 0,
    "errors": [],
    "warnings": [],
    "stdout": "Checking formatting...\nAll matched files use Prettier code style!\n",
    "stderr": ""
  },
  {
    "type": "complexity",
    "tool": "none",
    "skipped": true,
    "reason": "No tools configured for this check type"
  },
  {
    "type": "code_smells",
    "tool": "none",
    "skipped": true,
    "reason": "No tools configured for this check type"
  },
  {
    "type": "duplication",
    "tool": "jscpd",
    "exitCode": 0,
    "errorCount": 0,
    "warningCount": 0,
    "errors": [],
    "warnings": [],
    "stdout": "\u001b[90m\u001b[39m\u001b[90m\u001b[39m\u001b[90m\u001b[39m\u001b[90m\u001b[39m\u001b[90m\u001b[39m\u001b[90m\u001b[39m\u001b[90m\u001b[39m\n\u001b[90m\u001b[39m\u001b[31m Format     \u001b[39m\u001b[90m\u001b[39m\u001b[31m Files analyzed \u001b[39m\u001b[90m\u001b[39m\u001b[31m Total lines \u001b[39m\u001b[90m\u001b[39m\u001b[31m Total tokens \u001b[39m\u001b[90m\u001b[39m\u001b[31m Clones found \u001b[39m\u001b[90m\u001b[39m\u001b[31m Duplicated lines \u001b[39m\u001b[90m\u001b[39m\u001b[31m Duplicated tokens \u001b[39m\u001b[90m\u001b[39m\n\u001b[90m\u001b[39m\u001b[90m\u001b[39m\u001b[90m\u001b[39m\u001b[90m\u001b[39m\u001b[90m\u001b[39m\u001b[90m\u001b[39m\u001b[90m\u001b[39m\n\u001b[90m\u001b[39m typescript \u001b[90m\u001b[39m 6              \u001b[90m\u001b[39m 1794        \u001b[90m\u001b[39m 14743        \u001b[90m\u001b[39m 0            \u001b[90m\u001b[39m 0 (0%)           \u001b[90m\u001b[39m 0 (0%)            \u001b[90m\u001b[39m\n\u001b[90m\u001b[39m\u001b[90m\u001b[39m\u001b[90m\u001b[39m\u001b[90m\u001b[39m\u001b[90m\u001b[39m\u001b[90m\u001b[39m\u001b[90m\u001b[39m\n\u001b[90m\u001b[39m \u001b[1mTotal:\u001b[22m     \u001b[90m\u001b[39m 6              \u001b[90m\u001b[39m 1794        \u001b[90m\u001b[39m 14743        \u001b[90m\u001b[39m 0            \u001b[90m\u001b[39m 0 (0%)           \u001b[90m\u001b[39m 0 (0%)            \u001b[90m\u001b[39m\n\u001b[90m\u001b[39m\u001b[90m\u001b[39m\u001b[90m\u001b[39m\u001b[90m\u001b[39m\u001b[90m\u001b[39m\u001b[90m\u001b[39m\u001b[90m\u001b[39m\n\u001b[90mFound 0 clones.\u001b[39m\n\u001b[3m\u001b[90mDetection time:\u001b[39m\u001b[23m: 802.582ms\n",
    "stderr": ""
  },
  {
    "type": "architecture",
    "tool": "dependency-cruiser",
    "exitCode": 0,
    "errorCount": 0,
    "warningCount": 2,
    "errors": [],
    "warnings": [
      "\n  warn no-orphans: ",
      "  warn no-circular: "
    ],
    "stdout": "\n  warn no-orphans: src/lib/claude-commands.ts\n  warn no-circular: src/commands/harden.ts  \n      src/commands/harden/harden-validator.ts \n      src/commands/harden.ts\n\nx 2 dependency violations (0 errors, 2 warnings). 70 modules, 271 dependencies cruised.\n\n",
    "stderr": ""
  },
  {
    "type": "security",
    "tool": "semgrep",
    "exitCode": 0,
    "errorCount": 0,
    "warningCount": 0,
    "errors": [],
    "warnings": [],
    "stdout": "",
    "stderr": ""
  }
]